ARM GAS  C:\Users\lab512\AppData\Local\Temp\cctxkX6M.s 			page 1


   1              		.syntax unified
   2              		.cpu cortex-m3
   3              		.fpu softvfp
   4              		.eabi_attribute 20, 1
   5              		.eabi_attribute 21, 1
   6              		.eabi_attribute 23, 3
   7              		.eabi_attribute 24, 1
   8              		.eabi_attribute 25, 1
   9              		.eabi_attribute 26, 1
  10              		.eabi_attribute 30, 1
  11              		.eabi_attribute 34, 1
  12              		.eabi_attribute 18, 4
  13              		.thumb
  14              		.syntax unified
  15              		.file	"cymetadata.c"
  16              		.text
  17              	.Ltext0:
  18              		.cfi_sections	.debug_frame
  19              		.global	cy_metadata
  20              		.global	cy_meta_flashprotect
  21              		.global	cy_meta_wonvl
  22              		.global	cy_meta_custnvl
  23              		.global	cy_meta_configecc
  24              		.section	.cyconfigecc,"a",%progbits
  25              		.align	2
  26              		.type	cy_meta_configecc, %object
  27              		.size	cy_meta_configecc, 1308
  28              	cy_meta_configecc:
  29 0000 01       		.byte	1
  30 0001 45       		.byte	69
  31 0002 00       		.byte	0
  32 0003 40       		.byte	64
  33 0004 02       		.byte	2
  34 0005 52       		.byte	82
  35 0006 00       		.byte	0
  36 0007 40       		.byte	64
  37 0008 03       		.byte	3
  38 0009 64       		.byte	100
  39 000a 00       		.byte	0
  40 000b 40       		.byte	64
  41 000c 01       		.byte	1
  42 000d 65       		.byte	101
  43 000e 00       		.byte	0
  44 000f 40       		.byte	64
  45 0010 01       		.byte	1
  46 0011 01       		.byte	1
  47 0012 01       		.byte	1
  48 0013 40       		.byte	64
  49 0014 02       		.byte	2
  50 0015 03       		.byte	3
  51 0016 01       		.byte	1
  52 0017 40       		.byte	64
  53 0018 61       		.byte	97
  54 0019 04       		.byte	4
  55 001a 01       		.byte	1
  56 001b 40       		.byte	64
  57 001c 35       		.byte	53
ARM GAS  C:\Users\lab512\AppData\Local\Temp\cctxkX6M.s 			page 2


  58 001d 05       		.byte	5
  59 001e 01       		.byte	1
  60 001f 40       		.byte	64
  61 0020 45       		.byte	69
  62 0021 06       		.byte	6
  63 0022 01       		.byte	1
  64 0023 40       		.byte	64
  65 0024 39       		.byte	57
  66 0025 07       		.byte	7
  67 0026 01       		.byte	1
  68 0027 40       		.byte	64
  69 0028 01       		.byte	1
  70 0029 0D       		.byte	13
  71 002a 01       		.byte	1
  72 002b 40       		.byte	64
  73 002c 01       		.byte	1
  74 002d 0F       		.byte	15
  75 002e 01       		.byte	1
  76 002f 40       		.byte	64
  77 0030 37       		.byte	55
  78 0031 14       		.byte	20
  79 0032 01       		.byte	1
  80 0033 40       		.byte	64
  81 0034 20       		.byte	32
  82 0035 15       		.byte	21
  83 0036 01       		.byte	1
  84 0037 40       		.byte	64
  85 0038 56       		.byte	86
  86 0039 16       		.byte	22
  87 003a 01       		.byte	1
  88 003b 40       		.byte	64
  89 003c 36       		.byte	54
  90 003d 17       		.byte	23
  91 003e 01       		.byte	1
  92 003f 40       		.byte	64
  93 0040 01       		.byte	1
  94 0041 19       		.byte	25
  95 0042 01       		.byte	1
  96 0043 40       		.byte	64
  97 0044 07       		.byte	7
  98 0045 40       		.byte	64
  99 0046 01       		.byte	1
 100 0047 40       		.byte	64
 101 0048 0B       		.byte	11
 102 0049 41       		.byte	65
 103 004a 01       		.byte	1
 104 004b 40       		.byte	64
 105 004c 05       		.byte	5
 106 004d 42       		.byte	66
 107 004e 01       		.byte	1
 108 004f 40       		.byte	64
 109 0050 02       		.byte	2
 110 0051 43       		.byte	67
 111 0052 01       		.byte	1
 112 0053 40       		.byte	64
 113 0054 01       		.byte	1
 114 0055 44       		.byte	68
ARM GAS  C:\Users\lab512\AppData\Local\Temp\cctxkX6M.s 			page 3


 115 0056 01       		.byte	1
 116 0057 40       		.byte	64
 117 0058 02       		.byte	2
 118 0059 45       		.byte	69
 119 005a 01       		.byte	1
 120 005b 40       		.byte	64
 121 005c 02       		.byte	2
 122 005d 46       		.byte	70
 123 005e 01       		.byte	1
 124 005f 40       		.byte	64
 125 0060 06       		.byte	6
 126 0061 47       		.byte	71
 127 0062 01       		.byte	1
 128 0063 40       		.byte	64
 129 0064 03       		.byte	3
 130 0065 48       		.byte	72
 131 0066 01       		.byte	1
 132 0067 40       		.byte	64
 133 0068 03       		.byte	3
 134 0069 49       		.byte	73
 135 006a 01       		.byte	1
 136 006b 40       		.byte	64
 137 006c 01       		.byte	1
 138 006d 4C       		.byte	76
 139 006e 01       		.byte	1
 140 006f 40       		.byte	64
 141 0070 06       		.byte	6
 142 0071 50       		.byte	80
 143 0072 01       		.byte	1
 144 0073 40       		.byte	64
 145 0074 01       		.byte	1
 146 0075 51       		.byte	81
 147 0076 01       		.byte	1
 148 0077 40       		.byte	64
 149 0078 7E       		.byte	126
 150 0079 02       		.byte	2
 151 007a 01       		.byte	1
 152 007b 02       		.byte	2
 153 007c 7C       		.byte	124
 154 007d 40       		.byte	64
 155 007e 85       		.byte	-123
 156 007f 0F       		.byte	15
 157 0080 86       		.byte	-122
 158 0081 72       		.byte	114
 159 0082 87       		.byte	-121
 160 0083 38       		.byte	56
 161 0084 84       		.byte	-124
 162 0085 0D       		.byte	13
 163 0086 E2       		.byte	-30
 164 0087 04       		.byte	4
 165 0088 82       		.byte	-126
 166 0089 40       		.byte	64
 167 008a E6       		.byte	-26
 168 008b 02       		.byte	2
 169 008c 00       		.byte	0
 170 008d 10       		.byte	16
 171 008e 02       		.byte	2
ARM GAS  C:\Users\lab512\AppData\Local\Temp\cctxkX6M.s 			page 4


 172 008f AC       		.byte	-84
 173 0090 05       		.byte	5
 174 0091 80       		.byte	-128
 175 0092 06       		.byte	6
 176 0093 03       		.byte	3
 177 0094 07       		.byte	7
 178 0095 13       		.byte	19
 179 0096 0C       		.byte	12
 180 0097 0C       		.byte	12
 181 0098 0E       		.byte	14
 182 0099 71       		.byte	113
 183 009a 14       		.byte	20
 184 009b 09       		.byte	9
 185 009c 16       		.byte	22
 186 009d D0       		.byte	-48
 187 009e 17       		.byte	23
 188 009f 0C       		.byte	12
 189 00a0 18       		.byte	24
 190 00a1 DC       		.byte	-36
 191 00a2 19       		.byte	25
 192 00a3 2C       		.byte	44
 193 00a4 1A       		.byte	26
 194 00a5 22       		.byte	34
 195 00a6 1B       		.byte	27
 196 00a7 43       		.byte	67
 197 00a8 1F       		.byte	31
 198 00a9 08       		.byte	8
 199 00aa 20       		.byte	32
 200 00ab 10       		.byte	16
 201 00ac 21       		.byte	33
 202 00ad 71       		.byte	113
 203 00ae 22       		.byte	34
 204 00af 40       		.byte	64
 205 00b0 23       		.byte	35
 206 00b1 0E       		.byte	14
 207 00b2 24       		.byte	36
 208 00b3 14       		.byte	20
 209 00b4 2A       		.byte	42
 210 00b5 20       		.byte	32
 211 00b6 2D       		.byte	45
 212 00b7 71       		.byte	113
 213 00b8 2F       		.byte	47
 214 00b9 06       		.byte	6
 215 00ba 30       		.byte	48
 216 00bb E0       		.byte	-32
 217 00bc 31       		.byte	49
 218 00bd 30       		.byte	48
 219 00be 33       		.byte	51
 220 00bf C0       		.byte	-64
 221 00c0 34       		.byte	52
 222 00c1 1F       		.byte	31
 223 00c2 35       		.byte	53
 224 00c3 0F       		.byte	15
 225 00c4 39       		.byte	57
 226 00c5 0A       		.byte	10
 227 00c6 3A       		.byte	58
 228 00c7 02       		.byte	2
ARM GAS  C:\Users\lab512\AppData\Local\Temp\cctxkX6M.s 			page 5


 229 00c8 3B       		.byte	59
 230 00c9 20       		.byte	32
 231 00ca 3F       		.byte	63
 232 00cb 01       		.byte	1
 233 00cc 40       		.byte	64
 234 00cd 04       		.byte	4
 235 00ce 45       		.byte	69
 236 00cf 40       		.byte	64
 237 00d0 49       		.byte	73
 238 00d1 FF       		.byte	-1
 239 00d2 4A       		.byte	74
 240 00d3 07       		.byte	7
 241 00d4 4B       		.byte	75
 242 00d5 FF       		.byte	-1
 243 00d6 4C       		.byte	76
 244 00d7 40       		.byte	64
 245 00d8 4D       		.byte	77
 246 00d9 20       		.byte	32
 247 00da 4E       		.byte	78
 248 00db F0       		.byte	-16
 249 00dc 4F       		.byte	79
 250 00dd 05       		.byte	5
 251 00de 50       		.byte	80
 252 00df 08       		.byte	8
 253 00e0 56       		.byte	86
 254 00e1 08       		.byte	8
 255 00e2 58       		.byte	88
 256 00e3 04       		.byte	4
 257 00e4 59       		.byte	89
 258 00e5 04       		.byte	4
 259 00e6 5A       		.byte	90
 260 00e7 04       		.byte	4
 261 00e8 5B       		.byte	91
 262 00e9 04       		.byte	4
 263 00ea 5C       		.byte	92
 264 00eb 11       		.byte	17
 265 00ec 5D       		.byte	93
 266 00ed 91       		.byte	-111
 267 00ee 5F       		.byte	95
 268 00ef 01       		.byte	1
 269 00f0 60       		.byte	96
 270 00f1 40       		.byte	64
 271 00f2 61       		.byte	97
 272 00f3 A8       		.byte	-88
 273 00f4 62       		.byte	98
 274 00f5 40       		.byte	64
 275 00f6 63       		.byte	99
 276 00f7 20       		.byte	32
 277 00f8 80       		.byte	-128
 278 00f9 13       		.byte	19
 279 00fa 82       		.byte	-126
 280 00fb 04       		.byte	4
 281 00fc 89       		.byte	-119
 282 00fd 02       		.byte	2
 283 00fe 8A       		.byte	-118
 284 00ff 15       		.byte	21
 285 0100 8C       		.byte	-116
ARM GAS  C:\Users\lab512\AppData\Local\Temp\cctxkX6M.s 			page 6


 286 0101 13       		.byte	19
 287 0102 8E       		.byte	-114
 288 0103 0C       		.byte	12
 289 0104 96       		.byte	-106
 290 0105 08       		.byte	8
 291 0106 98       		.byte	-104
 292 0107 03       		.byte	3
 293 0108 9A       		.byte	-102
 294 0109 14       		.byte	20
 295 010a A3       		.byte	-93
 296 010b 01       		.byte	1
 297 010c A8       		.byte	-88
 298 010d 0A       		.byte	10
 299 010e AA       		.byte	-86
 300 010f 14       		.byte	20
 301 0110 AB       		.byte	-85
 302 0111 01       		.byte	1
 303 0112 B0       		.byte	-80
 304 0113 10       		.byte	16
 305 0114 B5       		.byte	-75
 306 0115 02       		.byte	2
 307 0116 B6       		.byte	-74
 308 0117 0F       		.byte	15
 309 0118 B7       		.byte	-73
 310 0119 01       		.byte	1
 311 011a BA       		.byte	-70
 312 011b 80       		.byte	-128
 313 011c BE       		.byte	-66
 314 011d 01       		.byte	1
 315 011e BF       		.byte	-65
 316 011f 50       		.byte	80
 317 0120 C0       		.byte	-64
 318 0121 42       		.byte	66
 319 0122 C1       		.byte	-63
 320 0123 01       		.byte	1
 321 0124 C5       		.byte	-59
 322 0125 0C       		.byte	12
 323 0126 C6       		.byte	-58
 324 0127 E0       		.byte	-32
 325 0128 C7       		.byte	-57
 326 0129 0B       		.byte	11
 327 012a C8       		.byte	-56
 328 012b 19       		.byte	25
 329 012c C9       		.byte	-55
 330 012d FF       		.byte	-1
 331 012e CA       		.byte	-54
 332 012f FF       		.byte	-1
 333 0130 CB       		.byte	-53
 334 0131 FF       		.byte	-1
 335 0132 CE       		.byte	-50
 336 0133 F0       		.byte	-16
 337 0134 CF       		.byte	-49
 338 0135 44       		.byte	68
 339 0136 D0       		.byte	-48
 340 0137 0C       		.byte	12
 341 0138 D4       		.byte	-44
 342 0139 01       		.byte	1
ARM GAS  C:\Users\lab512\AppData\Local\Temp\cctxkX6M.s 			page 7


 343 013a D8       		.byte	-40
 344 013b 04       		.byte	4
 345 013c D9       		.byte	-39
 346 013d 04       		.byte	4
 347 013e DA       		.byte	-38
 348 013f 04       		.byte	4
 349 0140 DB       		.byte	-37
 350 0141 04       		.byte	4
 351 0142 DC       		.byte	-36
 352 0143 01       		.byte	1
 353 0144 DD       		.byte	-35
 354 0145 11       		.byte	17
 355 0146 DF       		.byte	-33
 356 0147 01       		.byte	1
 357 0148 E6       		.byte	-26
 358 0149 C0       		.byte	-64
 359 014a EA       		.byte	-22
 360 014b 40       		.byte	64
 361 014c EB       		.byte	-21
 362 014d 02       		.byte	2
 363 014e 02       		.byte	2
 364 014f 41       		.byte	65
 365 0150 03       		.byte	3
 366 0151 20       		.byte	32
 367 0152 05       		.byte	5
 368 0153 41       		.byte	65
 369 0154 06       		.byte	6
 370 0155 04       		.byte	4
 371 0156 09       		.byte	9
 372 0157 28       		.byte	40
 373 0158 0D       		.byte	13
 374 0159 08       		.byte	8
 375 015a 0F       		.byte	15
 376 015b 04       		.byte	4
 377 015c 10       		.byte	16
 378 015d 80       		.byte	-128
 379 015e 11       		.byte	17
 380 015f 08       		.byte	8
 381 0160 12       		.byte	18
 382 0161 04       		.byte	4
 383 0162 15       		.byte	21
 384 0163 20       		.byte	32
 385 0164 19       		.byte	25
 386 0165 01       		.byte	1
 387 0166 1B       		.byte	27
 388 0167 20       		.byte	32
 389 0168 1D       		.byte	29
 390 0169 40       		.byte	64
 391 016a 1E       		.byte	30
 392 016b 40       		.byte	64
 393 016c 20       		.byte	32
 394 016d 40       		.byte	64
 395 016e 21       		.byte	33
 396 016f 38       		.byte	56
 397 0170 26       		.byte	38
 398 0171 80       		.byte	-128
 399 0172 27       		.byte	39
ARM GAS  C:\Users\lab512\AppData\Local\Temp\cctxkX6M.s 			page 8


 400 0173 08       		.byte	8
 401 0174 29       		.byte	41
 402 0175 41       		.byte	65
 403 0176 2A       		.byte	42
 404 0177 41       		.byte	65
 405 0178 2F       		.byte	47
 406 0179 48       		.byte	72
 407 017a 30       		.byte	48
 408 017b 80       		.byte	-128
 409 017c 31       		.byte	49
 410 017d 28       		.byte	40
 411 017e 38       		.byte	56
 412 017f 08       		.byte	8
 413 0180 3C       		.byte	60
 414 0181 20       		.byte	32
 415 0182 40       		.byte	64
 416 0183 40       		.byte	64
 417 0184 46       		.byte	70
 418 0185 45       		.byte	69
 419 0186 48       		.byte	72
 420 0187 80       		.byte	-128
 421 0188 4F       		.byte	79
 422 0189 04       		.byte	4
 423 018a 50       		.byte	80
 424 018b 04       		.byte	4
 425 018c 52       		.byte	82
 426 018d 04       		.byte	4
 427 018e 54       		.byte	84
 428 018f 10       		.byte	16
 429 0190 55       		.byte	85
 430 0191 04       		.byte	4
 431 0192 5A       		.byte	90
 432 0193 80       		.byte	-128
 433 0194 5D       		.byte	93
 434 0195 20       		.byte	32
 435 0196 5E       		.byte	94
 436 0197 41       		.byte	65
 437 0198 5F       		.byte	95
 438 0199 08       		.byte	8
 439 019a 60       		.byte	96
 440 019b 02       		.byte	2
 441 019c 63       		.byte	99
 442 019d 02       		.byte	2
 443 019e 65       		.byte	101
 444 019f 20       		.byte	32
 445 01a0 67       		.byte	103
 446 01a1 04       		.byte	4
 447 01a2 86       		.byte	-122
 448 01a3 04       		.byte	4
 449 01a4 92       		.byte	-110
 450 01a5 80       		.byte	-128
 451 01a6 C0       		.byte	-64
 452 01a7 DD       		.byte	-35
 453 01a8 C2       		.byte	-62
 454 01a9 66       		.byte	102
 455 01aa C4       		.byte	-60
 456 01ab 4E       		.byte	78
ARM GAS  C:\Users\lab512\AppData\Local\Temp\cctxkX6M.s 			page 9


 457 01ac CA       		.byte	-54
 458 01ad A9       		.byte	-87
 459 01ae CC       		.byte	-52
 460 01af 0E       		.byte	14
 461 01b0 CE       		.byte	-50
 462 01b1 22       		.byte	34
 463 01b2 D0       		.byte	-48
 464 01b3 B1       		.byte	-79
 465 01b4 D6       		.byte	-42
 466 01b5 F8       		.byte	-8
 467 01b6 D8       		.byte	-40
 468 01b7 08       		.byte	8
 469 01b8 00       		.byte	0
 470 01b9 01       		.byte	1
 471 01ba 01       		.byte	1
 472 01bb 02       		.byte	2
 473 01bc 03       		.byte	3
 474 01bd 20       		.byte	32
 475 01be 04       		.byte	4
 476 01bf 01       		.byte	1
 477 01c0 05       		.byte	5
 478 01c1 04       		.byte	4
 479 01c2 08       		.byte	8
 480 01c3 01       		.byte	1
 481 01c4 09       		.byte	9
 482 01c5 04       		.byte	4
 483 01c6 0F       		.byte	15
 484 01c7 0B       		.byte	11
 485 01c8 10       		.byte	16
 486 01c9 01       		.byte	1
 487 01ca 11       		.byte	17
 488 01cb 04       		.byte	4
 489 01cc 15       		.byte	21
 490 01cd 0B       		.byte	11
 491 01ce 1B       		.byte	27
 492 01cf 03       		.byte	3
 493 01d0 21       		.byte	33
 494 01d1 0B       		.byte	11
 495 01d2 25       		.byte	37
 496 01d3 01       		.byte	1
 497 01d4 27       		.byte	39
 498 01d5 20       		.byte	32
 499 01d6 2B       		.byte	43
 500 01d7 0B       		.byte	11
 501 01d8 2D       		.byte	45
 502 01d9 03       		.byte	3
 503 01da 2F       		.byte	47
 504 01db 10       		.byte	16
 505 01dc 30       		.byte	48
 506 01dd 01       		.byte	1
 507 01de 31       		.byte	49
 508 01df 30       		.byte	48
 509 01e0 33       		.byte	51
 510 01e1 04       		.byte	4
 511 01e2 35       		.byte	53
 512 01e3 03       		.byte	3
 513 01e4 37       		.byte	55
ARM GAS  C:\Users\lab512\AppData\Local\Temp\cctxkX6M.s 			page 10


 514 01e5 08       		.byte	8
 515 01e6 39       		.byte	57
 516 01e7 80       		.byte	-128
 517 01e8 3E       		.byte	62
 518 01e9 01       		.byte	1
 519 01ea 3F       		.byte	63
 520 01eb 01       		.byte	1
 521 01ec 40       		.byte	64
 522 01ed 43       		.byte	67
 523 01ee 41       		.byte	65
 524 01ef 06       		.byte	6
 525 01f0 42       		.byte	66
 526 01f1 05       		.byte	5
 527 01f2 44       		.byte	68
 528 01f3 01       		.byte	1
 529 01f4 45       		.byte	69
 530 01f5 0E       		.byte	14
 531 01f6 47       		.byte	71
 532 01f7 0C       		.byte	12
 533 01f8 48       		.byte	72
 534 01f9 11       		.byte	17
 535 01fa 49       		.byte	73
 536 01fb FF       		.byte	-1
 537 01fc 4A       		.byte	74
 538 01fd FF       		.byte	-1
 539 01fe 4B       		.byte	75
 540 01ff FF       		.byte	-1
 541 0200 4C       		.byte	76
 542 0201 62       		.byte	98
 543 0202 4D       		.byte	77
 544 0203 A0       		.byte	-96
 545 0204 4E       		.byte	78
 546 0205 F0       		.byte	-16
 547 0206 4F       		.byte	79
 548 0207 41       		.byte	65
 549 0208 50       		.byte	80
 550 0209 0C       		.byte	12
 551 020a 56       		.byte	86
 552 020b 02       		.byte	2
 553 020c 57       		.byte	87
 554 020d 10       		.byte	16
 555 020e 58       		.byte	88
 556 020f 04       		.byte	4
 557 0210 59       		.byte	89
 558 0211 04       		.byte	4
 559 0212 5A       		.byte	90
 560 0213 04       		.byte	4
 561 0214 5B       		.byte	91
 562 0215 04       		.byte	4
 563 0216 5C       		.byte	92
 564 0217 10       		.byte	16
 565 0218 5D       		.byte	93
 566 0219 11       		.byte	17
 567 021a 5F       		.byte	95
 568 021b 01       		.byte	1
 569 021c 66       		.byte	102
 570 021d 40       		.byte	64
ARM GAS  C:\Users\lab512\AppData\Local\Temp\cctxkX6M.s 			page 11


 571 021e 67       		.byte	103
 572 021f 02       		.byte	2
 573 0220 69       		.byte	105
 574 0221 10       		.byte	16
 575 0222 6A       		.byte	106
 576 0223 30       		.byte	48
 577 0224 6B       		.byte	107
 578 0225 10       		.byte	16
 579 0226 6D       		.byte	109
 580 0227 10       		.byte	16
 581 0228 6E       		.byte	110
 582 0229 10       		.byte	16
 583 022a 6F       		.byte	111
 584 022b 12       		.byte	18
 585 022c 83       		.byte	-125
 586 022d 01       		.byte	1
 587 022e 99       		.byte	-103
 588 022f 02       		.byte	2
 589 0230 AB       		.byte	-85
 590 0231 01       		.byte	1
 591 0232 B3       		.byte	-77
 592 0233 02       		.byte	2
 593 0234 B5       		.byte	-75
 594 0235 01       		.byte	1
 595 0236 BF       		.byte	-65
 596 0237 14       		.byte	20
 597 0238 D4       		.byte	-44
 598 0239 18       		.byte	24
 599 023a D9       		.byte	-39
 600 023b 04       		.byte	4
 601 023c DB       		.byte	-37
 602 023d 04       		.byte	4
 603 023e DD       		.byte	-35
 604 023f 10       		.byte	16
 605 0240 DF       		.byte	-33
 606 0241 01       		.byte	1
 607 0242 04       		.byte	4
 608 0243 29       		.byte	41
 609 0244 05       		.byte	5
 610 0245 22       		.byte	34
 611 0246 06       		.byte	6
 612 0247 40       		.byte	64
 613 0248 0D       		.byte	13
 614 0249 02       		.byte	2
 615 024a 0F       		.byte	15
 616 024b 80       		.byte	-128
 617 024c 1E       		.byte	30
 618 024d 80       		.byte	-128
 619 024e 20       		.byte	32
 620 024f 04       		.byte	4
 621 0250 22       		.byte	34
 622 0251 04       		.byte	4
 623 0252 24       		.byte	36
 624 0253 02       		.byte	2
 625 0254 25       		.byte	37
 626 0255 28       		.byte	40
 627 0256 27       		.byte	39
ARM GAS  C:\Users\lab512\AppData\Local\Temp\cctxkX6M.s 			page 12


 628 0257 40       		.byte	64
 629 0258 2B       		.byte	43
 630 0259 04       		.byte	4
 631 025a 2D       		.byte	45
 632 025b A2       		.byte	-94
 633 025c 2F       		.byte	47
 634 025d 10       		.byte	16
 635 025e 33       		.byte	51
 636 025f 20       		.byte	32
 637 0260 34       		.byte	52
 638 0261 10       		.byte	16
 639 0262 36       		.byte	54
 640 0263 08       		.byte	8
 641 0264 37       		.byte	55
 642 0265 01       		.byte	1
 643 0266 38       		.byte	56
 644 0267 02       		.byte	2
 645 0268 3E       		.byte	62
 646 0269 14       		.byte	20
 647 026a 3F       		.byte	63
 648 026b 82       		.byte	-126
 649 026c 44       		.byte	68
 650 026d 10       		.byte	16
 651 026e 45       		.byte	69
 652 026f 08       		.byte	8
 653 0270 46       		.byte	70
 654 0271 40       		.byte	64
 655 0272 47       		.byte	71
 656 0273 40       		.byte	64
 657 0274 4B       		.byte	75
 658 0275 C0       		.byte	-64
 659 0276 4C       		.byte	76
 660 0277 04       		.byte	4
 661 0278 4E       		.byte	78
 662 0279 08       		.byte	8
 663 027a 4F       		.byte	79
 664 027b 48       		.byte	72
 665 027c 57       		.byte	87
 666 027d 08       		.byte	8
 667 027e 59       		.byte	89
 668 027f 01       		.byte	1
 669 0280 5E       		.byte	94
 670 0281 80       		.byte	-128
 671 0282 60       		.byte	96
 672 0283 04       		.byte	4
 673 0284 62       		.byte	98
 674 0285 80       		.byte	-128
 675 0286 6C       		.byte	108
 676 0287 08       		.byte	8
 677 0288 6E       		.byte	110
 678 0289 14       		.byte	20
 679 028a 6F       		.byte	111
 680 028b 15       		.byte	21
 681 028c 74       		.byte	116
 682 028d 80       		.byte	-128
 683 028e 76       		.byte	118
 684 028f 28       		.byte	40
ARM GAS  C:\Users\lab512\AppData\Local\Temp\cctxkX6M.s 			page 13


 685 0290 77       		.byte	119
 686 0291 08       		.byte	8
 687 0292 96       		.byte	-106
 688 0293 08       		.byte	8
 689 0294 97       		.byte	-105
 690 0295 80       		.byte	-128
 691 0296 98       		.byte	-104
 692 0297 02       		.byte	2
 693 0298 A2       		.byte	-94
 694 0299 80       		.byte	-128
 695 029a A3       		.byte	-93
 696 029b 21       		.byte	33
 697 029c A7       		.byte	-89
 698 029d 08       		.byte	8
 699 029e AC       		.byte	-84
 700 029f 10       		.byte	16
 701 02a0 AE       		.byte	-82
 702 02a1 01       		.byte	1
 703 02a2 C0       		.byte	-64
 704 02a3 70       		.byte	112
 705 02a4 C2       		.byte	-62
 706 02a5 10       		.byte	16
 707 02a6 CA       		.byte	-54
 708 02a7 F4       		.byte	-12
 709 02a8 CC       		.byte	-52
 710 02a9 E4       		.byte	-28
 711 02aa CE       		.byte	-50
 712 02ab F1       		.byte	-15
 713 02ac D0       		.byte	-48
 714 02ad D0       		.byte	-48
 715 02ae D2       		.byte	-46
 716 02af 30       		.byte	48
 717 02b0 D6       		.byte	-42
 718 02b1 11       		.byte	17
 719 02b2 D8       		.byte	-40
 720 02b3 0C       		.byte	12
 721 02b4 E6       		.byte	-26
 722 02b5 02       		.byte	2
 723 02b6 E2       		.byte	-30
 724 02b7 04       		.byte	4
 725 02b8 0E       		.byte	14
 726 02b9 01       		.byte	1
 727 02ba 12       		.byte	18
 728 02bb 01       		.byte	1
 729 02bc 36       		.byte	54
 730 02bd 01       		.byte	1
 731 02be 3E       		.byte	62
 732 02bf 40       		.byte	64
 733 02c0 40       		.byte	64
 734 02c1 54       		.byte	84
 735 02c2 49       		.byte	73
 736 02c3 FF       		.byte	-1
 737 02c4 4A       		.byte	74
 738 02c5 FF       		.byte	-1
 739 02c6 4B       		.byte	75
 740 02c7 FF       		.byte	-1
 741 02c8 4F       		.byte	79
ARM GAS  C:\Users\lab512\AppData\Local\Temp\cctxkX6M.s 			page 14


 742 02c9 01       		.byte	1
 743 02ca 50       		.byte	80
 744 02cb 18       		.byte	24
 745 02cc 52       		.byte	82
 746 02cd 80       		.byte	-128
 747 02ce 54       		.byte	84
 748 02cf 01       		.byte	1
 749 02d0 56       		.byte	86
 750 02d1 04       		.byte	4
 751 02d2 58       		.byte	88
 752 02d3 04       		.byte	4
 753 02d4 5A       		.byte	90
 754 02d5 04       		.byte	4
 755 02d6 5B       		.byte	91
 756 02d7 04       		.byte	4
 757 02d8 5F       		.byte	95
 758 02d9 01       		.byte	1
 759 02da 60       		.byte	96
 760 02db 40       		.byte	64
 761 02dc 62       		.byte	98
 762 02dd 40       		.byte	64
 763 02de 64       		.byte	100
 764 02df 40       		.byte	64
 765 02e0 65       		.byte	101
 766 02e1 40       		.byte	64
 767 02e2 66       		.byte	102
 768 02e3 80       		.byte	-128
 769 02e4 68       		.byte	104
 770 02e5 80       		.byte	-128
 771 02e6 6A       		.byte	106
 772 02e7 80       		.byte	-128
 773 02e8 6C       		.byte	108
 774 02e9 80       		.byte	-128
 775 02ea 6E       		.byte	110
 776 02eb 80       		.byte	-128
 777 02ec 98       		.byte	-104
 778 02ed 02       		.byte	2
 779 02ee 9A       		.byte	-102
 780 02ef 04       		.byte	4
 781 02f0 9C       		.byte	-100
 782 02f1 04       		.byte	4
 783 02f2 9E       		.byte	-98
 784 02f3 03       		.byte	3
 785 02f4 A4       		.byte	-92
 786 02f5 06       		.byte	6
 787 02f6 A8       		.byte	-88
 788 02f7 06       		.byte	6
 789 02f8 B4       		.byte	-76
 790 02f9 06       		.byte	6
 791 02fa B6       		.byte	-74
 792 02fb 01       		.byte	1
 793 02fc C0       		.byte	-64
 794 02fd 54       		.byte	84
 795 02fe C9       		.byte	-55
 796 02ff FF       		.byte	-1
 797 0300 CA       		.byte	-54
 798 0301 FF       		.byte	-1
ARM GAS  C:\Users\lab512\AppData\Local\Temp\cctxkX6M.s 			page 15


 799 0302 CB       		.byte	-53
 800 0303 FF       		.byte	-1
 801 0304 CD       		.byte	-51
 802 0305 83       		.byte	-125
 803 0306 CE       		.byte	-50
 804 0307 03       		.byte	3
 805 0308 CF       		.byte	-49
 806 0309 01       		.byte	1
 807 030a D0       		.byte	-48
 808 030b 18       		.byte	24
 809 030c D8       		.byte	-40
 810 030d 04       		.byte	4
 811 030e DA       		.byte	-38
 812 030f 04       		.byte	4
 813 0310 DC       		.byte	-36
 814 0311 01       		.byte	1
 815 0312 DF       		.byte	-33
 816 0313 01       		.byte	1
 817 0314 E0       		.byte	-32
 818 0315 40       		.byte	64
 819 0316 E2       		.byte	-30
 820 0317 40       		.byte	64
 821 0318 E4       		.byte	-28
 822 0319 40       		.byte	64
 823 031a E5       		.byte	-27
 824 031b 40       		.byte	64
 825 031c E6       		.byte	-26
 826 031d 80       		.byte	-128
 827 031e E8       		.byte	-24
 828 031f 80       		.byte	-128
 829 0320 EA       		.byte	-22
 830 0321 80       		.byte	-128
 831 0322 EC       		.byte	-20
 832 0323 80       		.byte	-128
 833 0324 EE       		.byte	-18
 834 0325 80       		.byte	-128
 835 0326 03       		.byte	3
 836 0327 01       		.byte	1
 837 0328 0B       		.byte	11
 838 0329 40       		.byte	64
 839 032a 0E       		.byte	14
 840 032b 04       		.byte	4
 841 032c 0F       		.byte	15
 842 032d 02       		.byte	2
 843 032e 17       		.byte	23
 844 032f 14       		.byte	20
 845 0330 19       		.byte	25
 846 0331 40       		.byte	64
 847 0332 1E       		.byte	30
 848 0333 05       		.byte	5
 849 0334 1F       		.byte	31
 850 0335 10       		.byte	16
 851 0336 41       		.byte	65
 852 0337 01       		.byte	1
 853 0338 43       		.byte	67
 854 0339 01       		.byte	1
 855 033a 47       		.byte	71
ARM GAS  C:\Users\lab512\AppData\Local\Temp\cctxkX6M.s 			page 16


 856 033b 01       		.byte	1
 857 033c 4B       		.byte	75
 858 033d 40       		.byte	64
 859 033e 4F       		.byte	79
 860 033f 40       		.byte	64
 861 0340 59       		.byte	89
 862 0341 45       		.byte	69
 863 0342 63       		.byte	99
 864 0343 80       		.byte	-128
 865 0344 72       		.byte	114
 866 0345 80       		.byte	-128
 867 0346 73       		.byte	115
 868 0347 40       		.byte	64
 869 0348 83       		.byte	-125
 870 0349 40       		.byte	64
 871 034a 91       		.byte	-111
 872 034b 02       		.byte	2
 873 034c 96       		.byte	-106
 874 034d 01       		.byte	1
 875 034e 97       		.byte	-105
 876 034f 20       		.byte	32
 877 0350 99       		.byte	-103
 878 0351 05       		.byte	5
 879 0352 9B       		.byte	-101
 880 0353 14       		.byte	20
 881 0354 9E       		.byte	-98
 882 0355 80       		.byte	-128
 883 0356 A3       		.byte	-93
 884 0357 01       		.byte	1
 885 0358 C0       		.byte	-64
 886 0359 01       		.byte	1
 887 035a C2       		.byte	-62
 888 035b C8       		.byte	-56
 889 035c C4       		.byte	-60
 890 035d 60       		.byte	96
 891 035e D0       		.byte	-48
 892 035f 81       		.byte	-127
 893 0360 D2       		.byte	-46
 894 0361 18       		.byte	24
 895 0362 D6       		.byte	-42
 896 0363 0B       		.byte	11
 897 0364 D8       		.byte	-40
 898 0365 01       		.byte	1
 899 0366 00       		.byte	0
 900 0367 01       		.byte	1
 901 0368 01       		.byte	1
 902 0369 42       		.byte	66
 903 036a 02       		.byte	2
 904 036b 06       		.byte	6
 905 036c 04       		.byte	4
 906 036d 07       		.byte	7
 907 036e 05       		.byte	5
 908 036f 04       		.byte	4
 909 0370 08       		.byte	8
 910 0371 07       		.byte	7
 911 0372 09       		.byte	9
 912 0373 0C       		.byte	12
ARM GAS  C:\Users\lab512\AppData\Local\Temp\cctxkX6M.s 			page 17


 913 0374 0D       		.byte	13
 914 0375 4F       		.byte	79
 915 0376 0F       		.byte	15
 916 0377 90       		.byte	-112
 917 0378 10       		.byte	16
 918 0379 06       		.byte	6
 919 037a 11       		.byte	17
 920 037b 08       		.byte	8
 921 037c 12       		.byte	18
 922 037d 01       		.byte	1
 923 037e 15       		.byte	21
 924 037f 4C       		.byte	76
 925 0380 16       		.byte	22
 926 0381 01       		.byte	1
 927 0382 17       		.byte	23
 928 0383 A3       		.byte	-93
 929 0384 1B       		.byte	27
 930 0385 B3       		.byte	-77
 931 0386 1C       		.byte	28
 932 0387 04       		.byte	4
 933 0388 1D       		.byte	29
 934 0389 F3       		.byte	-13
 935 038a 1F       		.byte	31
 936 038b 0C       		.byte	12
 937 038c 23       		.byte	35
 938 038d 40       		.byte	64
 939 038e 24       		.byte	36
 940 038f 02       		.byte	2
 941 0390 25       		.byte	37
 942 0391 01       		.byte	1
 943 0392 28       		.byte	40
 944 0393 06       		.byte	6
 945 0394 29       		.byte	41
 946 0395 FF       		.byte	-1
 947 0396 2D       		.byte	45
 948 0397 03       		.byte	3
 949 0398 31       		.byte	49
 950 0399 8C       		.byte	-116
 951 039a 33       		.byte	51
 952 039b 7C       		.byte	124
 953 039c 36       		.byte	54
 954 039d 07       		.byte	7
 955 039e 37       		.byte	55
 956 039f 0F       		.byte	15
 957 03a0 3B       		.byte	59
 958 03a1 AA       		.byte	-86
 959 03a2 40       		.byte	64
 960 03a3 45       		.byte	69
 961 03a4 49       		.byte	73
 962 03a5 FF       		.byte	-1
 963 03a6 4A       		.byte	74
 964 03a7 FF       		.byte	-1
 965 03a8 4B       		.byte	75
 966 03a9 FF       		.byte	-1
 967 03aa 4D       		.byte	77
 968 03ab 83       		.byte	-125
 969 03ac 4E       		.byte	78
ARM GAS  C:\Users\lab512\AppData\Local\Temp\cctxkX6M.s 			page 18


 970 03ad 03       		.byte	3
 971 03ae 4F       		.byte	79
 972 03af 01       		.byte	1
 973 03b0 50       		.byte	80
 974 03b1 18       		.byte	24
 975 03b2 58       		.byte	88
 976 03b3 04       		.byte	4
 977 03b4 59       		.byte	89
 978 03b5 04       		.byte	4
 979 03b6 5A       		.byte	90
 980 03b7 04       		.byte	4
 981 03b8 5C       		.byte	92
 982 03b9 11       		.byte	17
 983 03ba 5F       		.byte	95
 984 03bb 01       		.byte	1
 985 03bc 60       		.byte	96
 986 03bd 40       		.byte	64
 987 03be 62       		.byte	98
 988 03bf 40       		.byte	64
 989 03c0 64       		.byte	100
 990 03c1 40       		.byte	64
 991 03c2 65       		.byte	101
 992 03c3 40       		.byte	64
 993 03c4 66       		.byte	102
 994 03c5 80       		.byte	-128
 995 03c6 68       		.byte	104
 996 03c7 80       		.byte	-128
 997 03c8 6A       		.byte	106
 998 03c9 80       		.byte	-128
 999 03ca 6C       		.byte	108
 1000 03cb 80       		.byte	-128
 1001 03cc 6E       		.byte	110
 1002 03cd 80       		.byte	-128
 1003 03ce 84       		.byte	-124
 1004 03cf 07       		.byte	7
 1005 03d0 88       		.byte	-120
 1006 03d1 01       		.byte	1
 1007 03d2 8A       		.byte	-118
 1008 03d3 06       		.byte	6
 1009 03d4 90       		.byte	-112
 1010 03d5 04       		.byte	4
 1011 03d6 92       		.byte	-110
 1012 03d7 01       		.byte	1
 1013 03d8 94       		.byte	-108
 1014 03d9 02       		.byte	2
 1015 03da 96       		.byte	-106
 1016 03db 01       		.byte	1
 1017 03dc A8       		.byte	-88
 1018 03dd 07       		.byte	7
 1019 03de B2       		.byte	-78
 1020 03df 07       		.byte	7
 1021 03e0 B6       		.byte	-74
 1022 03e1 07       		.byte	7
 1023 03e2 C0       		.byte	-64
 1024 03e3 45       		.byte	69
 1025 03e4 C5       		.byte	-59
 1026 03e5 EC       		.byte	-20
ARM GAS  C:\Users\lab512\AppData\Local\Temp\cctxkX6M.s 			page 19


 1027 03e6 C7       		.byte	-57
 1028 03e7 20       		.byte	32
 1029 03e8 C8       		.byte	-56
 1030 03e9 23       		.byte	35
 1031 03ea C9       		.byte	-55
 1032 03eb FF       		.byte	-1
 1033 03ec CA       		.byte	-54
 1034 03ed FF       		.byte	-1
 1035 03ee CB       		.byte	-53
 1036 03ef FF       		.byte	-1
 1037 03f0 CD       		.byte	-51
 1038 03f1 83       		.byte	-125
 1039 03f2 CE       		.byte	-50
 1040 03f3 03       		.byte	3
 1041 03f4 CF       		.byte	-49
 1042 03f5 01       		.byte	1
 1043 03f6 D0       		.byte	-48
 1044 03f7 18       		.byte	24
 1045 03f8 D8       		.byte	-40
 1046 03f9 04       		.byte	4
 1047 03fa DA       		.byte	-38
 1048 03fb 04       		.byte	4
 1049 03fc DC       		.byte	-36
 1050 03fd 01       		.byte	1
 1051 03fe DF       		.byte	-33
 1052 03ff 01       		.byte	1
 1053 0400 E0       		.byte	-32
 1054 0401 40       		.byte	64
 1055 0402 E2       		.byte	-30
 1056 0403 40       		.byte	64
 1057 0404 E4       		.byte	-28
 1058 0405 40       		.byte	64
 1059 0406 E5       		.byte	-27
 1060 0407 40       		.byte	64
 1061 0408 E6       		.byte	-26
 1062 0409 80       		.byte	-128
 1063 040a E8       		.byte	-24
 1064 040b 80       		.byte	-128
 1065 040c EA       		.byte	-22
 1066 040d 80       		.byte	-128
 1067 040e EC       		.byte	-20
 1068 040f 80       		.byte	-128
 1069 0410 EE       		.byte	-18
 1070 0411 80       		.byte	-128
 1071 0412 00       		.byte	0
 1072 0413 10       		.byte	16
 1073 0414 03       		.byte	3
 1074 0415 10       		.byte	16
 1075 0416 04       		.byte	4
 1076 0417 29       		.byte	41
 1077 0418 08       		.byte	8
 1078 0419 02       		.byte	2
 1079 041a 0B       		.byte	11
 1080 041b 20       		.byte	32
 1081 041c 0C       		.byte	12
 1082 041d 80       		.byte	-128
 1083 041e 0D       		.byte	13
ARM GAS  C:\Users\lab512\AppData\Local\Temp\cctxkX6M.s 			page 20


 1084 041f 0A       		.byte	10
 1085 0420 0E       		.byte	14
 1086 0421 22       		.byte	34
 1087 0422 10       		.byte	16
 1088 0423 08       		.byte	8
 1089 0424 15       		.byte	21
 1090 0425 10       		.byte	16
 1091 0426 17       		.byte	23
 1092 0427 08       		.byte	8
 1093 0428 18       		.byte	24
 1094 0429 10       		.byte	16
 1095 042a 19       		.byte	25
 1096 042b 80       		.byte	-128
 1097 042c 1F       		.byte	31
 1098 042d 40       		.byte	64
 1099 042e 24       		.byte	36
 1100 042f 69       		.byte	105
 1101 0430 25       		.byte	37
 1102 0431 02       		.byte	2
 1103 0432 26       		.byte	38
 1104 0433 44       		.byte	68
 1105 0434 2D       		.byte	45
 1106 0435 A0       		.byte	-96
 1107 0436 2E       		.byte	46
 1108 0437 01       		.byte	1
 1109 0438 2F       		.byte	47
 1110 0439 10       		.byte	16
 1111 043a 36       		.byte	54
 1112 043b 55       		.byte	85
 1113 043c 3C       		.byte	60
 1114 043d 40       		.byte	64
 1115 043e 3D       		.byte	61
 1116 043f 10       		.byte	16
 1117 0440 3E       		.byte	62
 1118 0441 28       		.byte	40
 1119 0442 3F       		.byte	63
 1120 0443 02       		.byte	2
 1121 0444 42       		.byte	66
 1122 0445 80       		.byte	-128
 1123 0446 46       		.byte	70
 1124 0447 80       		.byte	-128
 1125 0448 49       		.byte	73
 1126 0449 05       		.byte	5
 1127 044a 4A       		.byte	74
 1128 044b 02       		.byte	2
 1129 044c 4C       		.byte	76
 1130 044d 04       		.byte	4
 1131 044e 4D       		.byte	77
 1132 044f 20       		.byte	32
 1133 0450 4E       		.byte	78
 1134 0451 02       		.byte	2
 1135 0452 51       		.byte	81
 1136 0453 01       		.byte	1
 1137 0454 52       		.byte	82
 1138 0455 02       		.byte	2
 1139 0456 94       		.byte	-108
 1140 0457 29       		.byte	41
ARM GAS  C:\Users\lab512\AppData\Local\Temp\cctxkX6M.s 			page 21


 1141 0458 97       		.byte	-105
 1142 0459 A0       		.byte	-96
 1143 045a 98       		.byte	-104
 1144 045b 02       		.byte	2
 1145 045c 9A       		.byte	-102
 1146 045d 28       		.byte	40
 1147 045e 9B       		.byte	-101
 1148 045f 1C       		.byte	28
 1149 0460 9D       		.byte	-99
 1150 0461 80       		.byte	-128
 1151 0462 A0       		.byte	-96
 1152 0463 88       		.byte	-120
 1153 0464 A1       		.byte	-95
 1154 0465 08       		.byte	8
 1155 0466 A3       		.byte	-93
 1156 0467 01       		.byte	1
 1157 0468 A5       		.byte	-91
 1158 0469 02       		.byte	2
 1159 046a A9       		.byte	-87
 1160 046b 21       		.byte	33
 1161 046c C0       		.byte	-64
 1162 046d 76       		.byte	118
 1163 046e C2       		.byte	-62
 1164 046f BC       		.byte	-68
 1165 0470 C4       		.byte	-60
 1166 0471 62       		.byte	98
 1167 0472 CA       		.byte	-54
 1168 0473 F0       		.byte	-16
 1169 0474 CC       		.byte	-52
 1170 0475 F0       		.byte	-16
 1171 0476 CE       		.byte	-50
 1172 0477 F0       		.byte	-16
 1173 0478 D0       		.byte	-48
 1174 0479 81       		.byte	-127
 1175 047a D2       		.byte	-46
 1176 047b 18       		.byte	24
 1177 047c EE       		.byte	-18
 1178 047d 02       		.byte	2
 1179 047e EE       		.byte	-18
 1180 047f 02       		.byte	2
 1181 0480 30       		.byte	48
 1182 0481 02       		.byte	2
 1183 0482 33       		.byte	51
 1184 0483 10       		.byte	16
 1185 0484 34       		.byte	52
 1186 0485 02       		.byte	2
 1187 0486 36       		.byte	54
 1188 0487 40       		.byte	64
 1189 0488 80       		.byte	-128
 1190 0489 02       		.byte	2
 1191 048a CC       		.byte	-52
 1192 048b F0       		.byte	-16
 1193 048c E2       		.byte	-30
 1194 048d 20       		.byte	32
 1195 048e 03       		.byte	3
 1196 048f 40       		.byte	64
 1197 0490 59       		.byte	89
ARM GAS  C:\Users\lab512\AppData\Local\Temp\cctxkX6M.s 			page 22


 1198 0491 40       		.byte	64
 1199 0492 83       		.byte	-125
 1200 0493 40       		.byte	64
 1201 0494 84       		.byte	-124
 1202 0495 02       		.byte	2
 1203 0496 9C       		.byte	-100
 1204 0497 02       		.byte	2
 1205 0498 9F       		.byte	-97
 1206 0499 10       		.byte	16
 1207 049a A6       		.byte	-90
 1208 049b 40       		.byte	64
 1209 049c C0       		.byte	-64
 1210 049d 10       		.byte	16
 1211 049e D4       		.byte	-44
 1212 049f 80       		.byte	-128
 1213 04a0 E4       		.byte	-28
 1214 04a1 80       		.byte	-128
 1215 04a2 E6       		.byte	-26
 1216 04a3 40       		.byte	64
 1217 04a4 85       		.byte	-123
 1218 04a5 40       		.byte	64
 1219 04a6 9D       		.byte	-99
 1220 04a7 40       		.byte	64
 1221 04a8 9F       		.byte	-97
 1222 04a9 10       		.byte	16
 1223 04aa A6       		.byte	-90
 1224 04ab 40       		.byte	64
 1225 04ac E6       		.byte	-26
 1226 04ad 10       		.byte	16
 1227 04ae 9F       		.byte	-97
 1228 04af 10       		.byte	16
 1229 04b0 A6       		.byte	-90
 1230 04b1 40       		.byte	64
 1231 04b2 82       		.byte	-126
 1232 04b3 40       		.byte	64
 1233 04b4 84       		.byte	-124
 1234 04b5 80       		.byte	-128
 1235 04b6 96       		.byte	-106
 1236 04b7 40       		.byte	64
 1237 04b8 96       		.byte	-106
 1238 04b9 40       		.byte	64
 1239 04ba 9C       		.byte	-100
 1240 04bb 80       		.byte	-128
 1241 04bc 08       		.byte	8
 1242 04bd 80       		.byte	-128
 1243 04be 0B       		.byte	11
 1244 04bf 40       		.byte	64
 1245 04c0 0E       		.byte	14
 1246 04c1 40       		.byte	64
 1247 04c2 96       		.byte	-106
 1248 04c3 40       		.byte	64
 1249 04c4 9C       		.byte	-100
 1250 04c5 80       		.byte	-128
 1251 04c6 C2       		.byte	-62
 1252 04c7 0E       		.byte	14
 1253 04c8 9F       		.byte	-97
 1254 04c9 10       		.byte	16
ARM GAS  C:\Users\lab512\AppData\Local\Temp\cctxkX6M.s 			page 23


 1255 04ca AE       		.byte	-82
 1256 04cb 40       		.byte	64
 1257 04cc EE       		.byte	-18
 1258 04cd 40       		.byte	64
 1259 04ce 83       		.byte	-125
 1260 04cf 10       		.byte	16
 1261 04d0 9F       		.byte	-97
 1262 04d1 10       		.byte	16
 1263 04d2 E2       		.byte	-30
 1264 04d3 20       		.byte	32
 1265 04d4 AF       		.byte	-81
 1266 04d5 40       		.byte	64
 1267 04d6 00       		.byte	0
 1268 04d7 02       		.byte	2
 1269 04d8 01       		.byte	1
 1270 04d9 01       		.byte	1
 1271 04da 0A       		.byte	10
 1272 04db 02       		.byte	2
 1273 04dc 0B       		.byte	11
 1274 04dd 01       		.byte	1
 1275 04de 10       		.byte	16
 1276 04df 03       		.byte	3
 1277 04e0 1A       		.byte	26
 1278 04e1 03       		.byte	3
 1279 04e2 00       		.byte	0
 1280 04e3 AB       		.byte	-85
 1281 04e4 02       		.byte	2
 1282 04e5 00       		.byte	0
 1283 04e6 01       		.byte	1
 1284 04e7 02       		.byte	2
 1285 04e8 02       		.byte	2
 1286 04e9 00       		.byte	0
 1287 04ea 02       		.byte	2
 1288 04eb 00       		.byte	0
 1289 04ec 00       		.byte	0
 1290 04ed 00       		.byte	0
 1291 04ee 00       		.byte	0
 1292 04ef 00       		.byte	0
 1293 04f0 08       		.byte	8
 1294 04f1 02       		.byte	2
 1295 04f2 02       		.byte	2
 1296 04f3 00       		.byte	0
 1297 04f4 00       		.byte	0
 1298 04f5 00       		.byte	0
 1299 04f6 00       		.byte	0
 1300 04f7 00       		.byte	0
 1301 04f8 40       		.byte	64
 1302 04f9 00       		.byte	0
 1303 04fa 00       		.byte	0
 1304 04fb 00       		.byte	0
 1305 04fc 00       		.byte	0
 1306 04fd 00       		.byte	0
 1307 04fe 00       		.byte	0
 1308 04ff 00       		.byte	0
 1309 0500 C0       		.byte	-64
 1310 0501 00       		.byte	0
 1311 0502 00       		.byte	0
ARM GAS  C:\Users\lab512\AppData\Local\Temp\cctxkX6M.s 			page 24


 1312 0503 00       		.byte	0
 1313 0504 00       		.byte	0
 1314 0505 0B       		.byte	11
 1315 0506 0B       		.byte	11
 1316 0507 00       		.byte	0
 1317 0508 00       		.byte	0
 1318 0509 00       		.byte	0
 1319 050a 00       		.byte	0
 1320 050b 00       		.byte	0
 1321 050c 00       		.byte	0
 1322 050d 7F       		.byte	127
 1323 050e 7F       		.byte	127
 1324 050f 00       		.byte	0
 1325 0510 00       		.byte	0
 1326 0511 00       		.byte	0
 1327 0512 00       		.byte	0
 1328 0513 00       		.byte	0
 1329 0514 00       		.byte	0
 1330 0515 04       		.byte	4
 1331 0516 04       		.byte	4
 1332 0517 00       		.byte	0
 1333 0518 00       		.byte	0
 1334 0519 00       		.byte	0
 1335 051a 00       		.byte	0
 1336 051b 00       		.byte	0
 1337              		.section	.cywolatch,"a",%progbits
 1338              		.align	2
 1339              		.type	cy_meta_wonvl, %object
 1340              		.size	cy_meta_wonvl, 4
 1341              	cy_meta_wonvl:
 1342 0000 BC       		.byte	-68
 1343 0001 90       		.byte	-112
 1344 0002 AC       		.byte	-84
 1345 0003 AF       		.byte	-81
 1346              		.section	.cycustnvl,"a",%progbits
 1347              		.align	2
 1348              		.type	cy_meta_custnvl, %object
 1349              		.size	cy_meta_custnvl, 4
 1350              	cy_meta_custnvl:
 1351 0000 00       		.byte	0
 1352 0001 00       		.byte	0
 1353 0002 40       		.byte	64
 1354 0003 05       		.byte	5
 1355              		.section	.cymeta,"a",%progbits
 1356              		.align	2
 1357              		.type	cy_metadata, %object
 1358              		.size	cy_metadata, 12
 1359              	cy_metadata:
 1360 0000 00       		.byte	0
 1361 0001 01       		.byte	1
 1362 0002 2E       		.byte	46
 1363 0003 12       		.byte	18
 1364 0004 30       		.byte	48
 1365 0005 69       		.byte	105
 1366 0006 00       		.byte	0
 1367 0007 01       		.byte	1
 1368 0008 00       		.byte	0
ARM GAS  C:\Users\lab512\AppData\Local\Temp\cctxkX6M.s 			page 25


 1369 0009 00       		.byte	0
 1370 000a 00       		.byte	0
 1371 000b 00       		.byte	0
 1372              		.section	.cyflashprotect,"a",%progbits
 1373              		.align	2
 1374              		.type	cy_meta_flashprotect, %object
 1375              		.size	cy_meta_flashprotect, 256
 1376              	cy_meta_flashprotect:
 1377 0000 00000000 		.space	256
 1377      00000000 
 1377      00000000 
 1377      00000000 
 1377      00000000 
 1378              		.text
 1379              	.Letext0:
 1380              		.file 1 "d:\\psoccreator4.2\\psoc creator\\4.2\\psoc creator\\import\\gnu\\arm\\5.4.1\\arm-none-ea
 1381              		.file 2 "d:\\psoccreator4.2\\psoc creator\\4.2\\psoc creator\\import\\gnu\\arm\\5.4.1\\arm-none-ea
 1382              		.file 3 "Generated_Source\\PSoC5\\cymetadata.c"
 1383              		.section	.debug_info,"",%progbits
 1384              	.Ldebug_info0:
 1385 0000 32010000 		.4byte	0x132
 1386 0004 0400     		.2byte	0x4
 1387 0006 00000000 		.4byte	.Ldebug_abbrev0
 1388 000a 04       		.byte	0x4
 1389 000b 01       		.uleb128 0x1
 1390 000c 24000000 		.4byte	.LASF17
 1391 0010 0C       		.byte	0xc
 1392 0011 B9010000 		.4byte	.LASF18
 1393 0015 3A010000 		.4byte	.LASF19
 1394 0019 00000000 		.4byte	.Ldebug_line0
 1395 001d 02       		.uleb128 0x2
 1396 001e 01       		.byte	0x1
 1397 001f 06       		.byte	0x6
 1398 0020 AD010000 		.4byte	.LASF0
 1399 0024 03       		.uleb128 0x3
 1400 0025 00000000 		.4byte	.LASF9
 1401 0029 01       		.byte	0x1
 1402 002a 1D       		.byte	0x1d
 1403 002b 2F000000 		.4byte	0x2f
 1404 002f 02       		.uleb128 0x2
 1405 0030 01       		.byte	0x1
 1406 0031 08       		.byte	0x8
 1407 0032 16000000 		.4byte	.LASF1
 1408 0036 02       		.uleb128 0x2
 1409 0037 02       		.byte	0x2
 1410 0038 05       		.byte	0x5
 1411 0039 9A010000 		.4byte	.LASF2
 1412 003d 02       		.uleb128 0x2
 1413 003e 02       		.byte	0x2
 1414 003f 07       		.byte	0x7
 1415 0040 C4000000 		.4byte	.LASF3
 1416 0044 02       		.uleb128 0x2
 1417 0045 04       		.byte	0x4
 1418 0046 05       		.byte	0x5
 1419 0047 A4010000 		.4byte	.LASF4
 1420 004b 02       		.uleb128 0x2
 1421 004c 04       		.byte	0x4
ARM GAS  C:\Users\lab512\AppData\Local\Temp\cctxkX6M.s 			page 26


 1422 004d 07       		.byte	0x7
 1423 004e B2000000 		.4byte	.LASF5
 1424 0052 02       		.uleb128 0x2
 1425 0053 08       		.byte	0x8
 1426 0054 05       		.byte	0x5
 1427 0055 7E010000 		.4byte	.LASF6
 1428 0059 02       		.uleb128 0x2
 1429 005a 08       		.byte	0x8
 1430 005b 07       		.byte	0x7
 1431 005c 06010000 		.4byte	.LASF7
 1432 0060 04       		.uleb128 0x4
 1433 0061 04       		.byte	0x4
 1434 0062 05       		.byte	0x5
 1435 0063 696E7400 		.ascii	"int\000"
 1436 0067 02       		.uleb128 0x2
 1437 0068 04       		.byte	0x4
 1438 0069 07       		.byte	0x7
 1439 006a F9000000 		.4byte	.LASF8
 1440 006e 03       		.uleb128 0x3
 1441 006f 1D010000 		.4byte	.LASF10
 1442 0073 02       		.byte	0x2
 1443 0074 18       		.byte	0x18
 1444 0075 24000000 		.4byte	0x24
 1445 0079 05       		.uleb128 0x5
 1446 007a 91000000 		.4byte	0x91
 1447 007e 8A000000 		.4byte	0x8a
 1448 0082 06       		.uleb128 0x6
 1449 0083 8A000000 		.4byte	0x8a
 1450 0087 1B05     		.2byte	0x51b
 1451 0089 00       		.byte	0
 1452 008a 02       		.uleb128 0x2
 1453 008b 04       		.byte	0x4
 1454 008c 07       		.byte	0x7
 1455 008d 75010000 		.4byte	.LASF11
 1456 0091 07       		.uleb128 0x7
 1457 0092 6E000000 		.4byte	0x6e
 1458 0096 08       		.uleb128 0x8
 1459 0097 E7000000 		.4byte	.LASF12
 1460 009b 03       		.byte	0x3
 1461 009c 1F       		.byte	0x1f
 1462 009d A7000000 		.4byte	0xa7
 1463 00a1 05       		.uleb128 0x5
 1464 00a2 03       		.byte	0x3
 1465 00a3 00000000 		.4byte	cy_meta_configecc
 1466 00a7 07       		.uleb128 0x7
 1467 00a8 79000000 		.4byte	0x79
 1468 00ac 05       		.uleb128 0x5
 1469 00ad 91000000 		.4byte	0x91
 1470 00b1 BC000000 		.4byte	0xbc
 1471 00b5 09       		.uleb128 0x9
 1472 00b6 8A000000 		.4byte	0x8a
 1473 00ba 03       		.byte	0x3
 1474 00bb 00       		.byte	0
 1475 00bc 08       		.uleb128 0x8
 1476 00bd D7000000 		.4byte	.LASF13
 1477 00c1 03       		.byte	0x3
 1478 00c2 D0       		.byte	0xd0
ARM GAS  C:\Users\lab512\AppData\Local\Temp\cctxkX6M.s 			page 27


 1479 00c3 CD000000 		.4byte	0xcd
 1480 00c7 05       		.uleb128 0x5
 1481 00c8 03       		.byte	0x3
 1482 00c9 00000000 		.4byte	cy_meta_custnvl
 1483 00cd 07       		.uleb128 0x7
 1484 00ce AC000000 		.4byte	0xac
 1485 00d2 08       		.uleb128 0x8
 1486 00d3 8C010000 		.4byte	.LASF14
 1487 00d7 03       		.byte	0x3
 1488 00d8 DE       		.byte	0xde
 1489 00d9 E3000000 		.4byte	0xe3
 1490 00dd 05       		.uleb128 0x5
 1491 00de 03       		.byte	0x3
 1492 00df 00000000 		.4byte	cy_meta_wonvl
 1493 00e3 07       		.uleb128 0x7
 1494 00e4 AC000000 		.4byte	0xac
 1495 00e8 05       		.uleb128 0x5
 1496 00e9 91000000 		.4byte	0x91
 1497 00ed F8000000 		.4byte	0xf8
 1498 00f1 09       		.uleb128 0x9
 1499 00f2 8A000000 		.4byte	0x8a
 1500 00f6 FF       		.byte	0xff
 1501 00f7 00       		.byte	0
 1502 00f8 08       		.uleb128 0x8
 1503 00f9 25010000 		.4byte	.LASF15
 1504 00fd 03       		.byte	0x3
 1505 00fe EC       		.byte	0xec
 1506 00ff 09010000 		.4byte	0x109
 1507 0103 05       		.uleb128 0x5
 1508 0104 03       		.byte	0x3
 1509 0105 00000000 		.4byte	cy_meta_flashprotect
 1510 0109 07       		.uleb128 0x7
 1511 010a E8000000 		.4byte	0xe8
 1512 010e 05       		.uleb128 0x5
 1513 010f 91000000 		.4byte	0x91
 1514 0113 1E010000 		.4byte	0x11e
 1515 0117 09       		.uleb128 0x9
 1516 0118 8A000000 		.4byte	0x8a
 1517 011c 0B       		.byte	0xb
 1518 011d 00       		.byte	0
 1519 011e 0A       		.uleb128 0xa
 1520 011f 0A000000 		.4byte	.LASF16
 1521 0123 03       		.byte	0x3
 1522 0124 1901     		.2byte	0x119
 1523 0126 30010000 		.4byte	0x130
 1524 012a 05       		.uleb128 0x5
 1525 012b 03       		.byte	0x3
 1526 012c 00000000 		.4byte	cy_metadata
 1527 0130 07       		.uleb128 0x7
 1528 0131 0E010000 		.4byte	0x10e
 1529 0135 00       		.byte	0
 1530              		.section	.debug_abbrev,"",%progbits
 1531              	.Ldebug_abbrev0:
 1532 0000 01       		.uleb128 0x1
 1533 0001 11       		.uleb128 0x11
 1534 0002 01       		.byte	0x1
 1535 0003 25       		.uleb128 0x25
ARM GAS  C:\Users\lab512\AppData\Local\Temp\cctxkX6M.s 			page 28


 1536 0004 0E       		.uleb128 0xe
 1537 0005 13       		.uleb128 0x13
 1538 0006 0B       		.uleb128 0xb
 1539 0007 03       		.uleb128 0x3
 1540 0008 0E       		.uleb128 0xe
 1541 0009 1B       		.uleb128 0x1b
 1542 000a 0E       		.uleb128 0xe
 1543 000b 10       		.uleb128 0x10
 1544 000c 17       		.uleb128 0x17
 1545 000d 00       		.byte	0
 1546 000e 00       		.byte	0
 1547 000f 02       		.uleb128 0x2
 1548 0010 24       		.uleb128 0x24
 1549 0011 00       		.byte	0
 1550 0012 0B       		.uleb128 0xb
 1551 0013 0B       		.uleb128 0xb
 1552 0014 3E       		.uleb128 0x3e
 1553 0015 0B       		.uleb128 0xb
 1554 0016 03       		.uleb128 0x3
 1555 0017 0E       		.uleb128 0xe
 1556 0018 00       		.byte	0
 1557 0019 00       		.byte	0
 1558 001a 03       		.uleb128 0x3
 1559 001b 16       		.uleb128 0x16
 1560 001c 00       		.byte	0
 1561 001d 03       		.uleb128 0x3
 1562 001e 0E       		.uleb128 0xe
 1563 001f 3A       		.uleb128 0x3a
 1564 0020 0B       		.uleb128 0xb
 1565 0021 3B       		.uleb128 0x3b
 1566 0022 0B       		.uleb128 0xb
 1567 0023 49       		.uleb128 0x49
 1568 0024 13       		.uleb128 0x13
 1569 0025 00       		.byte	0
 1570 0026 00       		.byte	0
 1571 0027 04       		.uleb128 0x4
 1572 0028 24       		.uleb128 0x24
 1573 0029 00       		.byte	0
 1574 002a 0B       		.uleb128 0xb
 1575 002b 0B       		.uleb128 0xb
 1576 002c 3E       		.uleb128 0x3e
 1577 002d 0B       		.uleb128 0xb
 1578 002e 03       		.uleb128 0x3
 1579 002f 08       		.uleb128 0x8
 1580 0030 00       		.byte	0
 1581 0031 00       		.byte	0
 1582 0032 05       		.uleb128 0x5
 1583 0033 01       		.uleb128 0x1
 1584 0034 01       		.byte	0x1
 1585 0035 49       		.uleb128 0x49
 1586 0036 13       		.uleb128 0x13
 1587 0037 01       		.uleb128 0x1
 1588 0038 13       		.uleb128 0x13
 1589 0039 00       		.byte	0
 1590 003a 00       		.byte	0
 1591 003b 06       		.uleb128 0x6
 1592 003c 21       		.uleb128 0x21
ARM GAS  C:\Users\lab512\AppData\Local\Temp\cctxkX6M.s 			page 29


 1593 003d 00       		.byte	0
 1594 003e 49       		.uleb128 0x49
 1595 003f 13       		.uleb128 0x13
 1596 0040 2F       		.uleb128 0x2f
 1597 0041 05       		.uleb128 0x5
 1598 0042 00       		.byte	0
 1599 0043 00       		.byte	0
 1600 0044 07       		.uleb128 0x7
 1601 0045 26       		.uleb128 0x26
 1602 0046 00       		.byte	0
 1603 0047 49       		.uleb128 0x49
 1604 0048 13       		.uleb128 0x13
 1605 0049 00       		.byte	0
 1606 004a 00       		.byte	0
 1607 004b 08       		.uleb128 0x8
 1608 004c 34       		.uleb128 0x34
 1609 004d 00       		.byte	0
 1610 004e 03       		.uleb128 0x3
 1611 004f 0E       		.uleb128 0xe
 1612 0050 3A       		.uleb128 0x3a
 1613 0051 0B       		.uleb128 0xb
 1614 0052 3B       		.uleb128 0x3b
 1615 0053 0B       		.uleb128 0xb
 1616 0054 49       		.uleb128 0x49
 1617 0055 13       		.uleb128 0x13
 1618 0056 3F       		.uleb128 0x3f
 1619 0057 19       		.uleb128 0x19
 1620 0058 02       		.uleb128 0x2
 1621 0059 18       		.uleb128 0x18
 1622 005a 00       		.byte	0
 1623 005b 00       		.byte	0
 1624 005c 09       		.uleb128 0x9
 1625 005d 21       		.uleb128 0x21
 1626 005e 00       		.byte	0
 1627 005f 49       		.uleb128 0x49
 1628 0060 13       		.uleb128 0x13
 1629 0061 2F       		.uleb128 0x2f
 1630 0062 0B       		.uleb128 0xb
 1631 0063 00       		.byte	0
 1632 0064 00       		.byte	0
 1633 0065 0A       		.uleb128 0xa
 1634 0066 34       		.uleb128 0x34
 1635 0067 00       		.byte	0
 1636 0068 03       		.uleb128 0x3
 1637 0069 0E       		.uleb128 0xe
 1638 006a 3A       		.uleb128 0x3a
 1639 006b 0B       		.uleb128 0xb
 1640 006c 3B       		.uleb128 0x3b
 1641 006d 05       		.uleb128 0x5
 1642 006e 49       		.uleb128 0x49
 1643 006f 13       		.uleb128 0x13
 1644 0070 3F       		.uleb128 0x3f
 1645 0071 19       		.uleb128 0x19
 1646 0072 02       		.uleb128 0x2
 1647 0073 18       		.uleb128 0x18
 1648 0074 00       		.byte	0
 1649 0075 00       		.byte	0
ARM GAS  C:\Users\lab512\AppData\Local\Temp\cctxkX6M.s 			page 30


 1650 0076 00       		.byte	0
 1651              		.section	.debug_aranges,"",%progbits
 1652 0000 14000000 		.4byte	0x14
 1653 0004 0200     		.2byte	0x2
 1654 0006 00000000 		.4byte	.Ldebug_info0
 1655 000a 04       		.byte	0x4
 1656 000b 00       		.byte	0
 1657 000c 0000     		.2byte	0
 1658 000e 0000     		.2byte	0
 1659 0010 00000000 		.4byte	0
 1660 0014 00000000 		.4byte	0
 1661              		.section	.debug_line,"",%progbits
 1662              	.Ldebug_line0:
 1663 0000 23010000 		.section	.debug_str,"MS",%progbits,1
 1663      02001D01 
 1663      00000201 
 1663      FB0E0D00 
 1663      01010101 
 1664              	.LASF9:
 1665 0000 5F5F7569 		.ascii	"__uint8_t\000"
 1665      6E74385F 
 1665      7400
 1666              	.LASF16:
 1667 000a 63795F6D 		.ascii	"cy_metadata\000"
 1667      65746164 
 1667      61746100 
 1668              	.LASF1:
 1669 0016 756E7369 		.ascii	"unsigned char\000"
 1669      676E6564 
 1669      20636861 
 1669      7200
 1670              	.LASF17:
 1671 0024 474E5520 		.ascii	"GNU C11 5.4.1 20160609 (release) [ARM/embedded-5-br"
 1671      43313120 
 1671      352E342E 
 1671      31203230 
 1671      31363036 
 1672 0057 616E6368 		.ascii	"anch revision 237715] -mcpu=cortex-m3 -mthumb -g -O"
 1672      20726576 
 1672      6973696F 
 1672      6E203233 
 1672      37373135 
 1673 008a 67202D66 		.ascii	"g -ffunction-sections -ffat-lto-objects\000"
 1673      66756E63 
 1673      74696F6E 
 1673      2D736563 
 1673      74696F6E 
 1674              	.LASF5:
 1675 00b2 6C6F6E67 		.ascii	"long unsigned int\000"
 1675      20756E73 
 1675      69676E65 
 1675      6420696E 
 1675      7400
 1676              	.LASF3:
 1677 00c4 73686F72 		.ascii	"short unsigned int\000"
 1677      7420756E 
 1677      7369676E 
ARM GAS  C:\Users\lab512\AppData\Local\Temp\cctxkX6M.s 			page 31


 1677      65642069 
 1677      6E7400
 1678              	.LASF13:
 1679 00d7 63795F6D 		.ascii	"cy_meta_custnvl\000"
 1679      6574615F 
 1679      63757374 
 1679      6E766C00 
 1680              	.LASF12:
 1681 00e7 63795F6D 		.ascii	"cy_meta_configecc\000"
 1681      6574615F 
 1681      636F6E66 
 1681      69676563 
 1681      6300
 1682              	.LASF8:
 1683 00f9 756E7369 		.ascii	"unsigned int\000"
 1683      676E6564 
 1683      20696E74 
 1683      00
 1684              	.LASF7:
 1685 0106 6C6F6E67 		.ascii	"long long unsigned int\000"
 1685      206C6F6E 
 1685      6720756E 
 1685      7369676E 
 1685      65642069 
 1686              	.LASF10:
 1687 011d 75696E74 		.ascii	"uint8_t\000"
 1687      385F7400 
 1688              	.LASF15:
 1689 0125 63795F6D 		.ascii	"cy_meta_flashprotect\000"
 1689      6574615F 
 1689      666C6173 
 1689      6870726F 
 1689      74656374 
 1690              	.LASF19:
 1691 013a 433A5C55 		.ascii	"C:\\Users\\lab512\\Desktop\\lmx_borrow\\Distance\\D"
 1691      73657273 
 1691      5C6C6162 
 1691      3531325C 
 1691      4465736B 
 1692 0167 69737461 		.ascii	"istance.cydsn\000"
 1692      6E63652E 
 1692      63796473 
 1692      6E00
 1693              	.LASF11:
 1694 0175 73697A65 		.ascii	"sizetype\000"
 1694      74797065 
 1694      00
 1695              	.LASF6:
 1696 017e 6C6F6E67 		.ascii	"long long int\000"
 1696      206C6F6E 
 1696      6720696E 
 1696      7400
 1697              	.LASF14:
 1698 018c 63795F6D 		.ascii	"cy_meta_wonvl\000"
 1698      6574615F 
 1698      776F6E76 
 1698      6C00
ARM GAS  C:\Users\lab512\AppData\Local\Temp\cctxkX6M.s 			page 32


 1699              	.LASF2:
 1700 019a 73686F72 		.ascii	"short int\000"
 1700      7420696E 
 1700      7400
 1701              	.LASF4:
 1702 01a4 6C6F6E67 		.ascii	"long int\000"
 1702      20696E74 
 1702      00
 1703              	.LASF0:
 1704 01ad 7369676E 		.ascii	"signed char\000"
 1704      65642063 
 1704      68617200 
 1705              	.LASF18:
 1706 01b9 47656E65 		.ascii	"Generated_Source\\PSoC5\\cymetadata.c\000"
 1706      72617465 
 1706      645F536F 
 1706      75726365 
 1706      5C50536F 
 1707              		.ident	"GCC: (GNU Tools for ARM Embedded Processors) 5.4.1 20160609 (release) [ARM/embedded-5-bran
