ARM GAS  C:\Users\lab512\AppData\Local\Temp\ccjulpDP.s 			page 1


   1              		.syntax unified
   2              		.cpu cortex-m3
   3              		.fpu softvfp
   4              		.eabi_attribute 20, 1
   5              		.eabi_attribute 21, 1
   6              		.eabi_attribute 23, 3
   7              		.eabi_attribute 24, 1
   8              		.eabi_attribute 25, 1
   9              		.eabi_attribute 26, 1
  10              		.eabi_attribute 30, 1
  11              		.eabi_attribute 34, 1
  12              		.eabi_attribute 18, 4
  13              		.thumb
  14              		.syntax unified
  15              		.file	"main.c"
  16              		.text
  17              	.Ltext0:
  18              		.cfi_sections	.debug_frame
  19              		.section	.text.InterruptHandler,"ax",%progbits
  20              		.align	2
  21              		.global	InterruptHandler
  22              		.thumb
  23              		.thumb_func
  24              		.type	InterruptHandler, %function
  25              	InterruptHandler:
  26              	.LFB68:
  27              		.file 1 "main.c"
   1:main.c        **** /* ========================================
   2:main.c        ****  *
   3:main.c        ****  * Copyright YOUR COMPANY, THE YEAR
   4:main.c        ****  * All Rights Reserved
   5:main.c        ****  * UNPUBLISHED, LICENSED SOFTWARE.
   6:main.c        ****  *
   7:main.c        ****  * CONFIDENTIAL AND PROPRIETARY INFORMATION
   8:main.c        ****  * WHICH IS THE PROPERTY OF your company.
   9:main.c        ****  *
  10:main.c        ****  * ========================================
  11:main.c        ****  */
  12:main.c        **** #include "project.h"
  13:main.c        **** #include "servo.h"
  14:main.c        **** #include <stdio.h>
  15:main.c        **** 
  16:main.c        **** #define LCD_CLEAR "                "
  17:main.c        **** #define SOUND_SPEED 340
  18:main.c        **** #define CLOCK_FREQ 12000000
  19:main.c        **** #define LAMBDA 1
  20:main.c        **** #define INTERVAL 100
  21:main.c        **** 
  22:main.c        **** #define SERVO_ID 7
  23:main.c        **** #define KM 1
  24:main.c        **** #define CENTER 400
  25:main.c        **** 
  26:main.c        **** int timeout = 0;
  27:main.c        **** uint16 period = 0;
  28:main.c        **** short v = 0;
  29:main.c        **** short temp = 0;
  30:main.c        **** 
ARM GAS  C:\Users\lab512\AppData\Local\Temp\ccjulpDP.s 			page 2


  31:main.c        **** void trigger()
  32:main.c        **** {
  33:main.c        ****     Tx_Write(1);
  34:main.c        ****     CyDelayUs(100);
  35:main.c        ****     Tx_Write(0);
  36:main.c        **** }
  37:main.c        **** 
  38:main.c        **** void startcount()
  39:main.c        **** {
  40:main.c        ****     Timer_Start();
  41:main.c        ****     Timer_WriteCounter(period - 1);
  42:main.c        **** }
  43:main.c        **** 
  44:main.c        **** uint32 endcount()
  45:main.c        **** {
  46:main.c        ****     uint32 cnt = Timer_ReadCounter();
  47:main.c        ****     Timer_Stop();
  48:main.c        ****     return period - 1 - cnt;
  49:main.c        **** }
  50:main.c        **** 
  51:main.c        **** long long calculate_millimeter(uint32 cnt){
  52:main.c        ****     return ((long long)cnt) * SOUND_SPEED * 1000 * LAMBDA / CLOCK_FREQ / 2;
  53:main.c        **** }
  54:main.c        **** 
  55:main.c        **** CY_ISR(InterruptHandler) 
  56:main.c        **** { 
  28              		.loc 1 56 0
  29              		.cfi_startproc
  30              		@ args = 0, pretend = 0, frame = 0
  31              		@ frame_needed = 0, uses_anonymous_args = 0
  32 0000 08B5     		push	{r3, lr}
  33              		.cfi_def_cfa_offset 8
  34              		.cfi_offset 3, -8
  35              		.cfi_offset 14, -4
  57:main.c        ****      /* Read Status register in order to clear the sticky Terminal Count (TC) bit in the status reg
  58:main.c        ****       */ 
  59:main.c        ****         Timer_STATUS; 
  36              		.loc 1 59 0
  37 0002 044B     		ldr	r3, .L3
  38 0004 1B78     		ldrb	r3, [r3]	@ zero_extendqisi2
  60:main.c        ****          
  61:main.c        ****      /* Increment the Timer to indicate the keep track of the number of interrupts received */ 
  62:main.c        ****         timeout = 1;
  39              		.loc 1 62 0
  40 0006 0122     		movs	r2, #1
  41 0008 034B     		ldr	r3, .L3+4
  42 000a 1A60     		str	r2, [r3]
  63:main.c        ****         Timer_Stop();
  43              		.loc 1 63 0
  44 000c FFF7FEFF 		bl	Timer_Stop
  45              	.LVL0:
  46 0010 08BD     		pop	{r3, pc}
  47              	.L4:
  48 0012 00BF     		.align	2
  49              	.L3:
  50 0014 64650040 		.word	1073767780
  51 0018 00000000 		.word	.LANCHOR0
ARM GAS  C:\Users\lab512\AppData\Local\Temp\ccjulpDP.s 			page 3


  52              		.cfi_endproc
  53              	.LFE68:
  54              		.size	InterruptHandler, .-InterruptHandler
  55              		.section	.text.trigger,"ax",%progbits
  56              		.align	2
  57              		.global	trigger
  58              		.thumb
  59              		.thumb_func
  60              		.type	trigger, %function
  61              	trigger:
  62              	.LFB64:
  32:main.c        ****     Tx_Write(1);
  63              		.loc 1 32 0
  64              		.cfi_startproc
  65              		@ args = 0, pretend = 0, frame = 0
  66              		@ frame_needed = 0, uses_anonymous_args = 0
  67 0000 08B5     		push	{r3, lr}
  68              		.cfi_def_cfa_offset 8
  69              		.cfi_offset 3, -8
  70              		.cfi_offset 14, -4
  33:main.c        ****     CyDelayUs(100);
  71              		.loc 1 33 0
  72 0002 0120     		movs	r0, #1
  73 0004 FFF7FEFF 		bl	Tx_Write
  74              	.LVL1:
  34:main.c        ****     Tx_Write(0);
  75              		.loc 1 34 0
  76 0008 6420     		movs	r0, #100
  77 000a FFF7FEFF 		bl	CyDelayUs
  78              	.LVL2:
  35:main.c        **** }
  79              		.loc 1 35 0
  80 000e 0020     		movs	r0, #0
  81 0010 FFF7FEFF 		bl	Tx_Write
  82              	.LVL3:
  83 0014 08BD     		pop	{r3, pc}
  84              		.cfi_endproc
  85              	.LFE64:
  86              		.size	trigger, .-trigger
  87 0016 00BF     		.section	.text.startcount,"ax",%progbits
  88              		.align	2
  89              		.global	startcount
  90              		.thumb
  91              		.thumb_func
  92              		.type	startcount, %function
  93              	startcount:
  94              	.LFB65:
  39:main.c        ****     Timer_Start();
  95              		.loc 1 39 0
  96              		.cfi_startproc
  97              		@ args = 0, pretend = 0, frame = 0
  98              		@ frame_needed = 0, uses_anonymous_args = 0
  99 0000 08B5     		push	{r3, lr}
 100              		.cfi_def_cfa_offset 8
 101              		.cfi_offset 3, -8
 102              		.cfi_offset 14, -4
  40:main.c        ****     Timer_WriteCounter(period - 1);
ARM GAS  C:\Users\lab512\AppData\Local\Temp\ccjulpDP.s 			page 4


 103              		.loc 1 40 0
 104 0002 FFF7FEFF 		bl	Timer_Start
 105              	.LVL4:
  41:main.c        **** }
 106              		.loc 1 41 0
 107 0006 034B     		ldr	r3, .L9
 108 0008 9888     		ldrh	r0, [r3, #4]
 109 000a 0138     		subs	r0, r0, #1
 110 000c FFF7FEFF 		bl	Timer_WriteCounter
 111              	.LVL5:
 112 0010 08BD     		pop	{r3, pc}
 113              	.L10:
 114 0012 00BF     		.align	2
 115              	.L9:
 116 0014 00000000 		.word	.LANCHOR0
 117              		.cfi_endproc
 118              	.LFE65:
 119              		.size	startcount, .-startcount
 120              		.section	.text.endcount,"ax",%progbits
 121              		.align	2
 122              		.global	endcount
 123              		.thumb
 124              		.thumb_func
 125              		.type	endcount, %function
 126              	endcount:
 127              	.LFB66:
  45:main.c        ****     uint32 cnt = Timer_ReadCounter();
 128              		.loc 1 45 0
 129              		.cfi_startproc
 130              		@ args = 0, pretend = 0, frame = 0
 131              		@ frame_needed = 0, uses_anonymous_args = 0
 132 0000 10B5     		push	{r4, lr}
 133              		.cfi_def_cfa_offset 8
 134              		.cfi_offset 4, -8
 135              		.cfi_offset 14, -4
  46:main.c        ****     Timer_Stop();
 136              		.loc 1 46 0
 137 0002 FFF7FEFF 		bl	Timer_ReadCounter
 138              	.LVL6:
 139 0006 0446     		mov	r4, r0
 140              	.LVL7:
  47:main.c        ****     return period - 1 - cnt;
 141              		.loc 1 47 0
 142 0008 FFF7FEFF 		bl	Timer_Stop
 143              	.LVL8:
  48:main.c        **** }
 144              		.loc 1 48 0
 145 000c 024B     		ldr	r3, .L13
 146 000e 9888     		ldrh	r0, [r3, #4]
 147 0010 001B     		subs	r0, r0, r4
  49:main.c        **** 
 148              		.loc 1 49 0
 149 0012 0138     		subs	r0, r0, #1
 150 0014 10BD     		pop	{r4, pc}
 151              	.LVL9:
 152              	.L14:
 153 0016 00BF     		.align	2
ARM GAS  C:\Users\lab512\AppData\Local\Temp\ccjulpDP.s 			page 5


 154              	.L13:
 155 0018 00000000 		.word	.LANCHOR0
 156              		.cfi_endproc
 157              	.LFE66:
 158              		.size	endcount, .-endcount
 159              		.global	__aeabi_ldivmod
 160              		.section	.text.calculate_millimeter,"ax",%progbits
 161              		.align	2
 162              		.global	calculate_millimeter
 163              		.thumb
 164              		.thumb_func
 165              		.type	calculate_millimeter, %function
 166              	calculate_millimeter:
 167              	.LFB67:
  51:main.c        ****     return ((long long)cnt) * SOUND_SPEED * 1000 * LAMBDA / CLOCK_FREQ / 2;
 168              		.loc 1 51 0
 169              		.cfi_startproc
 170              		@ args = 0, pretend = 0, frame = 0
 171              		@ frame_needed = 0, uses_anonymous_args = 0
 172              	.LVL10:
 173 0000 F8B5     		push	{r3, r4, r5, r6, r7, lr}
 174              		.cfi_def_cfa_offset 24
 175              		.cfi_offset 3, -24
 176              		.cfi_offset 4, -20
 177              		.cfi_offset 5, -16
 178              		.cfi_offset 6, -12
 179              		.cfi_offset 7, -8
 180              		.cfi_offset 14, -4
  52:main.c        **** }
 181              		.loc 1 52 0
 182 0002 0446     		mov	r4, r0
 183 0004 0025     		movs	r5, #0
 184 0006 4601     		lsls	r6, r0, #5
 185 0008 C70E     		lsrs	r7, r0, #27
 186 000a BB00     		lsls	r3, r7, #2
 187 000c 43EA9673 		orr	r3, r3, r6, lsr #30
 188 0010 B200     		lsls	r2, r6, #2
 189 0012 9219     		adds	r2, r2, r6
 190 0014 7B41     		adcs	r3, r3, r7
 191 0016 1218     		adds	r2, r2, r0
 192 0018 6B41     		adcs	r3, r3, r5
 193 001a 9901     		lsls	r1, r3, #6
 194 001c 41EA9261 		orr	r1, r1, r2, lsr #26
 195 0020 9001     		lsls	r0, r2, #6
 196              	.LVL11:
 197 0022 021B     		subs	r2, r0, r4
 198 0024 61EB0503 		sbc	r3, r1, r5
 199 0028 5901     		lsls	r1, r3, #5
 200 002a 41EAD261 		orr	r1, r1, r2, lsr #27
 201 002e 5001     		lsls	r0, r2, #5
 202 0030 8018     		adds	r0, r0, r2
 203 0032 5941     		adcs	r1, r1, r3
 204 0034 034A     		ldr	r2, .L17
 205 0036 0023     		movs	r3, #0
 206 0038 0019     		adds	r0, r0, r4
 207 003a 6941     		adcs	r1, r1, r5
 208 003c FFF7FEFF 		bl	__aeabi_ldivmod
ARM GAS  C:\Users\lab512\AppData\Local\Temp\ccjulpDP.s 			page 6


 209              	.LVL12:
  53:main.c        **** 
 210              		.loc 1 53 0
 211 0040 F8BD     		pop	{r3, r4, r5, r6, r7, pc}
 212              	.LVL13:
 213              	.L18:
 214 0042 00BF     		.align	2
 215              	.L17:
 216 0044 00366E01 		.word	24000000
 217              		.cfi_endproc
 218              	.LFE67:
 219              		.size	calculate_millimeter, .-calculate_millimeter
 220              		.section	.text.main,"ax",%progbits
 221              		.align	2
 222              		.global	main
 223              		.thumb
 224              		.thumb_func
 225              		.type	main, %function
 226              	main:
 227              	.LFB69:
  64:main.c        ****         // LCD_Position(1, 0);
  65:main.c        ****         // LCD_PrintString("TimeOut");
  66:main.c        **** } 
  67:main.c        **** 
  68:main.c        **** 
  69:main.c        **** int main(void)
  70:main.c        **** {
 228              		.loc 1 70 0
 229              		.cfi_startproc
 230              		@ args = 0, pretend = 0, frame = 208
 231              		@ frame_needed = 0, uses_anonymous_args = 0
 232 0000 2DE9F04F 		push	{r4, r5, r6, r7, r8, r9, r10, fp, lr}
 233              		.cfi_def_cfa_offset 36
 234              		.cfi_offset 4, -36
 235              		.cfi_offset 5, -32
 236              		.cfi_offset 6, -28
 237              		.cfi_offset 7, -24
 238              		.cfi_offset 8, -20
 239              		.cfi_offset 9, -16
 240              		.cfi_offset 10, -12
 241              		.cfi_offset 11, -8
 242              		.cfi_offset 14, -4
 243 0004 B5B0     		sub	sp, sp, #212
 244              		.cfi_def_cfa_offset 248
  71:main.c        ****     CyGlobalIntEnable; /* Enable global interrupts. */
 245              		.loc 1 71 0
 246              		.syntax unified
 247              	@ 71 "main.c" 1
 248 0006 62B6     		CPSIE   i
 249              	@ 0 "" 2
  72:main.c        ****     TimeoutISR_StartEx(InterruptHandler);
 250              		.loc 1 72 0
 251              		.thumb
 252              		.syntax unified
 253 0008 8048     		ldr	r0, .L35
 254 000a FFF7FEFF 		bl	TimeoutISR_StartEx
 255              	.LVL14:
ARM GAS  C:\Users\lab512\AppData\Local\Temp\ccjulpDP.s 			page 7


  73:main.c        **** 
  74:main.c        ****     uint32 cnt = 0;
  75:main.c        ****     char distance_str[64], velocity_str[64];
  76:main.c        ****     int distance_int, distance_frac, velocity_int, velocity_frac;
  77:main.c        ****     long long distance = 0, lastdistance = 0, velocity = 0;
  78:main.c        ****     
  79:main.c        ****     uint8 buffer[64];
  80:main.c        ****     int flag_getconfig, flag_cdcready;
  81:main.c        **** 
  82:main.c        ****     /* Place your initialization/startup code here (e.g. MyInst_Start()) */
  83:main.c        ****     LCD_Start();
 256              		.loc 1 83 0
 257 000e FFF7FEFF 		bl	LCD_Start
 258              	.LVL15:
  84:main.c        ****     Clock_Start();
 259              		.loc 1 84 0
 260 0012 FFF7FEFF 		bl	Clock_Start
 261              	.LVL16:
  85:main.c        ****         UART_Start();
 262              		.loc 1 85 0
 263 0016 FFF7FEFF 		bl	UART_Start
 264              	.LVL17:
  86:main.c        ****     period = Timer_ReadPeriod();
 265              		.loc 1 86 0
 266 001a FFF7FEFF 		bl	Timer_ReadPeriod
 267              	.LVL18:
 268 001e 7C4B     		ldr	r3, .L35+4
 269 0020 9880     		strh	r0, [r3, #4]	@ movhi
  87:main.c        ****     SetServoLimit(SERVO_ID, 0, 0);
 270              		.loc 1 87 0
 271 0022 0022     		movs	r2, #0
 272 0024 1146     		mov	r1, r2
 273 0026 0720     		movs	r0, #7
 274 0028 FFF7FEFF 		bl	SetServoLimit
 275              	.LVL19:
  88:main.c        ****     
  89:main.c        ****     USBUART_Start(0, USBUART_3V_OPERATION);
 276              		.loc 1 89 0
 277 002c 0021     		movs	r1, #0
 278 002e 0846     		mov	r0, r1
 279 0030 FFF7FEFF 		bl	USBUART_Start
 280              	.LVL20:
  90:main.c        ****     flag_getconfig = USBUART_GetConfiguration();
 281              		.loc 1 90 0
 282 0034 FFF7FEFF 		bl	USBUART_GetConfiguration
 283              	.LVL21:
 284 0038 8046     		mov	r8, r0
 285              	.LVL22:
  91:main.c        ****     USBUART_CDC_Init();
 286              		.loc 1 91 0
 287 003a FFF7FEFF 		bl	USBUART_CDC_Init
 288              	.LVL23:
  77:main.c        ****     
 289              		.loc 1 77 0
 290 003e 0024     		movs	r4, #0
 291 0040 0025     		movs	r5, #0
 292              	.LVL24:
ARM GAS  C:\Users\lab512\AppData\Local\Temp\ccjulpDP.s 			page 8


 293              	.L33:
  92:main.c        ****     
  93:main.c        **** 
  94:main.c        ****     
  95:main.c        ****     while (1)
  96:main.c        ****     {
  97:main.c        ****         timeout = 0;
 294              		.loc 1 97 0
 295 0042 0026     		movs	r6, #0
 296 0044 724B     		ldr	r3, .L35+4
 297 0046 1E60     		str	r6, [r3]
  98:main.c        ****         LCD_Position(0, 0);
 298              		.loc 1 98 0
 299 0048 3146     		mov	r1, r6
 300 004a 3046     		mov	r0, r6
 301 004c FFF7FEFF 		bl	LCD_Position
 302              	.LVL25:
  99:main.c        ****         LCD_PrintString(LCD_CLEAR);
 303              		.loc 1 99 0
 304 0050 704F     		ldr	r7, .L35+8
 305 0052 3846     		mov	r0, r7
 306 0054 FFF7FEFF 		bl	LCD_PrintString
 307              	.LVL26:
 100:main.c        ****         LCD_Position(1, 0);
 308              		.loc 1 100 0
 309 0058 3146     		mov	r1, r6
 310 005a 0120     		movs	r0, #1
 311 005c FFF7FEFF 		bl	LCD_Position
 312              	.LVL27:
 101:main.c        ****         LCD_PrintString(LCD_CLEAR);
 313              		.loc 1 101 0
 314 0060 3846     		mov	r0, r7
 315 0062 FFF7FEFF 		bl	LCD_PrintString
 316              	.LVL28:
 102:main.c        ****         
 103:main.c        ****         if( !flag_getconfig){
 317              		.loc 1 103 0
 318 0066 B8F1000F 		cmp	r8, #0
 319 006a 02D1     		bne	.L20
 104:main.c        ****             flag_getconfig = USBUART_GetConfiguration();
 320              		.loc 1 104 0
 321 006c FFF7FEFF 		bl	USBUART_GetConfiguration
 322              	.LVL29:
 323 0070 8046     		mov	r8, r0
 324              	.LVL30:
 325              	.L20:
 105:main.c        ****         }
 106:main.c        ****         
 107:main.c        ****         trigger();
 326              		.loc 1 107 0
 327 0072 FFF7FEFF 		bl	trigger
 328              	.LVL31:
 329              	.L22:
 108:main.c        ****         while (Rx_Read() == 0 && timeout == 0)
 330              		.loc 1 108 0 discriminator 2
 331 0076 FFF7FEFF 		bl	Rx_Read
 332              	.LVL32:
ARM GAS  C:\Users\lab512\AppData\Local\Temp\ccjulpDP.s 			page 9


 333 007a 18B9     		cbnz	r0, .L21
 334              		.loc 1 108 0 is_stmt 0 discriminator 1
 335 007c 644B     		ldr	r3, .L35+4
 336 007e 1B68     		ldr	r3, [r3]
 337 0080 002B     		cmp	r3, #0
 338 0082 F8D0     		beq	.L22
 339              	.L21:
 109:main.c        ****             ;
 110:main.c        ****         startcount();
 340              		.loc 1 110 0 is_stmt 1
 341 0084 FFF7FEFF 		bl	startcount
 342              	.LVL33:
 343              	.L24:
 111:main.c        ****         while (Rx_Read() != 0 && timeout == 0){
 344              		.loc 1 111 0 discriminator 2
 345 0088 FFF7FEFF 		bl	Rx_Read
 346              	.LVL34:
 347 008c 18B1     		cbz	r0, .L23
 348              		.loc 1 111 0 is_stmt 0 discriminator 1
 349 008e 604B     		ldr	r3, .L35+4
 350 0090 1B68     		ldr	r3, [r3]
 351 0092 002B     		cmp	r3, #0
 352 0094 F8D0     		beq	.L24
 353              	.L23:
 112:main.c        ****             // LCD_Position(1, 5);
 113:main.c        ****             // LCD_PrintString("TEST ");
 114:main.c        ****         }
 115:main.c        ****         cnt = endcount();
 354              		.loc 1 115 0 is_stmt 1
 355 0096 FFF7FEFF 		bl	endcount
 356              	.LVL35:
 357 009a 0646     		mov	r6, r0
 358              	.LVL36:
 116:main.c        ****         
 117:main.c        ****         if(timeout == 0){
 359              		.loc 1 117 0
 360 009c 5C4B     		ldr	r3, .L35+4
 361 009e 1B68     		ldr	r3, [r3]
 362 00a0 002B     		cmp	r3, #0
 363 00a2 40F0AE80 		bne	.L25
 118:main.c        ****             
 119:main.c        ****             // clear LCD
 120:main.c        ****             LCD_Position(0, 0);
 364              		.loc 1 120 0
 365 00a6 0021     		movs	r1, #0
 366 00a8 0846     		mov	r0, r1
 367              	.LVL37:
 368 00aa FFF7FEFF 		bl	LCD_Position
 369              	.LVL38:
 121:main.c        ****             LCD_PrintString(LCD_CLEAR);
 370              		.loc 1 121 0
 371 00ae 5948     		ldr	r0, .L35+8
 372 00b0 FFF7FEFF 		bl	LCD_PrintString
 373              	.LVL39:
 122:main.c        ****             LCD_Position(0, 0);
 374              		.loc 1 122 0
 375 00b4 0021     		movs	r1, #0
ARM GAS  C:\Users\lab512\AppData\Local\Temp\ccjulpDP.s 			page 10


 376 00b6 0846     		mov	r0, r1
 377 00b8 FFF7FEFF 		bl	LCD_Position
 378              	.LVL40:
 123:main.c        ****             
 124:main.c        ****             // update distance
 125:main.c        ****             lastdistance = distance;
 126:main.c        ****             distance = calculate_millimeter(cnt);
 379              		.loc 1 126 0
 380 00bc 3046     		mov	r0, r6
 381 00be FFF7FEFF 		bl	calculate_millimeter
 382              	.LVL41:
 383 00c2 0646     		mov	r6, r0
 384              	.LVL42:
 385 00c4 0F46     		mov	r7, r1
 386              	.LVL43:
 127:main.c        ****             velocity = (lastdistance - distance) * 1000 / INTERVAL;
 387              		.loc 1 127 0
 388 00c6 241A     		subs	r4, r4, r0
 389              	.LVL44:
 390 00c8 65EB0105 		sbc	r5, r5, r1
 391 00cc A900     		lsls	r1, r5, #2
 392 00ce A200     		lsls	r2, r4, #2
 393 00d0 41EA9473 		orr	r3, r1, r4, lsr #30
 394 00d4 4FEA431B 		lsl	fp, r3, #5
 395 00d8 4BEAD26B 		orr	fp, fp, r2, lsr #27
 396 00dc 4FEA421A 		lsl	r10, r2, #5
 397 00e0 BAEB0202 		subs	r2, r10, r2
 398 00e4 6BEB0303 		sbc	r3, fp, r3
 399 00e8 A418     		adds	r4, r4, r2
 400 00ea 5D41     		adcs	r5, r5, r3
 401 00ec EB00     		lsls	r3, r5, #3
 402 00ee 43EA5473 		orr	r3, r3, r4, lsr #29
 403 00f2 E200     		lsls	r2, r4, #3
 404 00f4 1446     		mov	r4, r2
 405 00f6 1D46     		mov	r5, r3
 406 00f8 6422     		movs	r2, #100
 407 00fa 0023     		movs	r3, #0
 408 00fc 2046     		mov	r0, r4
 409 00fe 2946     		mov	r1, r5
 410 0100 FFF7FEFF 		bl	__aeabi_ldivmod
 411              	.LVL45:
 412 0104 8146     		mov	r9, r0
 413 0106 0191     		str	r1, [sp, #4]
 414              	.LVL46:
 128:main.c        ****             
 129:main.c        ****             // display
 130:main.c        ****             distance_int = distance / 10;
 415              		.loc 1 130 0
 416 0108 0A22     		movs	r2, #10
 417 010a 0023     		movs	r3, #0
 418 010c 3046     		mov	r0, r6
 419              	.LVL47:
 420 010e 3946     		mov	r1, r7
 421              	.LVL48:
 422 0110 FFF7FEFF 		bl	__aeabi_ldivmod
 423              	.LVL49:
 424 0114 0290     		str	r0, [sp, #8]
ARM GAS  C:\Users\lab512\AppData\Local\Temp\ccjulpDP.s 			page 11


 425              	.LVL50:
 131:main.c        ****             distance_frac = (distance % 10);
 426              		.loc 1 131 0
 427 0116 0A22     		movs	r2, #10
 428 0118 0023     		movs	r3, #0
 429 011a 3046     		mov	r0, r6
 430              	.LVL51:
 431 011c 3946     		mov	r1, r7
 432 011e FFF7FEFF 		bl	__aeabi_ldivmod
 433              	.LVL52:
 434 0122 0392     		str	r2, [sp, #12]
 435              	.LVL53:
 132:main.c        ****             velocity_int = velocity / 10;
 436              		.loc 1 132 0
 437 0124 4FF47A72 		mov	r2, #1000
 438              	.LVL54:
 439 0128 0023     		movs	r3, #0
 440 012a 2046     		mov	r0, r4
 441 012c 2946     		mov	r1, r5
 442 012e FFF7FEFF 		bl	__aeabi_ldivmod
 443              	.LVL55:
 444 0132 0446     		mov	r4, r0
 445              	.LVL56:
 133:main.c        ****             velocity_frac = velocity % 10;
 446              		.loc 1 133 0
 447 0134 0A22     		movs	r2, #10
 448 0136 0023     		movs	r3, #0
 449 0138 4846     		mov	r0, r9
 450              	.LVL57:
 451 013a 0199     		ldr	r1, [sp, #4]
 452 013c FFF7FEFF 		bl	__aeabi_ldivmod
 453              	.LVL58:
 454 0140 1546     		mov	r5, r2
 455              	.LVL59:
 134:main.c        ****             if(velocity_frac < 0) velocity_frac = -velocity_frac;
 456              		.loc 1 134 0
 457 0142 002A     		cmp	r2, #0
 458 0144 00DA     		bge	.L26
 459              		.loc 1 134 0 is_stmt 0 discriminator 1
 460 0146 5542     		negs	r5, r2
 461              	.LVL60:
 462              	.L26:
 135:main.c        ****             
 136:main.c        ****             sprintf(distance_str, "%d.%d cm", distance_int, distance_frac);
 463              		.loc 1 136 0 is_stmt 1
 464 0148 039B     		ldr	r3, [sp, #12]
 465 014a 029A     		ldr	r2, [sp, #8]
 466 014c 3249     		ldr	r1, .L35+12
 467 014e 24A8     		add	r0, sp, #144
 468 0150 FFF7FEFF 		bl	sprintf
 469              	.LVL61:
 137:main.c        ****             sprintf(velocity_str, "%d.%d cm/s", velocity_int, velocity_frac);
 470              		.loc 1 137 0
 471 0154 2B46     		mov	r3, r5
 472 0156 2246     		mov	r2, r4
 473 0158 3049     		ldr	r1, .L35+16
 474 015a 14A8     		add	r0, sp, #80
ARM GAS  C:\Users\lab512\AppData\Local\Temp\ccjulpDP.s 			page 12


 475 015c FFF7FEFF 		bl	sprintf
 476              	.LVL62:
 138:main.c        ****             LCD_Position(0, 0);
 477              		.loc 1 138 0
 478 0160 0021     		movs	r1, #0
 479 0162 0846     		mov	r0, r1
 480 0164 FFF7FEFF 		bl	LCD_Position
 481              	.LVL63:
 139:main.c        ****             LCD_PrintString("d:");
 482              		.loc 1 139 0
 483 0168 2D48     		ldr	r0, .L35+20
 484 016a FFF7FEFF 		bl	LCD_PrintString
 485              	.LVL64:
 140:main.c        ****             LCD_PrintString(distance_str);
 486              		.loc 1 140 0
 487 016e 24A8     		add	r0, sp, #144
 488 0170 FFF7FEFF 		bl	LCD_PrintString
 489              	.LVL65:
 141:main.c        ****             LCD_Position(1, 0);
 490              		.loc 1 141 0
 491 0174 0021     		movs	r1, #0
 492 0176 0120     		movs	r0, #1
 493 0178 FFF7FEFF 		bl	LCD_Position
 494              	.LVL66:
 142:main.c        ****             LCD_PrintString("v:");
 495              		.loc 1 142 0
 496 017c 2948     		ldr	r0, .L35+24
 497 017e FFF7FEFF 		bl	LCD_PrintString
 498              	.LVL67:
 143:main.c        ****             LCD_PrintString(velocity_str);
 499              		.loc 1 143 0
 500 0182 14A8     		add	r0, sp, #80
 501 0184 FFF7FEFF 		bl	LCD_PrintString
 502              	.LVL68:
 144:main.c        ****             if(distance < 100){
 503              		.loc 1 144 0
 504 0188 642E     		cmp	r6, #100
 505 018a 77F10003 		sbcs	r3, r7, #0
 506 018e 03DA     		bge	.L27
 145:main.c        ****                 LED_Write(1);
 507              		.loc 1 145 0
 508 0190 0120     		movs	r0, #1
 509 0192 FFF7FEFF 		bl	LED_Write
 510              	.LVL69:
 511 0196 02E0     		b	.L28
 512              	.L27:
 146:main.c        ****             }
 147:main.c        ****             else{
 148:main.c        ****                 LED_Write(0);
 513              		.loc 1 148 0
 514 0198 0020     		movs	r0, #0
 515 019a FFF7FEFF 		bl	LED_Write
 516              	.LVL70:
 517              	.L28:
 149:main.c        ****             }
 150:main.c        ****             
 151:main.c        ****             // send to computer
ARM GAS  C:\Users\lab512\AppData\Local\Temp\ccjulpDP.s 			page 13


 152:main.c        ****             sprintf(buffer, "%d %d\n", (int)distance, (int)velocity);
 518              		.loc 1 152 0
 519 019e 4B46     		mov	r3, r9
 520 01a0 3246     		mov	r2, r6
 521 01a2 2149     		ldr	r1, .L35+28
 522 01a4 04A8     		add	r0, sp, #16
 523 01a6 FFF7FEFF 		bl	sprintf
 524              	.LVL71:
 153:main.c        **** 
 154:main.c        ****             flag_cdcready = USBUART_CDCIsReady();
 525              		.loc 1 154 0
 526 01aa FFF7FEFF 		bl	USBUART_CDCIsReady
 527              	.LVL72:
 155:main.c        ****             if(flag_cdcready && flag_getconfig){
 528              		.loc 1 155 0
 529 01ae 28B1     		cbz	r0, .L29
 530              		.loc 1 155 0 is_stmt 0 discriminator 1
 531 01b0 B8F1000F 		cmp	r8, #0
 532 01b4 02D0     		beq	.L29
 156:main.c        ****                 USBUART_PutString(buffer);
 533              		.loc 1 156 0 is_stmt 1
 534 01b6 04A8     		add	r0, sp, #16
 535              	.LVL73:
 536 01b8 FFF7FEFF 		bl	USBUART_PutString
 537              	.LVL74:
 538              	.L29:
 157:main.c        ****             }            
 158:main.c        ****             
 159:main.c        ****             // motorcontrol
 160:main.c        ****             temp += KM * (distance - CENTER);
 539              		.loc 1 160 0
 540 01bc 144A     		ldr	r2, .L35+4
 541 01be D388     		ldrh	r3, [r2, #6]
 542 01c0 3344     		add	r3, r3, r6
 543 01c2 A3F5C873 		sub	r3, r3, #400
 544 01c6 1BB2     		sxth	r3, r3
 545 01c8 D380     		strh	r3, [r2, #6]	@ movhi
 161:main.c        ****             if(temp > 500){
 546              		.loc 1 161 0
 547 01ca B3F5FA7F 		cmp	r3, #500
 548 01ce 05DD     		ble	.L30
 162:main.c        ****                 temp = v = 500;
 549              		.loc 1 162 0
 550 01d0 1346     		mov	r3, r2
 551 01d2 4FF4FA72 		mov	r2, #500
 552 01d6 1A81     		strh	r2, [r3, #8]	@ movhi
 553 01d8 DA80     		strh	r2, [r3, #6]	@ movhi
 554 01da 0AE0     		b	.L31
 555              	.L30:
 163:main.c        ****             }
 164:main.c        ****             else if (temp < -500){
 556              		.loc 1 164 0
 557 01dc 13F5FA7F 		cmn	r3, #500
 558 01e0 05DA     		bge	.L32
 165:main.c        ****                 temp = v = -500;
 559              		.loc 1 165 0
 560 01e2 0B4B     		ldr	r3, .L35+4
ARM GAS  C:\Users\lab512\AppData\Local\Temp\ccjulpDP.s 			page 14


 561 01e4 4FF60C62 		movw	r2, #65036
 562 01e8 1A81     		strh	r2, [r3, #8]	@ movhi
 563 01ea DA80     		strh	r2, [r3, #6]	@ movhi
 564 01ec 01E0     		b	.L31
 565              	.L32:
 166:main.c        ****             }
 167:main.c        ****             else{
 168:main.c        ****                 v = temp;
 566              		.loc 1 168 0
 567 01ee 084A     		ldr	r2, .L35+4
 568 01f0 1381     		strh	r3, [r2, #8]	@ movhi
 569              	.L31:
 169:main.c        ****             }
 170:main.c        ****             
 171:main.c        ****             SetServoVelocity(SERVO_ID, v);
 570              		.loc 1 171 0
 571 01f2 074B     		ldr	r3, .L35+4
 572 01f4 B3F90810 		ldrsh	r1, [r3, #8]
 573 01f8 0720     		movs	r0, #7
 574 01fa FFF7FEFF 		bl	SetServoVelocity
 575              	.LVL75:
 126:main.c        ****             velocity = (lastdistance - distance) * 1000 / INTERVAL;
 576              		.loc 1 126 0
 577 01fe 3446     		mov	r4, r6
 578              	.LVL76:
 579 0200 3D46     		mov	r5, r7
 580              	.LVL77:
 581              	.L25:
 172:main.c        ****         }
 173:main.c        ****         
 174:main.c        ****         
 175:main.c        ****         CyDelay(INTERVAL);
 582              		.loc 1 175 0
 583 0202 6420     		movs	r0, #100
 584 0204 FFF7FEFF 		bl	CyDelay
 585              	.LVL78:
 176:main.c        ****             
 177:main.c        ****     }
 586              		.loc 1 177 0
 587 0208 1BE7     		b	.L33
 588              	.L36:
 589 020a 00BF     		.align	2
 590              	.L35:
 591 020c 00000000 		.word	InterruptHandler
 592 0210 00000000 		.word	.LANCHOR0
 593 0214 00000000 		.word	.LC0
 594 0218 14000000 		.word	.LC1
 595 021c 20000000 		.word	.LC2
 596 0220 2C000000 		.word	.LC3
 597 0224 30000000 		.word	.LC4
 598 0228 34000000 		.word	.LC5
 599              		.cfi_endproc
 600              	.LFE69:
 601              		.size	main, .-main
 602              		.global	temp
 603              		.global	v
 604              		.global	period
ARM GAS  C:\Users\lab512\AppData\Local\Temp\ccjulpDP.s 			page 15


 605              		.global	timeout
 606              		.section	.rodata.str1.4,"aMS",%progbits,1
 607              		.align	2
 608              	.LC0:
 609 0000 20202020 		.ascii	"                \000"
 609      20202020 
 609      20202020 
 609      20202020 
 609      00
 610 0011 000000   		.space	3
 611              	.LC1:
 612 0014 25642E25 		.ascii	"%d.%d cm\000"
 612      6420636D 
 612      00
 613 001d 000000   		.space	3
 614              	.LC2:
 615 0020 25642E25 		.ascii	"%d.%d cm/s\000"
 615      6420636D 
 615      2F7300
 616 002b 00       		.space	1
 617              	.LC3:
 618 002c 643A00   		.ascii	"d:\000"
 619 002f 00       		.space	1
 620              	.LC4:
 621 0030 763A00   		.ascii	"v:\000"
 622 0033 00       		.space	1
 623              	.LC5:
 624 0034 25642025 		.ascii	"%d %d\012\000"
 624      640A00
 625              		.bss
 626              		.align	2
 627              		.set	.LANCHOR0,. + 0
 628              		.type	timeout, %object
 629              		.size	timeout, 4
 630              	timeout:
 631 0000 00000000 		.space	4
 632              		.type	period, %object
 633              		.size	period, 2
 634              	period:
 635 0004 0000     		.space	2
 636              		.type	temp, %object
 637              		.size	temp, 2
 638              	temp:
 639 0006 0000     		.space	2
 640              		.type	v, %object
 641              		.size	v, 2
 642              	v:
 643 0008 0000     		.space	2
 644              		.text
 645              	.Letext0:
 646              		.file 2 "d:\\psoccreator4.2\\psoc creator\\4.2\\psoc creator\\import\\gnu\\arm\\5.4.1\\arm-none-ea
 647              		.file 3 "d:\\psoccreator4.2\\psoc creator\\4.2\\psoc creator\\import\\gnu\\arm\\5.4.1\\arm-none-ea
 648              		.file 4 "Generated_Source\\PSoC5/cytypes.h"
 649              		.file 5 "Generated_Source\\PSoC5/core_cm3.h"
 650              		.file 6 "Generated_Source\\PSoC5/Timer.h"
 651              		.file 7 "Generated_Source\\PSoC5/Tx.h"
 652              		.file 8 "Generated_Source\\PSoC5/CyLib.h"
ARM GAS  C:\Users\lab512\AppData\Local\Temp\ccjulpDP.s 			page 16


 653              		.file 9 "Generated_Source\\PSoC5/TimeoutISR.h"
 654              		.file 10 "Generated_Source\\PSoC5/LCD.h"
 655              		.file 11 "Generated_Source\\PSoC5/Clock.h"
 656              		.file 12 "Generated_Source\\PSoC5/UART.h"
 657              		.file 13 "servo.h"
 658              		.file 14 "Generated_Source\\PSoC5/USBUART.h"
 659              		.file 15 "Generated_Source\\PSoC5/USBUART_cdc.h"
 660              		.file 16 "Generated_Source\\PSoC5/Rx.h"
 661              		.file 17 "d:\\psoccreator4.2\\psoc creator\\4.2\\psoc creator\\import\\gnu\\arm\\5.4.1\\arm-none-e
 662              		.file 18 "Generated_Source\\PSoC5/LED.h"
 663              		.section	.debug_info,"",%progbits
 664              	.Ldebug_info0:
 665 0000 03070000 		.4byte	0x703
 666 0004 0400     		.2byte	0x4
 667 0006 00000000 		.4byte	.Ldebug_abbrev0
 668 000a 04       		.byte	0x4
 669 000b 01       		.uleb128 0x1
 670 000c 21030000 		.4byte	.LASF64
 671 0010 0C       		.byte	0xc
 672 0011 90020000 		.4byte	.LASF65
 673 0015 CB010000 		.4byte	.LASF66
 674 0019 00000000 		.4byte	.Ldebug_ranges0+0
 675 001d 00000000 		.4byte	0
 676 0021 00000000 		.4byte	.Ldebug_line0
 677 0025 02       		.uleb128 0x2
 678 0026 01       		.byte	0x1
 679 0027 06       		.byte	0x6
 680 0028 8B010000 		.4byte	.LASF0
 681 002c 02       		.uleb128 0x2
 682 002d 01       		.byte	0x1
 683 002e 08       		.byte	0x8
 684 002f 75010000 		.4byte	.LASF1
 685 0033 02       		.uleb128 0x2
 686 0034 02       		.byte	0x2
 687 0035 05       		.byte	0x5
 688 0036 30000000 		.4byte	.LASF2
 689 003a 02       		.uleb128 0x2
 690 003b 02       		.byte	0x2
 691 003c 07       		.byte	0x7
 692 003d 0E020000 		.4byte	.LASF3
 693 0041 03       		.uleb128 0x3
 694 0042 CE020000 		.4byte	.LASF9
 695 0046 02       		.byte	0x2
 696 0047 3F       		.byte	0x3f
 697 0048 4C000000 		.4byte	0x4c
 698 004c 02       		.uleb128 0x2
 699 004d 04       		.byte	0x4
 700 004e 05       		.byte	0x5
 701 004f 13010000 		.4byte	.LASF4
 702 0053 02       		.uleb128 0x2
 703 0054 04       		.byte	0x4
 704 0055 07       		.byte	0x7
 705 0056 9C020000 		.4byte	.LASF5
 706 005a 02       		.uleb128 0x2
 707 005b 08       		.byte	0x8
 708 005c 05       		.byte	0x5
 709 005d F1000000 		.4byte	.LASF6
ARM GAS  C:\Users\lab512\AppData\Local\Temp\ccjulpDP.s 			page 17


 710 0061 02       		.uleb128 0x2
 711 0062 08       		.byte	0x8
 712 0063 07       		.byte	0x7
 713 0064 97010000 		.4byte	.LASF7
 714 0068 04       		.uleb128 0x4
 715 0069 04       		.byte	0x4
 716 006a 05       		.byte	0x5
 717 006b 696E7400 		.ascii	"int\000"
 718 006f 02       		.uleb128 0x2
 719 0070 04       		.byte	0x4
 720 0071 07       		.byte	0x7
 721 0072 AE010000 		.4byte	.LASF8
 722 0076 03       		.uleb128 0x3
 723 0077 61020000 		.4byte	.LASF10
 724 007b 03       		.byte	0x3
 725 007c 2C       		.byte	0x2c
 726 007d 41000000 		.4byte	0x41
 727 0081 05       		.uleb128 0x5
 728 0082 95000000 		.4byte	.LASF11
 729 0086 04       		.byte	0x4
 730 0087 E401     		.2byte	0x1e4
 731 0089 2C000000 		.4byte	0x2c
 732 008d 05       		.uleb128 0x5
 733 008e 8E000000 		.4byte	.LASF12
 734 0092 04       		.byte	0x4
 735 0093 E501     		.2byte	0x1e5
 736 0095 3A000000 		.4byte	0x3a
 737 0099 05       		.uleb128 0x5
 738 009a 89020000 		.4byte	.LASF13
 739 009e 04       		.byte	0x4
 740 009f E601     		.2byte	0x1e6
 741 00a1 53000000 		.4byte	0x53
 742 00a5 02       		.uleb128 0x2
 743 00a6 04       		.byte	0x4
 744 00a7 04       		.byte	0x4
 745 00a8 D2000000 		.4byte	.LASF14
 746 00ac 02       		.uleb128 0x2
 747 00ad 08       		.byte	0x8
 748 00ae 04       		.byte	0x4
 749 00af AE020000 		.4byte	.LASF15
 750 00b3 02       		.uleb128 0x2
 751 00b4 01       		.byte	0x1
 752 00b5 08       		.byte	0x8
 753 00b6 36020000 		.4byte	.LASF16
 754 00ba 05       		.uleb128 0x5
 755 00bb 97020000 		.4byte	.LASF17
 756 00bf 04       		.byte	0x4
 757 00c0 8E02     		.2byte	0x28e
 758 00c2 C6000000 		.4byte	0xc6
 759 00c6 06       		.uleb128 0x6
 760 00c7 81000000 		.4byte	0x81
 761 00cb 02       		.uleb128 0x2
 762 00cc 08       		.byte	0x8
 763 00cd 04       		.byte	0x4
 764 00ce 5F010000 		.4byte	.LASF18
 765 00d2 02       		.uleb128 0x2
 766 00d3 04       		.byte	0x4
ARM GAS  C:\Users\lab512\AppData\Local\Temp\ccjulpDP.s 			page 18


 767 00d4 07       		.byte	0x7
 768 00d5 3A000000 		.4byte	.LASF19
 769 00d9 07       		.uleb128 0x7
 770 00da D8020000 		.4byte	.LASF22
 771 00de 01       		.byte	0x1
 772 00df 37       		.byte	0x37
 773 00e0 00000000 		.4byte	.LFB68
 774 00e4 1C000000 		.4byte	.LFE68-.LFB68
 775 00e8 01       		.uleb128 0x1
 776 00e9 9C       		.byte	0x9c
 777 00ea F8000000 		.4byte	0xf8
 778 00ee 08       		.uleb128 0x8
 779 00ef 10000000 		.4byte	.LVL0
 780 00f3 FC050000 		.4byte	0x5fc
 781 00f7 00       		.byte	0
 782 00f8 09       		.uleb128 0x9
 783 00f9 06020000 		.4byte	.LASF20
 784 00fd 01       		.byte	0x1
 785 00fe 1F       		.byte	0x1f
 786 00ff 00000000 		.4byte	.LFB64
 787 0103 16000000 		.4byte	.LFE64-.LFB64
 788 0107 01       		.uleb128 0x1
 789 0108 9C       		.byte	0x9c
 790 0109 44010000 		.4byte	0x144
 791 010d 0A       		.uleb128 0xa
 792 010e 08000000 		.4byte	.LVL1
 793 0112 07060000 		.4byte	0x607
 794 0116 20010000 		.4byte	0x120
 795 011a 0B       		.uleb128 0xb
 796 011b 01       		.uleb128 0x1
 797 011c 50       		.byte	0x50
 798 011d 01       		.uleb128 0x1
 799 011e 31       		.byte	0x31
 800 011f 00       		.byte	0
 801 0120 0A       		.uleb128 0xa
 802 0121 0E000000 		.4byte	.LVL2
 803 0125 12060000 		.4byte	0x612
 804 0129 34010000 		.4byte	0x134
 805 012d 0B       		.uleb128 0xb
 806 012e 01       		.uleb128 0x1
 807 012f 50       		.byte	0x50
 808 0130 02       		.uleb128 0x2
 809 0131 08       		.byte	0x8
 810 0132 64       		.byte	0x64
 811 0133 00       		.byte	0
 812 0134 0C       		.uleb128 0xc
 813 0135 14000000 		.4byte	.LVL3
 814 0139 07060000 		.4byte	0x607
 815 013d 0B       		.uleb128 0xb
 816 013e 01       		.uleb128 0x1
 817 013f 50       		.byte	0x50
 818 0140 01       		.uleb128 0x1
 819 0141 30       		.byte	0x30
 820 0142 00       		.byte	0
 821 0143 00       		.byte	0
 822 0144 09       		.uleb128 0x9
 823 0145 77020000 		.4byte	.LASF21
ARM GAS  C:\Users\lab512\AppData\Local\Temp\ccjulpDP.s 			page 19


 824 0149 01       		.byte	0x1
 825 014a 26       		.byte	0x26
 826 014b 00000000 		.4byte	.LFB65
 827 014f 18000000 		.4byte	.LFE65-.LFB65
 828 0153 01       		.uleb128 0x1
 829 0154 9C       		.byte	0x9c
 830 0155 6C010000 		.4byte	0x16c
 831 0159 08       		.uleb128 0x8
 832 015a 06000000 		.4byte	.LVL4
 833 015e 1D060000 		.4byte	0x61d
 834 0162 08       		.uleb128 0x8
 835 0163 10000000 		.4byte	.LVL5
 836 0167 28060000 		.4byte	0x628
 837 016b 00       		.byte	0
 838 016c 0D       		.uleb128 0xd
 839 016d 48000000 		.4byte	.LASF23
 840 0171 01       		.byte	0x1
 841 0172 2C       		.byte	0x2c
 842 0173 99000000 		.4byte	0x99
 843 0177 00000000 		.4byte	.LFB66
 844 017b 1C000000 		.4byte	.LFE66-.LFB66
 845 017f 01       		.uleb128 0x1
 846 0180 9C       		.byte	0x9c
 847 0181 A7010000 		.4byte	0x1a7
 848 0185 0E       		.uleb128 0xe
 849 0186 636E7400 		.ascii	"cnt\000"
 850 018a 01       		.byte	0x1
 851 018b 2E       		.byte	0x2e
 852 018c 99000000 		.4byte	0x99
 853 0190 00000000 		.4byte	.LLST0
 854 0194 08       		.uleb128 0x8
 855 0195 06000000 		.4byte	.LVL6
 856 0199 33060000 		.4byte	0x633
 857 019d 08       		.uleb128 0x8
 858 019e 0C000000 		.4byte	.LVL8
 859 01a2 FC050000 		.4byte	0x5fc
 860 01a6 00       		.byte	0
 861 01a7 0F       		.uleb128 0xf
 862 01a8 21020000 		.4byte	.LASF67
 863 01ac 01       		.byte	0x1
 864 01ad 33       		.byte	0x33
 865 01ae 5A000000 		.4byte	0x5a
 866 01b2 00000000 		.4byte	.LFB67
 867 01b6 48000000 		.4byte	.LFE67-.LFB67
 868 01ba 01       		.uleb128 0x1
 869 01bb 9C       		.byte	0x9c
 870 01bc D0010000 		.4byte	0x1d0
 871 01c0 10       		.uleb128 0x10
 872 01c1 636E7400 		.ascii	"cnt\000"
 873 01c5 01       		.byte	0x1
 874 01c6 33       		.byte	0x33
 875 01c7 99000000 		.4byte	0x99
 876 01cb 1E000000 		.4byte	.LLST1
 877 01cf 00       		.byte	0
 878 01d0 11       		.uleb128 0x11
 879 01d1 43000000 		.4byte	.LASF68
 880 01d5 01       		.byte	0x1
ARM GAS  C:\Users\lab512\AppData\Local\Temp\ccjulpDP.s 			page 20


 881 01d6 45       		.byte	0x45
 882 01d7 68000000 		.4byte	0x68
 883 01db 00000000 		.4byte	.LFB69
 884 01df 2C020000 		.4byte	.LFE69-.LFB69
 885 01e3 01       		.uleb128 0x1
 886 01e4 9C       		.byte	0x9c
 887 01e5 89050000 		.4byte	0x589
 888 01e9 0E       		.uleb128 0xe
 889 01ea 636E7400 		.ascii	"cnt\000"
 890 01ee 01       		.byte	0x1
 891 01ef 4A       		.byte	0x4a
 892 01f0 99000000 		.4byte	0x99
 893 01f4 4A000000 		.4byte	.LLST2
 894 01f8 12       		.uleb128 0x12
 895 01f9 48010000 		.4byte	.LASF24
 896 01fd 01       		.byte	0x1
 897 01fe 4B       		.byte	0x4b
 898 01ff 89050000 		.4byte	0x589
 899 0203 03       		.uleb128 0x3
 900 0204 91       		.byte	0x91
 901 0205 987F     		.sleb128 -104
 902 0207 12       		.uleb128 0x12
 903 0208 A4000000 		.4byte	.LASF25
 904 020c 01       		.byte	0x1
 905 020d 4B       		.byte	0x4b
 906 020e 89050000 		.4byte	0x589
 907 0212 03       		.uleb128 0x3
 908 0213 91       		.byte	0x91
 909 0214 D87E     		.sleb128 -168
 910 0216 13       		.uleb128 0x13
 911 0217 CA030000 		.4byte	.LASF26
 912 021b 01       		.byte	0x1
 913 021c 4C       		.byte	0x4c
 914 021d 68000000 		.4byte	0x68
 915 0221 74000000 		.4byte	.LLST3
 916 0225 13       		.uleb128 0x13
 917 0226 51000000 		.4byte	.LASF27
 918 022a 01       		.byte	0x1
 919 022b 4C       		.byte	0x4c
 920 022c 68000000 		.4byte	0x68
 921 0230 94000000 		.4byte	.LLST4
 922 0234 13       		.uleb128 0x13
 923 0235 E9020000 		.4byte	.LASF28
 924 0239 01       		.byte	0x1
 925 023a 4C       		.byte	0x4c
 926 023b 68000000 		.4byte	0x68
 927 023f B4000000 		.4byte	.LLST5
 928 0243 13       		.uleb128 0x13
 929 0244 1D000000 		.4byte	.LASF29
 930 0248 01       		.byte	0x1
 931 0249 4C       		.byte	0x4c
 932 024a 68000000 		.4byte	0x68
 933 024e D2000000 		.4byte	.LLST6
 934 0252 13       		.uleb128 0x13
 935 0253 3B020000 		.4byte	.LASF30
 936 0257 01       		.byte	0x1
 937 0258 4D       		.byte	0x4d
ARM GAS  C:\Users\lab512\AppData\Local\Temp\ccjulpDP.s 			page 21


 938 0259 5A000000 		.4byte	0x5a
 939 025d F0000000 		.4byte	.LLST7
 940 0261 13       		.uleb128 0x13
 941 0262 14030000 		.4byte	.LASF31
 942 0266 01       		.byte	0x1
 943 0267 4D       		.byte	0x4d
 944 0268 5A000000 		.4byte	0x5a
 945 026c 3C010000 		.4byte	.LLST8
 946 0270 13       		.uleb128 0x13
 947 0271 2E010000 		.4byte	.LASF32
 948 0275 01       		.byte	0x1
 949 0276 4D       		.byte	0x4d
 950 0277 5A000000 		.4byte	0x5a
 951 027b 68010000 		.4byte	.LLST9
 952 027f 12       		.uleb128 0x12
 953 0280 82020000 		.4byte	.LASF33
 954 0284 01       		.byte	0x1
 955 0285 4F       		.byte	0x4f
 956 0286 99050000 		.4byte	0x599
 957 028a 03       		.uleb128 0x3
 958 028b 91       		.byte	0x91
 959 028c 987E     		.sleb128 -232
 960 028e 13       		.uleb128 0x13
 961 028f C3000000 		.4byte	.LASF34
 962 0293 01       		.byte	0x1
 963 0294 50       		.byte	0x50
 964 0295 68000000 		.4byte	0x68
 965 0299 B6010000 		.4byte	.LLST10
 966 029d 13       		.uleb128 0x13
 967 029e 69020000 		.4byte	.LASF35
 968 02a2 01       		.byte	0x1
 969 02a3 50       		.byte	0x50
 970 02a4 68000000 		.4byte	0x68
 971 02a8 D4010000 		.4byte	.LLST11
 972 02ac 0A       		.uleb128 0xa
 973 02ad 0E000000 		.4byte	.LVL14
 974 02b1 3E060000 		.4byte	0x63e
 975 02b5 C3020000 		.4byte	0x2c3
 976 02b9 0B       		.uleb128 0xb
 977 02ba 01       		.uleb128 0x1
 978 02bb 50       		.byte	0x50
 979 02bc 05       		.uleb128 0x5
 980 02bd 03       		.byte	0x3
 981 02be 00000000 		.4byte	InterruptHandler
 982 02c2 00       		.byte	0
 983 02c3 08       		.uleb128 0x8
 984 02c4 12000000 		.4byte	.LVL15
 985 02c8 49060000 		.4byte	0x649
 986 02cc 08       		.uleb128 0x8
 987 02cd 16000000 		.4byte	.LVL16
 988 02d1 54060000 		.4byte	0x654
 989 02d5 08       		.uleb128 0x8
 990 02d6 1A000000 		.4byte	.LVL17
 991 02da 5F060000 		.4byte	0x65f
 992 02de 08       		.uleb128 0x8
 993 02df 1E000000 		.4byte	.LVL18
 994 02e3 6A060000 		.4byte	0x66a
ARM GAS  C:\Users\lab512\AppData\Local\Temp\ccjulpDP.s 			page 22


 995 02e7 0A       		.uleb128 0xa
 996 02e8 2C000000 		.4byte	.LVL19
 997 02ec 75060000 		.4byte	0x675
 998 02f0 04030000 		.4byte	0x304
 999 02f4 0B       		.uleb128 0xb
 1000 02f5 01       		.uleb128 0x1
 1001 02f6 50       		.byte	0x50
 1002 02f7 01       		.uleb128 0x1
 1003 02f8 37       		.byte	0x37
 1004 02f9 0B       		.uleb128 0xb
 1005 02fa 01       		.uleb128 0x1
 1006 02fb 51       		.byte	0x51
 1007 02fc 01       		.uleb128 0x1
 1008 02fd 30       		.byte	0x30
 1009 02fe 0B       		.uleb128 0xb
 1010 02ff 01       		.uleb128 0x1
 1011 0300 52       		.byte	0x52
 1012 0301 01       		.uleb128 0x1
 1013 0302 30       		.byte	0x30
 1014 0303 00       		.byte	0
 1015 0304 0A       		.uleb128 0xa
 1016 0305 34000000 		.4byte	.LVL20
 1017 0309 80060000 		.4byte	0x680
 1018 030d 1C030000 		.4byte	0x31c
 1019 0311 0B       		.uleb128 0xb
 1020 0312 01       		.uleb128 0x1
 1021 0313 50       		.byte	0x50
 1022 0314 01       		.uleb128 0x1
 1023 0315 30       		.byte	0x30
 1024 0316 0B       		.uleb128 0xb
 1025 0317 01       		.uleb128 0x1
 1026 0318 51       		.byte	0x51
 1027 0319 01       		.uleb128 0x1
 1028 031a 30       		.byte	0x30
 1029 031b 00       		.byte	0
 1030 031c 08       		.uleb128 0x8
 1031 031d 38000000 		.4byte	.LVL21
 1032 0321 8C060000 		.4byte	0x68c
 1033 0325 08       		.uleb128 0x8
 1034 0326 3E000000 		.4byte	.LVL23
 1035 032a 98060000 		.4byte	0x698
 1036 032e 0A       		.uleb128 0xa
 1037 032f 50000000 		.4byte	.LVL25
 1038 0333 A3060000 		.4byte	0x6a3
 1039 0337 48030000 		.4byte	0x348
 1040 033b 0B       		.uleb128 0xb
 1041 033c 01       		.uleb128 0x1
 1042 033d 50       		.byte	0x50
 1043 033e 02       		.uleb128 0x2
 1044 033f 76       		.byte	0x76
 1045 0340 00       		.sleb128 0
 1046 0341 0B       		.uleb128 0xb
 1047 0342 01       		.uleb128 0x1
 1048 0343 51       		.byte	0x51
 1049 0344 02       		.uleb128 0x2
 1050 0345 76       		.byte	0x76
 1051 0346 00       		.sleb128 0
ARM GAS  C:\Users\lab512\AppData\Local\Temp\ccjulpDP.s 			page 23


 1052 0347 00       		.byte	0
 1053 0348 0A       		.uleb128 0xa
 1054 0349 58000000 		.4byte	.LVL26
 1055 034d AE060000 		.4byte	0x6ae
 1056 0351 5C030000 		.4byte	0x35c
 1057 0355 0B       		.uleb128 0xb
 1058 0356 01       		.uleb128 0x1
 1059 0357 50       		.byte	0x50
 1060 0358 02       		.uleb128 0x2
 1061 0359 77       		.byte	0x77
 1062 035a 00       		.sleb128 0
 1063 035b 00       		.byte	0
 1064 035c 0A       		.uleb128 0xa
 1065 035d 60000000 		.4byte	.LVL27
 1066 0361 A3060000 		.4byte	0x6a3
 1067 0365 75030000 		.4byte	0x375
 1068 0369 0B       		.uleb128 0xb
 1069 036a 01       		.uleb128 0x1
 1070 036b 50       		.byte	0x50
 1071 036c 01       		.uleb128 0x1
 1072 036d 31       		.byte	0x31
 1073 036e 0B       		.uleb128 0xb
 1074 036f 01       		.uleb128 0x1
 1075 0370 51       		.byte	0x51
 1076 0371 02       		.uleb128 0x2
 1077 0372 76       		.byte	0x76
 1078 0373 00       		.sleb128 0
 1079 0374 00       		.byte	0
 1080 0375 0A       		.uleb128 0xa
 1081 0376 66000000 		.4byte	.LVL28
 1082 037a AE060000 		.4byte	0x6ae
 1083 037e 89030000 		.4byte	0x389
 1084 0382 0B       		.uleb128 0xb
 1085 0383 01       		.uleb128 0x1
 1086 0384 50       		.byte	0x50
 1087 0385 02       		.uleb128 0x2
 1088 0386 77       		.byte	0x77
 1089 0387 00       		.sleb128 0
 1090 0388 00       		.byte	0
 1091 0389 08       		.uleb128 0x8
 1092 038a 70000000 		.4byte	.LVL29
 1093 038e 8C060000 		.4byte	0x68c
 1094 0392 08       		.uleb128 0x8
 1095 0393 76000000 		.4byte	.LVL31
 1096 0397 F8000000 		.4byte	0xf8
 1097 039b 08       		.uleb128 0x8
 1098 039c 7A000000 		.4byte	.LVL32
 1099 03a0 B9060000 		.4byte	0x6b9
 1100 03a4 08       		.uleb128 0x8
 1101 03a5 88000000 		.4byte	.LVL33
 1102 03a9 44010000 		.4byte	0x144
 1103 03ad 08       		.uleb128 0x8
 1104 03ae 8C000000 		.4byte	.LVL34
 1105 03b2 B9060000 		.4byte	0x6b9
 1106 03b6 08       		.uleb128 0x8
 1107 03b7 9A000000 		.4byte	.LVL35
 1108 03bb 6C010000 		.4byte	0x16c
ARM GAS  C:\Users\lab512\AppData\Local\Temp\ccjulpDP.s 			page 24


 1109 03bf 0A       		.uleb128 0xa
 1110 03c0 AE000000 		.4byte	.LVL38
 1111 03c4 A3060000 		.4byte	0x6a3
 1112 03c8 D7030000 		.4byte	0x3d7
 1113 03cc 0B       		.uleb128 0xb
 1114 03cd 01       		.uleb128 0x1
 1115 03ce 50       		.byte	0x50
 1116 03cf 01       		.uleb128 0x1
 1117 03d0 30       		.byte	0x30
 1118 03d1 0B       		.uleb128 0xb
 1119 03d2 01       		.uleb128 0x1
 1120 03d3 51       		.byte	0x51
 1121 03d4 01       		.uleb128 0x1
 1122 03d5 30       		.byte	0x30
 1123 03d6 00       		.byte	0
 1124 03d7 0A       		.uleb128 0xa
 1125 03d8 B4000000 		.4byte	.LVL39
 1126 03dc AE060000 		.4byte	0x6ae
 1127 03e0 EB030000 		.4byte	0x3eb
 1128 03e4 0B       		.uleb128 0xb
 1129 03e5 01       		.uleb128 0x1
 1130 03e6 50       		.byte	0x50
 1131 03e7 02       		.uleb128 0x2
 1132 03e8 77       		.byte	0x77
 1133 03e9 00       		.sleb128 0
 1134 03ea 00       		.byte	0
 1135 03eb 0A       		.uleb128 0xa
 1136 03ec BC000000 		.4byte	.LVL40
 1137 03f0 A3060000 		.4byte	0x6a3
 1138 03f4 03040000 		.4byte	0x403
 1139 03f8 0B       		.uleb128 0xb
 1140 03f9 01       		.uleb128 0x1
 1141 03fa 50       		.byte	0x50
 1142 03fb 01       		.uleb128 0x1
 1143 03fc 30       		.byte	0x30
 1144 03fd 0B       		.uleb128 0xb
 1145 03fe 01       		.uleb128 0x1
 1146 03ff 51       		.byte	0x51
 1147 0400 01       		.uleb128 0x1
 1148 0401 30       		.byte	0x30
 1149 0402 00       		.byte	0
 1150 0403 0A       		.uleb128 0xa
 1151 0404 C2000000 		.4byte	.LVL41
 1152 0408 A7010000 		.4byte	0x1a7
 1153 040c 17040000 		.4byte	0x417
 1154 0410 0B       		.uleb128 0xb
 1155 0411 01       		.uleb128 0x1
 1156 0412 50       		.byte	0x50
 1157 0413 02       		.uleb128 0x2
 1158 0414 76       		.byte	0x76
 1159 0415 00       		.sleb128 0
 1160 0416 00       		.byte	0
 1161 0417 0A       		.uleb128 0xa
 1162 0418 54010000 		.4byte	.LVL61
 1163 041c C4060000 		.4byte	0x6c4
 1164 0420 45040000 		.4byte	0x445
 1165 0424 0B       		.uleb128 0xb
ARM GAS  C:\Users\lab512\AppData\Local\Temp\ccjulpDP.s 			page 25


 1166 0425 01       		.uleb128 0x1
 1167 0426 50       		.byte	0x50
 1168 0427 03       		.uleb128 0x3
 1169 0428 91       		.byte	0x91
 1170 0429 987F     		.sleb128 -104
 1171 042b 0B       		.uleb128 0xb
 1172 042c 01       		.uleb128 0x1
 1173 042d 51       		.byte	0x51
 1174 042e 05       		.uleb128 0x5
 1175 042f 03       		.byte	0x3
 1176 0430 14000000 		.4byte	.LC1
 1177 0434 0B       		.uleb128 0xb
 1178 0435 01       		.uleb128 0x1
 1179 0436 52       		.byte	0x52
 1180 0437 04       		.uleb128 0x4
 1181 0438 91       		.byte	0x91
 1182 0439 907E     		.sleb128 -240
 1183 043b 06       		.byte	0x6
 1184 043c 0B       		.uleb128 0xb
 1185 043d 01       		.uleb128 0x1
 1186 043e 53       		.byte	0x53
 1187 043f 04       		.uleb128 0x4
 1188 0440 91       		.byte	0x91
 1189 0441 947E     		.sleb128 -236
 1190 0443 06       		.byte	0x6
 1191 0444 00       		.byte	0
 1192 0445 0A       		.uleb128 0xa
 1193 0446 60010000 		.4byte	.LVL62
 1194 044a C4060000 		.4byte	0x6c4
 1195 044e 6F040000 		.4byte	0x46f
 1196 0452 0B       		.uleb128 0xb
 1197 0453 01       		.uleb128 0x1
 1198 0454 50       		.byte	0x50
 1199 0455 03       		.uleb128 0x3
 1200 0456 91       		.byte	0x91
 1201 0457 D87E     		.sleb128 -168
 1202 0459 0B       		.uleb128 0xb
 1203 045a 01       		.uleb128 0x1
 1204 045b 51       		.byte	0x51
 1205 045c 05       		.uleb128 0x5
 1206 045d 03       		.byte	0x3
 1207 045e 20000000 		.4byte	.LC2
 1208 0462 0B       		.uleb128 0xb
 1209 0463 01       		.uleb128 0x1
 1210 0464 52       		.byte	0x52
 1211 0465 02       		.uleb128 0x2
 1212 0466 74       		.byte	0x74
 1213 0467 00       		.sleb128 0
 1214 0468 0B       		.uleb128 0xb
 1215 0469 01       		.uleb128 0x1
 1216 046a 53       		.byte	0x53
 1217 046b 02       		.uleb128 0x2
 1218 046c 75       		.byte	0x75
 1219 046d 00       		.sleb128 0
 1220 046e 00       		.byte	0
 1221 046f 0A       		.uleb128 0xa
 1222 0470 68010000 		.4byte	.LVL63
ARM GAS  C:\Users\lab512\AppData\Local\Temp\ccjulpDP.s 			page 26


 1223 0474 A3060000 		.4byte	0x6a3
 1224 0478 87040000 		.4byte	0x487
 1225 047c 0B       		.uleb128 0xb
 1226 047d 01       		.uleb128 0x1
 1227 047e 50       		.byte	0x50
 1228 047f 01       		.uleb128 0x1
 1229 0480 30       		.byte	0x30
 1230 0481 0B       		.uleb128 0xb
 1231 0482 01       		.uleb128 0x1
 1232 0483 51       		.byte	0x51
 1233 0484 01       		.uleb128 0x1
 1234 0485 30       		.byte	0x30
 1235 0486 00       		.byte	0
 1236 0487 0A       		.uleb128 0xa
 1237 0488 6E010000 		.4byte	.LVL64
 1238 048c AE060000 		.4byte	0x6ae
 1239 0490 9E040000 		.4byte	0x49e
 1240 0494 0B       		.uleb128 0xb
 1241 0495 01       		.uleb128 0x1
 1242 0496 50       		.byte	0x50
 1243 0497 05       		.uleb128 0x5
 1244 0498 03       		.byte	0x3
 1245 0499 2C000000 		.4byte	.LC3
 1246 049d 00       		.byte	0
 1247 049e 0A       		.uleb128 0xa
 1248 049f 74010000 		.4byte	.LVL65
 1249 04a3 AE060000 		.4byte	0x6ae
 1250 04a7 B3040000 		.4byte	0x4b3
 1251 04ab 0B       		.uleb128 0xb
 1252 04ac 01       		.uleb128 0x1
 1253 04ad 50       		.byte	0x50
 1254 04ae 03       		.uleb128 0x3
 1255 04af 91       		.byte	0x91
 1256 04b0 987F     		.sleb128 -104
 1257 04b2 00       		.byte	0
 1258 04b3 0A       		.uleb128 0xa
 1259 04b4 7C010000 		.4byte	.LVL66
 1260 04b8 A3060000 		.4byte	0x6a3
 1261 04bc CB040000 		.4byte	0x4cb
 1262 04c0 0B       		.uleb128 0xb
 1263 04c1 01       		.uleb128 0x1
 1264 04c2 50       		.byte	0x50
 1265 04c3 01       		.uleb128 0x1
 1266 04c4 31       		.byte	0x31
 1267 04c5 0B       		.uleb128 0xb
 1268 04c6 01       		.uleb128 0x1
 1269 04c7 51       		.byte	0x51
 1270 04c8 01       		.uleb128 0x1
 1271 04c9 30       		.byte	0x30
 1272 04ca 00       		.byte	0
 1273 04cb 0A       		.uleb128 0xa
 1274 04cc 82010000 		.4byte	.LVL67
 1275 04d0 AE060000 		.4byte	0x6ae
 1276 04d4 E2040000 		.4byte	0x4e2
 1277 04d8 0B       		.uleb128 0xb
 1278 04d9 01       		.uleb128 0x1
 1279 04da 50       		.byte	0x50
ARM GAS  C:\Users\lab512\AppData\Local\Temp\ccjulpDP.s 			page 27


 1280 04db 05       		.uleb128 0x5
 1281 04dc 03       		.byte	0x3
 1282 04dd 30000000 		.4byte	.LC4
 1283 04e1 00       		.byte	0
 1284 04e2 0A       		.uleb128 0xa
 1285 04e3 88010000 		.4byte	.LVL68
 1286 04e7 AE060000 		.4byte	0x6ae
 1287 04eb F7040000 		.4byte	0x4f7
 1288 04ef 0B       		.uleb128 0xb
 1289 04f0 01       		.uleb128 0x1
 1290 04f1 50       		.byte	0x50
 1291 04f2 03       		.uleb128 0x3
 1292 04f3 91       		.byte	0x91
 1293 04f4 D87E     		.sleb128 -168
 1294 04f6 00       		.byte	0
 1295 04f7 0A       		.uleb128 0xa
 1296 04f8 96010000 		.4byte	.LVL69
 1297 04fc CF060000 		.4byte	0x6cf
 1298 0500 0A050000 		.4byte	0x50a
 1299 0504 0B       		.uleb128 0xb
 1300 0505 01       		.uleb128 0x1
 1301 0506 50       		.byte	0x50
 1302 0507 01       		.uleb128 0x1
 1303 0508 31       		.byte	0x31
 1304 0509 00       		.byte	0
 1305 050a 0A       		.uleb128 0xa
 1306 050b 9E010000 		.4byte	.LVL70
 1307 050f CF060000 		.4byte	0x6cf
 1308 0513 1D050000 		.4byte	0x51d
 1309 0517 0B       		.uleb128 0xb
 1310 0518 01       		.uleb128 0x1
 1311 0519 50       		.byte	0x50
 1312 051a 01       		.uleb128 0x1
 1313 051b 30       		.byte	0x30
 1314 051c 00       		.byte	0
 1315 051d 0A       		.uleb128 0xa
 1316 051e AA010000 		.4byte	.LVL71
 1317 0522 C4060000 		.4byte	0x6c4
 1318 0526 47050000 		.4byte	0x547
 1319 052a 0B       		.uleb128 0xb
 1320 052b 01       		.uleb128 0x1
 1321 052c 50       		.byte	0x50
 1322 052d 03       		.uleb128 0x3
 1323 052e 91       		.byte	0x91
 1324 052f 987E     		.sleb128 -232
 1325 0531 0B       		.uleb128 0xb
 1326 0532 01       		.uleb128 0x1
 1327 0533 51       		.byte	0x51
 1328 0534 05       		.uleb128 0x5
 1329 0535 03       		.byte	0x3
 1330 0536 34000000 		.4byte	.LC5
 1331 053a 0B       		.uleb128 0xb
 1332 053b 01       		.uleb128 0x1
 1333 053c 52       		.byte	0x52
 1334 053d 02       		.uleb128 0x2
 1335 053e 76       		.byte	0x76
 1336 053f 00       		.sleb128 0
ARM GAS  C:\Users\lab512\AppData\Local\Temp\ccjulpDP.s 			page 28


 1337 0540 0B       		.uleb128 0xb
 1338 0541 01       		.uleb128 0x1
 1339 0542 53       		.byte	0x53
 1340 0543 02       		.uleb128 0x2
 1341 0544 79       		.byte	0x79
 1342 0545 00       		.sleb128 0
 1343 0546 00       		.byte	0
 1344 0547 08       		.uleb128 0x8
 1345 0548 AE010000 		.4byte	.LVL72
 1346 054c DA060000 		.4byte	0x6da
 1347 0550 0A       		.uleb128 0xa
 1348 0551 BC010000 		.4byte	.LVL74
 1349 0555 E5060000 		.4byte	0x6e5
 1350 0559 65050000 		.4byte	0x565
 1351 055d 0B       		.uleb128 0xb
 1352 055e 01       		.uleb128 0x1
 1353 055f 50       		.byte	0x50
 1354 0560 03       		.uleb128 0x3
 1355 0561 91       		.byte	0x91
 1356 0562 987E     		.sleb128 -232
 1357 0564 00       		.byte	0
 1358 0565 0A       		.uleb128 0xa
 1359 0566 FE010000 		.4byte	.LVL75
 1360 056a F0060000 		.4byte	0x6f0
 1361 056e 78050000 		.4byte	0x578
 1362 0572 0B       		.uleb128 0xb
 1363 0573 01       		.uleb128 0x1
 1364 0574 50       		.byte	0x50
 1365 0575 01       		.uleb128 0x1
 1366 0576 37       		.byte	0x37
 1367 0577 00       		.byte	0
 1368 0578 0C       		.uleb128 0xc
 1369 0579 08020000 		.4byte	.LVL78
 1370 057d FB060000 		.4byte	0x6fb
 1371 0581 0B       		.uleb128 0xb
 1372 0582 01       		.uleb128 0x1
 1373 0583 50       		.byte	0x50
 1374 0584 02       		.uleb128 0x2
 1375 0585 08       		.byte	0x8
 1376 0586 64       		.byte	0x64
 1377 0587 00       		.byte	0
 1378 0588 00       		.byte	0
 1379 0589 14       		.uleb128 0x14
 1380 058a B3000000 		.4byte	0xb3
 1381 058e 99050000 		.4byte	0x599
 1382 0592 15       		.uleb128 0x15
 1383 0593 D2000000 		.4byte	0xd2
 1384 0597 3F       		.byte	0x3f
 1385 0598 00       		.byte	0
 1386 0599 14       		.uleb128 0x14
 1387 059a 81000000 		.4byte	0x81
 1388 059e A9050000 		.4byte	0x5a9
 1389 05a2 15       		.uleb128 0x15
 1390 05a3 D2000000 		.4byte	0xd2
 1391 05a7 3F       		.byte	0x3f
 1392 05a8 00       		.byte	0
 1393 05a9 16       		.uleb128 0x16
ARM GAS  C:\Users\lab512\AppData\Local\Temp\ccjulpDP.s 			page 29


 1394 05aa B5020000 		.4byte	.LASF36
 1395 05ae 05       		.byte	0x5
 1396 05af 1207     		.2byte	0x712
 1397 05b1 B5050000 		.4byte	0x5b5
 1398 05b5 06       		.uleb128 0x6
 1399 05b6 76000000 		.4byte	0x76
 1400 05ba 17       		.uleb128 0x17
 1401 05bb D7030000 		.4byte	.LASF37
 1402 05bf 01       		.byte	0x1
 1403 05c0 1A       		.byte	0x1a
 1404 05c1 68000000 		.4byte	0x68
 1405 05c5 05       		.uleb128 0x5
 1406 05c6 03       		.byte	0x3
 1407 05c7 00000000 		.4byte	timeout
 1408 05cb 17       		.uleb128 0x17
 1409 05cc 27010000 		.4byte	.LASF38
 1410 05d0 01       		.byte	0x1
 1411 05d1 1B       		.byte	0x1b
 1412 05d2 8D000000 		.4byte	0x8d
 1413 05d6 05       		.uleb128 0x5
 1414 05d7 03       		.byte	0x3
 1415 05d8 00000000 		.4byte	period
 1416 05dc 18       		.uleb128 0x18
 1417 05dd 7600     		.ascii	"v\000"
 1418 05df 01       		.byte	0x1
 1419 05e0 1C       		.byte	0x1c
 1420 05e1 33000000 		.4byte	0x33
 1421 05e5 05       		.uleb128 0x5
 1422 05e6 03       		.byte	0x3
 1423 05e7 00000000 		.4byte	v
 1424 05eb 17       		.uleb128 0x17
 1425 05ec 2B000000 		.4byte	.LASF39
 1426 05f0 01       		.byte	0x1
 1427 05f1 1D       		.byte	0x1d
 1428 05f2 33000000 		.4byte	0x33
 1429 05f6 05       		.uleb128 0x5
 1430 05f7 03       		.byte	0x3
 1431 05f8 00000000 		.4byte	temp
 1432 05fc 19       		.uleb128 0x19
 1433 05fd 1C010000 		.4byte	.LASF40
 1434 0601 1C010000 		.4byte	.LASF40
 1435 0605 06       		.byte	0x6
 1436 0606 5B       		.byte	0x5b
 1437 0607 19       		.uleb128 0x19
 1438 0608 9B000000 		.4byte	.LASF41
 1439 060c 9B000000 		.4byte	.LASF41
 1440 0610 07       		.byte	0x7
 1441 0611 26       		.byte	0x26
 1442 0612 19       		.uleb128 0x19
 1443 0613 6B010000 		.4byte	.LASF42
 1444 0617 6B010000 		.4byte	.LASF42
 1445 061b 08       		.byte	0x8
 1446 061c 77       		.byte	0x77
 1447 061d 19       		.uleb128 0x19
 1448 061e 07010000 		.4byte	.LASF43
 1449 0622 07010000 		.4byte	.LASF43
 1450 0626 06       		.byte	0x6
ARM GAS  C:\Users\lab512\AppData\Local\Temp\ccjulpDP.s 			page 30


 1451 0627 5A       		.byte	0x5a
 1452 0628 19       		.uleb128 0x19
 1453 0629 5F000000 		.4byte	.LASF44
 1454 062d 5F000000 		.4byte	.LASF44
 1455 0631 06       		.byte	0x6
 1456 0632 6A       		.byte	0x6a
 1457 0633 19       		.uleb128 0x19
 1458 0634 44020000 		.4byte	.LASF45
 1459 0638 44020000 		.4byte	.LASF45
 1460 063c 06       		.byte	0x6
 1461 063d 69       		.byte	0x69
 1462 063e 19       		.uleb128 0x19
 1463 063f B7030000 		.4byte	.LASF46
 1464 0643 B7030000 		.4byte	.LASF46
 1465 0647 09       		.byte	0x9
 1466 0648 18       		.byte	0x18
 1467 0649 19       		.uleb128 0x19
 1468 064a 55010000 		.4byte	.LASF47
 1469 064e 55010000 		.4byte	.LASF47
 1470 0652 0A       		.byte	0xa
 1471 0653 38       		.byte	0x38
 1472 0654 19       		.uleb128 0x19
 1473 0655 C2020000 		.4byte	.LASF48
 1474 0659 C2020000 		.4byte	.LASF48
 1475 065d 0B       		.byte	0xb
 1476 065e 27       		.byte	0x27
 1477 065f 19       		.uleb128 0x19
 1478 0660 56020000 		.4byte	.LASF49
 1479 0664 56020000 		.4byte	.LASF49
 1480 0668 0C       		.byte	0xc
 1481 0669 54       		.byte	0x54
 1482 066a 19       		.uleb128 0x19
 1483 066b DF030000 		.4byte	.LASF50
 1484 066f DF030000 		.4byte	.LASF50
 1485 0673 06       		.byte	0x6
 1486 0674 67       		.byte	0x67
 1487 0675 19       		.uleb128 0x19
 1488 0676 72000000 		.4byte	.LASF51
 1489 067a 72000000 		.4byte	.LASF51
 1490 067e 0D       		.byte	0xd
 1491 067f 0F       		.byte	0xf
 1492 0680 1A       		.uleb128 0x1a
 1493 0681 80000000 		.4byte	.LASF52
 1494 0685 80000000 		.4byte	.LASF52
 1495 0689 0E       		.byte	0xe
 1496 068a 2E01     		.2byte	0x12e
 1497 068c 1A       		.uleb128 0x1a
 1498 068d D8000000 		.4byte	.LASF53
 1499 0691 D8000000 		.4byte	.LASF53
 1500 0695 0E       		.byte	0xe
 1501 0696 3101     		.2byte	0x131
 1502 0698 19       		.uleb128 0x19
 1503 0699 03030000 		.4byte	.LASF54
 1504 069d 03030000 		.4byte	.LASF54
 1505 06a1 0F       		.byte	0xf
 1506 06a2 22       		.byte	0x22
 1507 06a3 19       		.uleb128 0x19
ARM GAS  C:\Users\lab512\AppData\Local\Temp\ccjulpDP.s 			page 31


 1508 06a4 F6020000 		.4byte	.LASF55
 1509 06a8 F6020000 		.4byte	.LASF55
 1510 06ac 0A       		.byte	0xa
 1511 06ad 3D       		.byte	0x3d
 1512 06ae 19       		.uleb128 0x19
 1513 06af BB010000 		.4byte	.LASF56
 1514 06b3 BB010000 		.4byte	.LASF56
 1515 06b7 0A       		.byte	0xa
 1516 06b8 3C       		.byte	0x3c
 1517 06b9 19       		.uleb128 0x19
 1518 06ba FF000000 		.4byte	.LASF57
 1519 06be FF000000 		.4byte	.LASF57
 1520 06c2 10       		.byte	0x10
 1521 06c3 29       		.byte	0x29
 1522 06c4 19       		.uleb128 0x19
 1523 06c5 83010000 		.4byte	.LASF58
 1524 06c9 83010000 		.4byte	.LASF58
 1525 06cd 11       		.byte	0x11
 1526 06ce E7       		.byte	0xe7
 1527 06cf 19       		.uleb128 0x19
 1528 06d0 13000000 		.4byte	.LASF59
 1529 06d4 13000000 		.4byte	.LASF59
 1530 06d8 12       		.byte	0x12
 1531 06d9 26       		.byte	0x26
 1532 06da 19       		.uleb128 0x19
 1533 06db 00000000 		.4byte	.LASF60
 1534 06df 00000000 		.4byte	.LASF60
 1535 06e3 0F       		.byte	0xf
 1536 06e4 28       		.byte	0x28
 1537 06e5 19       		.uleb128 0x19
 1538 06e6 B1000000 		.4byte	.LASF61
 1539 06ea B1000000 		.4byte	.LASF61
 1540 06ee 0F       		.byte	0xf
 1541 06ef 24       		.byte	0x24
 1542 06f0 19       		.uleb128 0x19
 1543 06f1 37010000 		.4byte	.LASF62
 1544 06f5 37010000 		.4byte	.LASF62
 1545 06f9 0D       		.byte	0xd
 1546 06fa 11       		.byte	0x11
 1547 06fb 19       		.uleb128 0x19
 1548 06fc AF030000 		.4byte	.LASF63
 1549 0700 AF030000 		.4byte	.LASF63
 1550 0704 08       		.byte	0x8
 1551 0705 76       		.byte	0x76
 1552 0706 00       		.byte	0
 1553              		.section	.debug_abbrev,"",%progbits
 1554              	.Ldebug_abbrev0:
 1555 0000 01       		.uleb128 0x1
 1556 0001 11       		.uleb128 0x11
 1557 0002 01       		.byte	0x1
 1558 0003 25       		.uleb128 0x25
 1559 0004 0E       		.uleb128 0xe
 1560 0005 13       		.uleb128 0x13
 1561 0006 0B       		.uleb128 0xb
 1562 0007 03       		.uleb128 0x3
 1563 0008 0E       		.uleb128 0xe
 1564 0009 1B       		.uleb128 0x1b
ARM GAS  C:\Users\lab512\AppData\Local\Temp\ccjulpDP.s 			page 32


 1565 000a 0E       		.uleb128 0xe
 1566 000b 55       		.uleb128 0x55
 1567 000c 17       		.uleb128 0x17
 1568 000d 11       		.uleb128 0x11
 1569 000e 01       		.uleb128 0x1
 1570 000f 10       		.uleb128 0x10
 1571 0010 17       		.uleb128 0x17
 1572 0011 00       		.byte	0
 1573 0012 00       		.byte	0
 1574 0013 02       		.uleb128 0x2
 1575 0014 24       		.uleb128 0x24
 1576 0015 00       		.byte	0
 1577 0016 0B       		.uleb128 0xb
 1578 0017 0B       		.uleb128 0xb
 1579 0018 3E       		.uleb128 0x3e
 1580 0019 0B       		.uleb128 0xb
 1581 001a 03       		.uleb128 0x3
 1582 001b 0E       		.uleb128 0xe
 1583 001c 00       		.byte	0
 1584 001d 00       		.byte	0
 1585 001e 03       		.uleb128 0x3
 1586 001f 16       		.uleb128 0x16
 1587 0020 00       		.byte	0
 1588 0021 03       		.uleb128 0x3
 1589 0022 0E       		.uleb128 0xe
 1590 0023 3A       		.uleb128 0x3a
 1591 0024 0B       		.uleb128 0xb
 1592 0025 3B       		.uleb128 0x3b
 1593 0026 0B       		.uleb128 0xb
 1594 0027 49       		.uleb128 0x49
 1595 0028 13       		.uleb128 0x13
 1596 0029 00       		.byte	0
 1597 002a 00       		.byte	0
 1598 002b 04       		.uleb128 0x4
 1599 002c 24       		.uleb128 0x24
 1600 002d 00       		.byte	0
 1601 002e 0B       		.uleb128 0xb
 1602 002f 0B       		.uleb128 0xb
 1603 0030 3E       		.uleb128 0x3e
 1604 0031 0B       		.uleb128 0xb
 1605 0032 03       		.uleb128 0x3
 1606 0033 08       		.uleb128 0x8
 1607 0034 00       		.byte	0
 1608 0035 00       		.byte	0
 1609 0036 05       		.uleb128 0x5
 1610 0037 16       		.uleb128 0x16
 1611 0038 00       		.byte	0
 1612 0039 03       		.uleb128 0x3
 1613 003a 0E       		.uleb128 0xe
 1614 003b 3A       		.uleb128 0x3a
 1615 003c 0B       		.uleb128 0xb
 1616 003d 3B       		.uleb128 0x3b
 1617 003e 05       		.uleb128 0x5
 1618 003f 49       		.uleb128 0x49
 1619 0040 13       		.uleb128 0x13
 1620 0041 00       		.byte	0
 1621 0042 00       		.byte	0
ARM GAS  C:\Users\lab512\AppData\Local\Temp\ccjulpDP.s 			page 33


 1622 0043 06       		.uleb128 0x6
 1623 0044 35       		.uleb128 0x35
 1624 0045 00       		.byte	0
 1625 0046 49       		.uleb128 0x49
 1626 0047 13       		.uleb128 0x13
 1627 0048 00       		.byte	0
 1628 0049 00       		.byte	0
 1629 004a 07       		.uleb128 0x7
 1630 004b 2E       		.uleb128 0x2e
 1631 004c 01       		.byte	0x1
 1632 004d 3F       		.uleb128 0x3f
 1633 004e 19       		.uleb128 0x19
 1634 004f 03       		.uleb128 0x3
 1635 0050 0E       		.uleb128 0xe
 1636 0051 3A       		.uleb128 0x3a
 1637 0052 0B       		.uleb128 0xb
 1638 0053 3B       		.uleb128 0x3b
 1639 0054 0B       		.uleb128 0xb
 1640 0055 27       		.uleb128 0x27
 1641 0056 19       		.uleb128 0x19
 1642 0057 11       		.uleb128 0x11
 1643 0058 01       		.uleb128 0x1
 1644 0059 12       		.uleb128 0x12
 1645 005a 06       		.uleb128 0x6
 1646 005b 40       		.uleb128 0x40
 1647 005c 18       		.uleb128 0x18
 1648 005d 9742     		.uleb128 0x2117
 1649 005f 19       		.uleb128 0x19
 1650 0060 01       		.uleb128 0x1
 1651 0061 13       		.uleb128 0x13
 1652 0062 00       		.byte	0
 1653 0063 00       		.byte	0
 1654 0064 08       		.uleb128 0x8
 1655 0065 898201   		.uleb128 0x4109
 1656 0068 00       		.byte	0
 1657 0069 11       		.uleb128 0x11
 1658 006a 01       		.uleb128 0x1
 1659 006b 31       		.uleb128 0x31
 1660 006c 13       		.uleb128 0x13
 1661 006d 00       		.byte	0
 1662 006e 00       		.byte	0
 1663 006f 09       		.uleb128 0x9
 1664 0070 2E       		.uleb128 0x2e
 1665 0071 01       		.byte	0x1
 1666 0072 3F       		.uleb128 0x3f
 1667 0073 19       		.uleb128 0x19
 1668 0074 03       		.uleb128 0x3
 1669 0075 0E       		.uleb128 0xe
 1670 0076 3A       		.uleb128 0x3a
 1671 0077 0B       		.uleb128 0xb
 1672 0078 3B       		.uleb128 0x3b
 1673 0079 0B       		.uleb128 0xb
 1674 007a 11       		.uleb128 0x11
 1675 007b 01       		.uleb128 0x1
 1676 007c 12       		.uleb128 0x12
 1677 007d 06       		.uleb128 0x6
 1678 007e 40       		.uleb128 0x40
ARM GAS  C:\Users\lab512\AppData\Local\Temp\ccjulpDP.s 			page 34


 1679 007f 18       		.uleb128 0x18
 1680 0080 9742     		.uleb128 0x2117
 1681 0082 19       		.uleb128 0x19
 1682 0083 01       		.uleb128 0x1
 1683 0084 13       		.uleb128 0x13
 1684 0085 00       		.byte	0
 1685 0086 00       		.byte	0
 1686 0087 0A       		.uleb128 0xa
 1687 0088 898201   		.uleb128 0x4109
 1688 008b 01       		.byte	0x1
 1689 008c 11       		.uleb128 0x11
 1690 008d 01       		.uleb128 0x1
 1691 008e 31       		.uleb128 0x31
 1692 008f 13       		.uleb128 0x13
 1693 0090 01       		.uleb128 0x1
 1694 0091 13       		.uleb128 0x13
 1695 0092 00       		.byte	0
 1696 0093 00       		.byte	0
 1697 0094 0B       		.uleb128 0xb
 1698 0095 8A8201   		.uleb128 0x410a
 1699 0098 00       		.byte	0
 1700 0099 02       		.uleb128 0x2
 1701 009a 18       		.uleb128 0x18
 1702 009b 9142     		.uleb128 0x2111
 1703 009d 18       		.uleb128 0x18
 1704 009e 00       		.byte	0
 1705 009f 00       		.byte	0
 1706 00a0 0C       		.uleb128 0xc
 1707 00a1 898201   		.uleb128 0x4109
 1708 00a4 01       		.byte	0x1
 1709 00a5 11       		.uleb128 0x11
 1710 00a6 01       		.uleb128 0x1
 1711 00a7 31       		.uleb128 0x31
 1712 00a8 13       		.uleb128 0x13
 1713 00a9 00       		.byte	0
 1714 00aa 00       		.byte	0
 1715 00ab 0D       		.uleb128 0xd
 1716 00ac 2E       		.uleb128 0x2e
 1717 00ad 01       		.byte	0x1
 1718 00ae 3F       		.uleb128 0x3f
 1719 00af 19       		.uleb128 0x19
 1720 00b0 03       		.uleb128 0x3
 1721 00b1 0E       		.uleb128 0xe
 1722 00b2 3A       		.uleb128 0x3a
 1723 00b3 0B       		.uleb128 0xb
 1724 00b4 3B       		.uleb128 0x3b
 1725 00b5 0B       		.uleb128 0xb
 1726 00b6 49       		.uleb128 0x49
 1727 00b7 13       		.uleb128 0x13
 1728 00b8 11       		.uleb128 0x11
 1729 00b9 01       		.uleb128 0x1
 1730 00ba 12       		.uleb128 0x12
 1731 00bb 06       		.uleb128 0x6
 1732 00bc 40       		.uleb128 0x40
 1733 00bd 18       		.uleb128 0x18
 1734 00be 9742     		.uleb128 0x2117
 1735 00c0 19       		.uleb128 0x19
ARM GAS  C:\Users\lab512\AppData\Local\Temp\ccjulpDP.s 			page 35


 1736 00c1 01       		.uleb128 0x1
 1737 00c2 13       		.uleb128 0x13
 1738 00c3 00       		.byte	0
 1739 00c4 00       		.byte	0
 1740 00c5 0E       		.uleb128 0xe
 1741 00c6 34       		.uleb128 0x34
 1742 00c7 00       		.byte	0
 1743 00c8 03       		.uleb128 0x3
 1744 00c9 08       		.uleb128 0x8
 1745 00ca 3A       		.uleb128 0x3a
 1746 00cb 0B       		.uleb128 0xb
 1747 00cc 3B       		.uleb128 0x3b
 1748 00cd 0B       		.uleb128 0xb
 1749 00ce 49       		.uleb128 0x49
 1750 00cf 13       		.uleb128 0x13
 1751 00d0 02       		.uleb128 0x2
 1752 00d1 17       		.uleb128 0x17
 1753 00d2 00       		.byte	0
 1754 00d3 00       		.byte	0
 1755 00d4 0F       		.uleb128 0xf
 1756 00d5 2E       		.uleb128 0x2e
 1757 00d6 01       		.byte	0x1
 1758 00d7 3F       		.uleb128 0x3f
 1759 00d8 19       		.uleb128 0x19
 1760 00d9 03       		.uleb128 0x3
 1761 00da 0E       		.uleb128 0xe
 1762 00db 3A       		.uleb128 0x3a
 1763 00dc 0B       		.uleb128 0xb
 1764 00dd 3B       		.uleb128 0x3b
 1765 00de 0B       		.uleb128 0xb
 1766 00df 27       		.uleb128 0x27
 1767 00e0 19       		.uleb128 0x19
 1768 00e1 49       		.uleb128 0x49
 1769 00e2 13       		.uleb128 0x13
 1770 00e3 11       		.uleb128 0x11
 1771 00e4 01       		.uleb128 0x1
 1772 00e5 12       		.uleb128 0x12
 1773 00e6 06       		.uleb128 0x6
 1774 00e7 40       		.uleb128 0x40
 1775 00e8 18       		.uleb128 0x18
 1776 00e9 9642     		.uleb128 0x2116
 1777 00eb 19       		.uleb128 0x19
 1778 00ec 01       		.uleb128 0x1
 1779 00ed 13       		.uleb128 0x13
 1780 00ee 00       		.byte	0
 1781 00ef 00       		.byte	0
 1782 00f0 10       		.uleb128 0x10
 1783 00f1 05       		.uleb128 0x5
 1784 00f2 00       		.byte	0
 1785 00f3 03       		.uleb128 0x3
 1786 00f4 08       		.uleb128 0x8
 1787 00f5 3A       		.uleb128 0x3a
 1788 00f6 0B       		.uleb128 0xb
 1789 00f7 3B       		.uleb128 0x3b
 1790 00f8 0B       		.uleb128 0xb
 1791 00f9 49       		.uleb128 0x49
 1792 00fa 13       		.uleb128 0x13
ARM GAS  C:\Users\lab512\AppData\Local\Temp\ccjulpDP.s 			page 36


 1793 00fb 02       		.uleb128 0x2
 1794 00fc 17       		.uleb128 0x17
 1795 00fd 00       		.byte	0
 1796 00fe 00       		.byte	0
 1797 00ff 11       		.uleb128 0x11
 1798 0100 2E       		.uleb128 0x2e
 1799 0101 01       		.byte	0x1
 1800 0102 3F       		.uleb128 0x3f
 1801 0103 19       		.uleb128 0x19
 1802 0104 03       		.uleb128 0x3
 1803 0105 0E       		.uleb128 0xe
 1804 0106 3A       		.uleb128 0x3a
 1805 0107 0B       		.uleb128 0xb
 1806 0108 3B       		.uleb128 0x3b
 1807 0109 0B       		.uleb128 0xb
 1808 010a 27       		.uleb128 0x27
 1809 010b 19       		.uleb128 0x19
 1810 010c 49       		.uleb128 0x49
 1811 010d 13       		.uleb128 0x13
 1812 010e 8701     		.uleb128 0x87
 1813 0110 19       		.uleb128 0x19
 1814 0111 11       		.uleb128 0x11
 1815 0112 01       		.uleb128 0x1
 1816 0113 12       		.uleb128 0x12
 1817 0114 06       		.uleb128 0x6
 1818 0115 40       		.uleb128 0x40
 1819 0116 18       		.uleb128 0x18
 1820 0117 9642     		.uleb128 0x2116
 1821 0119 19       		.uleb128 0x19
 1822 011a 01       		.uleb128 0x1
 1823 011b 13       		.uleb128 0x13
 1824 011c 00       		.byte	0
 1825 011d 00       		.byte	0
 1826 011e 12       		.uleb128 0x12
 1827 011f 34       		.uleb128 0x34
 1828 0120 00       		.byte	0
 1829 0121 03       		.uleb128 0x3
 1830 0122 0E       		.uleb128 0xe
 1831 0123 3A       		.uleb128 0x3a
 1832 0124 0B       		.uleb128 0xb
 1833 0125 3B       		.uleb128 0x3b
 1834 0126 0B       		.uleb128 0xb
 1835 0127 49       		.uleb128 0x49
 1836 0128 13       		.uleb128 0x13
 1837 0129 02       		.uleb128 0x2
 1838 012a 18       		.uleb128 0x18
 1839 012b 00       		.byte	0
 1840 012c 00       		.byte	0
 1841 012d 13       		.uleb128 0x13
 1842 012e 34       		.uleb128 0x34
 1843 012f 00       		.byte	0
 1844 0130 03       		.uleb128 0x3
 1845 0131 0E       		.uleb128 0xe
 1846 0132 3A       		.uleb128 0x3a
 1847 0133 0B       		.uleb128 0xb
 1848 0134 3B       		.uleb128 0x3b
 1849 0135 0B       		.uleb128 0xb
ARM GAS  C:\Users\lab512\AppData\Local\Temp\ccjulpDP.s 			page 37


 1850 0136 49       		.uleb128 0x49
 1851 0137 13       		.uleb128 0x13
 1852 0138 02       		.uleb128 0x2
 1853 0139 17       		.uleb128 0x17
 1854 013a 00       		.byte	0
 1855 013b 00       		.byte	0
 1856 013c 14       		.uleb128 0x14
 1857 013d 01       		.uleb128 0x1
 1858 013e 01       		.byte	0x1
 1859 013f 49       		.uleb128 0x49
 1860 0140 13       		.uleb128 0x13
 1861 0141 01       		.uleb128 0x1
 1862 0142 13       		.uleb128 0x13
 1863 0143 00       		.byte	0
 1864 0144 00       		.byte	0
 1865 0145 15       		.uleb128 0x15
 1866 0146 21       		.uleb128 0x21
 1867 0147 00       		.byte	0
 1868 0148 49       		.uleb128 0x49
 1869 0149 13       		.uleb128 0x13
 1870 014a 2F       		.uleb128 0x2f
 1871 014b 0B       		.uleb128 0xb
 1872 014c 00       		.byte	0
 1873 014d 00       		.byte	0
 1874 014e 16       		.uleb128 0x16
 1875 014f 34       		.uleb128 0x34
 1876 0150 00       		.byte	0
 1877 0151 03       		.uleb128 0x3
 1878 0152 0E       		.uleb128 0xe
 1879 0153 3A       		.uleb128 0x3a
 1880 0154 0B       		.uleb128 0xb
 1881 0155 3B       		.uleb128 0x3b
 1882 0156 05       		.uleb128 0x5
 1883 0157 49       		.uleb128 0x49
 1884 0158 13       		.uleb128 0x13
 1885 0159 3F       		.uleb128 0x3f
 1886 015a 19       		.uleb128 0x19
 1887 015b 3C       		.uleb128 0x3c
 1888 015c 19       		.uleb128 0x19
 1889 015d 00       		.byte	0
 1890 015e 00       		.byte	0
 1891 015f 17       		.uleb128 0x17
 1892 0160 34       		.uleb128 0x34
 1893 0161 00       		.byte	0
 1894 0162 03       		.uleb128 0x3
 1895 0163 0E       		.uleb128 0xe
 1896 0164 3A       		.uleb128 0x3a
 1897 0165 0B       		.uleb128 0xb
 1898 0166 3B       		.uleb128 0x3b
 1899 0167 0B       		.uleb128 0xb
 1900 0168 49       		.uleb128 0x49
 1901 0169 13       		.uleb128 0x13
 1902 016a 3F       		.uleb128 0x3f
 1903 016b 19       		.uleb128 0x19
 1904 016c 02       		.uleb128 0x2
 1905 016d 18       		.uleb128 0x18
 1906 016e 00       		.byte	0
ARM GAS  C:\Users\lab512\AppData\Local\Temp\ccjulpDP.s 			page 38


 1907 016f 00       		.byte	0
 1908 0170 18       		.uleb128 0x18
 1909 0171 34       		.uleb128 0x34
 1910 0172 00       		.byte	0
 1911 0173 03       		.uleb128 0x3
 1912 0174 08       		.uleb128 0x8
 1913 0175 3A       		.uleb128 0x3a
 1914 0176 0B       		.uleb128 0xb
 1915 0177 3B       		.uleb128 0x3b
 1916 0178 0B       		.uleb128 0xb
 1917 0179 49       		.uleb128 0x49
 1918 017a 13       		.uleb128 0x13
 1919 017b 3F       		.uleb128 0x3f
 1920 017c 19       		.uleb128 0x19
 1921 017d 02       		.uleb128 0x2
 1922 017e 18       		.uleb128 0x18
 1923 017f 00       		.byte	0
 1924 0180 00       		.byte	0
 1925 0181 19       		.uleb128 0x19
 1926 0182 2E       		.uleb128 0x2e
 1927 0183 00       		.byte	0
 1928 0184 3F       		.uleb128 0x3f
 1929 0185 19       		.uleb128 0x19
 1930 0186 3C       		.uleb128 0x3c
 1931 0187 19       		.uleb128 0x19
 1932 0188 6E       		.uleb128 0x6e
 1933 0189 0E       		.uleb128 0xe
 1934 018a 03       		.uleb128 0x3
 1935 018b 0E       		.uleb128 0xe
 1936 018c 3A       		.uleb128 0x3a
 1937 018d 0B       		.uleb128 0xb
 1938 018e 3B       		.uleb128 0x3b
 1939 018f 0B       		.uleb128 0xb
 1940 0190 00       		.byte	0
 1941 0191 00       		.byte	0
 1942 0192 1A       		.uleb128 0x1a
 1943 0193 2E       		.uleb128 0x2e
 1944 0194 00       		.byte	0
 1945 0195 3F       		.uleb128 0x3f
 1946 0196 19       		.uleb128 0x19
 1947 0197 3C       		.uleb128 0x3c
 1948 0198 19       		.uleb128 0x19
 1949 0199 6E       		.uleb128 0x6e
 1950 019a 0E       		.uleb128 0xe
 1951 019b 03       		.uleb128 0x3
 1952 019c 0E       		.uleb128 0xe
 1953 019d 3A       		.uleb128 0x3a
 1954 019e 0B       		.uleb128 0xb
 1955 019f 3B       		.uleb128 0x3b
 1956 01a0 05       		.uleb128 0x5
 1957 01a1 00       		.byte	0
 1958 01a2 00       		.byte	0
 1959 01a3 00       		.byte	0
 1960              		.section	.debug_loc,"",%progbits
 1961              	.Ldebug_loc0:
 1962              	.LLST0:
 1963 0000 08000000 		.4byte	.LVL7
ARM GAS  C:\Users\lab512\AppData\Local\Temp\ccjulpDP.s 			page 39


 1964 0004 0B000000 		.4byte	.LVL8-1
 1965 0008 0100     		.2byte	0x1
 1966 000a 50       		.byte	0x50
 1967 000b 0B000000 		.4byte	.LVL8-1
 1968 000f 16000000 		.4byte	.LVL9
 1969 0013 0100     		.2byte	0x1
 1970 0015 54       		.byte	0x54
 1971 0016 00000000 		.4byte	0
 1972 001a 00000000 		.4byte	0
 1973              	.LLST1:
 1974 001e 00000000 		.4byte	.LVL10
 1975 0022 22000000 		.4byte	.LVL11
 1976 0026 0100     		.2byte	0x1
 1977 0028 50       		.byte	0x50
 1978 0029 22000000 		.4byte	.LVL11
 1979 002d 42000000 		.4byte	.LVL13
 1980 0031 0100     		.2byte	0x1
 1981 0033 54       		.byte	0x54
 1982 0034 42000000 		.4byte	.LVL13
 1983 0038 48000000 		.4byte	.LFE67
 1984 003c 0400     		.2byte	0x4
 1985 003e F3       		.byte	0xf3
 1986 003f 01       		.uleb128 0x1
 1987 0040 50       		.byte	0x50
 1988 0041 9F       		.byte	0x9f
 1989 0042 00000000 		.4byte	0
 1990 0046 00000000 		.4byte	0
 1991              	.LLST2:
 1992 004a 0E000000 		.4byte	.LVL14
 1993 004e 42000000 		.4byte	.LVL24
 1994 0052 0200     		.2byte	0x2
 1995 0054 30       		.byte	0x30
 1996 0055 9F       		.byte	0x9f
 1997 0056 9C000000 		.4byte	.LVL36
 1998 005a AA000000 		.4byte	.LVL37
 1999 005e 0100     		.2byte	0x1
 2000 0060 50       		.byte	0x50
 2001 0061 AA000000 		.4byte	.LVL37
 2002 0065 C4000000 		.4byte	.LVL42
 2003 0069 0100     		.2byte	0x1
 2004 006b 56       		.byte	0x56
 2005 006c 00000000 		.4byte	0
 2006 0070 00000000 		.4byte	0
 2007              	.LLST3:
 2008 0074 16010000 		.4byte	.LVL50
 2009 0078 1C010000 		.4byte	.LVL51
 2010 007c 0100     		.2byte	0x1
 2011 007e 50       		.byte	0x50
 2012 007f 1C010000 		.4byte	.LVL51
 2013 0083 02020000 		.4byte	.LVL77
 2014 0087 0300     		.2byte	0x3
 2015 0089 91       		.byte	0x91
 2016 008a 907E     		.sleb128 -240
 2017 008c 00000000 		.4byte	0
 2018 0090 00000000 		.4byte	0
 2019              	.LLST4:
 2020 0094 24010000 		.4byte	.LVL53
ARM GAS  C:\Users\lab512\AppData\Local\Temp\ccjulpDP.s 			page 40


 2021 0098 28010000 		.4byte	.LVL54
 2022 009c 0100     		.2byte	0x1
 2023 009e 52       		.byte	0x52
 2024 009f 28010000 		.4byte	.LVL54
 2025 00a3 02020000 		.4byte	.LVL77
 2026 00a7 0300     		.2byte	0x3
 2027 00a9 91       		.byte	0x91
 2028 00aa 947E     		.sleb128 -236
 2029 00ac 00000000 		.4byte	0
 2030 00b0 00000000 		.4byte	0
 2031              	.LLST5:
 2032 00b4 34010000 		.4byte	.LVL56
 2033 00b8 3A010000 		.4byte	.LVL57
 2034 00bc 0100     		.2byte	0x1
 2035 00be 50       		.byte	0x50
 2036 00bf 3A010000 		.4byte	.LVL57
 2037 00c3 00020000 		.4byte	.LVL76
 2038 00c7 0100     		.2byte	0x1
 2039 00c9 54       		.byte	0x54
 2040 00ca 00000000 		.4byte	0
 2041 00ce 00000000 		.4byte	0
 2042              	.LLST6:
 2043 00d2 42010000 		.4byte	.LVL59
 2044 00d6 48010000 		.4byte	.LVL60
 2045 00da 0100     		.2byte	0x1
 2046 00dc 52       		.byte	0x52
 2047 00dd 48010000 		.4byte	.LVL60
 2048 00e1 02020000 		.4byte	.LVL77
 2049 00e5 0100     		.2byte	0x1
 2050 00e7 55       		.byte	0x55
 2051 00e8 00000000 		.4byte	0
 2052 00ec 00000000 		.4byte	0
 2053              	.LLST7:
 2054 00f0 0E000000 		.4byte	.LVL14
 2055 00f4 42000000 		.4byte	.LVL24
 2056 00f8 0A00     		.2byte	0xa
 2057 00fa 9E       		.byte	0x9e
 2058 00fb 08       		.uleb128 0x8
 2059 00fc 00000000 		.8byte	0
 2059      00000000 
 2060 0104 42000000 		.4byte	.LVL24
 2061 0108 C6000000 		.4byte	.LVL43
 2062 010c 0600     		.2byte	0x6
 2063 010e 54       		.byte	0x54
 2064 010f 93       		.byte	0x93
 2065 0110 04       		.uleb128 0x4
 2066 0111 55       		.byte	0x55
 2067 0112 93       		.byte	0x93
 2068 0113 04       		.uleb128 0x4
 2069 0114 C6000000 		.4byte	.LVL43
 2070 0118 02020000 		.4byte	.LVL77
 2071 011c 0600     		.2byte	0x6
 2072 011e 56       		.byte	0x56
 2073 011f 93       		.byte	0x93
 2074 0120 04       		.uleb128 0x4
 2075 0121 57       		.byte	0x57
 2076 0122 93       		.byte	0x93
ARM GAS  C:\Users\lab512\AppData\Local\Temp\ccjulpDP.s 			page 41


 2077 0123 04       		.uleb128 0x4
 2078 0124 02020000 		.4byte	.LVL77
 2079 0128 2C020000 		.4byte	.LFE69
 2080 012c 0600     		.2byte	0x6
 2081 012e 54       		.byte	0x54
 2082 012f 93       		.byte	0x93
 2083 0130 04       		.uleb128 0x4
 2084 0131 55       		.byte	0x55
 2085 0132 93       		.byte	0x93
 2086 0133 04       		.uleb128 0x4
 2087 0134 00000000 		.4byte	0
 2088 0138 00000000 		.4byte	0
 2089              	.LLST8:
 2090 013c 0E000000 		.4byte	.LVL14
 2091 0140 42000000 		.4byte	.LVL24
 2092 0144 0A00     		.2byte	0xa
 2093 0146 9E       		.byte	0x9e
 2094 0147 08       		.uleb128 0x8
 2095 0148 00000000 		.8byte	0
 2095      00000000 
 2096 0150 BC000000 		.4byte	.LVL40
 2097 0154 C8000000 		.4byte	.LVL44
 2098 0158 0600     		.2byte	0x6
 2099 015a 54       		.byte	0x54
 2100 015b 93       		.byte	0x93
 2101 015c 04       		.uleb128 0x4
 2102 015d 55       		.byte	0x55
 2103 015e 93       		.byte	0x93
 2104 015f 04       		.uleb128 0x4
 2105 0160 00000000 		.4byte	0
 2106 0164 00000000 		.4byte	0
 2107              	.LLST9:
 2108 0168 0E000000 		.4byte	.LVL14
 2109 016c 42000000 		.4byte	.LVL24
 2110 0170 0A00     		.2byte	0xa
 2111 0172 9E       		.byte	0x9e
 2112 0173 08       		.uleb128 0x8
 2113 0174 00000000 		.8byte	0
 2113      00000000 
 2114 017c 08010000 		.4byte	.LVL46
 2115 0180 0E010000 		.4byte	.LVL47
 2116 0184 0600     		.2byte	0x6
 2117 0186 50       		.byte	0x50
 2118 0187 93       		.byte	0x93
 2119 0188 04       		.uleb128 0x4
 2120 0189 51       		.byte	0x51
 2121 018a 93       		.byte	0x93
 2122 018b 04       		.uleb128 0x4
 2123 018c 0E010000 		.4byte	.LVL47
 2124 0190 10010000 		.4byte	.LVL48
 2125 0194 0600     		.2byte	0x6
 2126 0196 59       		.byte	0x59
 2127 0197 93       		.byte	0x93
 2128 0198 04       		.uleb128 0x4
 2129 0199 51       		.byte	0x51
 2130 019a 93       		.byte	0x93
 2131 019b 04       		.uleb128 0x4
ARM GAS  C:\Users\lab512\AppData\Local\Temp\ccjulpDP.s 			page 42


 2132 019c 10010000 		.4byte	.LVL48
 2133 01a0 02020000 		.4byte	.LVL77
 2134 01a4 0800     		.2byte	0x8
 2135 01a6 59       		.byte	0x59
 2136 01a7 93       		.byte	0x93
 2137 01a8 04       		.uleb128 0x4
 2138 01a9 91       		.byte	0x91
 2139 01aa 8C7E     		.sleb128 -244
 2140 01ac 93       		.byte	0x93
 2141 01ad 04       		.uleb128 0x4
 2142 01ae 00000000 		.4byte	0
 2143 01b2 00000000 		.4byte	0
 2144              	.LLST10:
 2145 01b6 3A000000 		.4byte	.LVL22
 2146 01ba 3D000000 		.4byte	.LVL23-1
 2147 01be 0100     		.2byte	0x1
 2148 01c0 50       		.byte	0x50
 2149 01c1 3D000000 		.4byte	.LVL23-1
 2150 01c5 2C020000 		.4byte	.LFE69
 2151 01c9 0100     		.2byte	0x1
 2152 01cb 58       		.byte	0x58
 2153 01cc 00000000 		.4byte	0
 2154 01d0 00000000 		.4byte	0
 2155              	.LLST11:
 2156 01d4 AE010000 		.4byte	.LVL72
 2157 01d8 B8010000 		.4byte	.LVL73
 2158 01dc 0600     		.2byte	0x6
 2159 01de 70       		.byte	0x70
 2160 01df 00       		.sleb128 0
 2161 01e0 08       		.byte	0x8
 2162 01e1 FF       		.byte	0xff
 2163 01e2 1A       		.byte	0x1a
 2164 01e3 9F       		.byte	0x9f
 2165 01e4 00000000 		.4byte	0
 2166 01e8 00000000 		.4byte	0
 2167              		.section	.debug_aranges,"",%progbits
 2168 0000 44000000 		.4byte	0x44
 2169 0004 0200     		.2byte	0x2
 2170 0006 00000000 		.4byte	.Ldebug_info0
 2171 000a 04       		.byte	0x4
 2172 000b 00       		.byte	0
 2173 000c 0000     		.2byte	0
 2174 000e 0000     		.2byte	0
 2175 0010 00000000 		.4byte	.LFB68
 2176 0014 1C000000 		.4byte	.LFE68-.LFB68
 2177 0018 00000000 		.4byte	.LFB64
 2178 001c 16000000 		.4byte	.LFE64-.LFB64
 2179 0020 00000000 		.4byte	.LFB65
 2180 0024 18000000 		.4byte	.LFE65-.LFB65
 2181 0028 00000000 		.4byte	.LFB66
 2182 002c 1C000000 		.4byte	.LFE66-.LFB66
 2183 0030 00000000 		.4byte	.LFB67
 2184 0034 48000000 		.4byte	.LFE67-.LFB67
 2185 0038 00000000 		.4byte	.LFB69
 2186 003c 2C020000 		.4byte	.LFE69-.LFB69
 2187 0040 00000000 		.4byte	0
 2188 0044 00000000 		.4byte	0
ARM GAS  C:\Users\lab512\AppData\Local\Temp\ccjulpDP.s 			page 43


 2189              		.section	.debug_ranges,"",%progbits
 2190              	.Ldebug_ranges0:
 2191 0000 00000000 		.4byte	.LFB68
 2192 0004 1C000000 		.4byte	.LFE68
 2193 0008 00000000 		.4byte	.LFB64
 2194 000c 16000000 		.4byte	.LFE64
 2195 0010 00000000 		.4byte	.LFB65
 2196 0014 18000000 		.4byte	.LFE65
 2197 0018 00000000 		.4byte	.LFB66
 2198 001c 1C000000 		.4byte	.LFE66
 2199 0020 00000000 		.4byte	.LFB67
 2200 0024 48000000 		.4byte	.LFE67
 2201 0028 00000000 		.4byte	.LFB69
 2202 002c 2C020000 		.4byte	.LFE69
 2203 0030 00000000 		.4byte	0
 2204 0034 00000000 		.4byte	0
 2205              		.section	.debug_line,"",%progbits
 2206              	.Ldebug_line0:
 2207 0000 F8020000 		.section	.debug_str,"MS",%progbits,1
 2207      02001E02 
 2207      00000201 
 2207      FB0E0D00 
 2207      01010101 
 2208              	.LASF60:
 2209 0000 55534255 		.ascii	"USBUART_CDCIsReady\000"
 2209      4152545F 
 2209      43444349 
 2209      73526561 
 2209      647900
 2210              	.LASF59:
 2211 0013 4C45445F 		.ascii	"LED_Write\000"
 2211      57726974 
 2211      6500
 2212              	.LASF29:
 2213 001d 76656C6F 		.ascii	"velocity_frac\000"
 2213      63697479 
 2213      5F667261 
 2213      6300
 2214              	.LASF39:
 2215 002b 74656D70 		.ascii	"temp\000"
 2215      00
 2216              	.LASF2:
 2217 0030 73686F72 		.ascii	"short int\000"
 2217      7420696E 
 2217      7400
 2218              	.LASF19:
 2219 003a 73697A65 		.ascii	"sizetype\000"
 2219      74797065 
 2219      00
 2220              	.LASF68:
 2221 0043 6D61696E 		.ascii	"main\000"
 2221      00
 2222              	.LASF23:
 2223 0048 656E6463 		.ascii	"endcount\000"
 2223      6F756E74 
 2223      00
 2224              	.LASF27:
ARM GAS  C:\Users\lab512\AppData\Local\Temp\ccjulpDP.s 			page 44


 2225 0051 64697374 		.ascii	"distance_frac\000"
 2225      616E6365 
 2225      5F667261 
 2225      6300
 2226              	.LASF44:
 2227 005f 54696D65 		.ascii	"Timer_WriteCounter\000"
 2227      725F5772 
 2227      69746543 
 2227      6F756E74 
 2227      657200
 2228              	.LASF51:
 2229 0072 53657453 		.ascii	"SetServoLimit\000"
 2229      6572766F 
 2229      4C696D69 
 2229      7400
 2230              	.LASF52:
 2231 0080 55534255 		.ascii	"USBUART_Start\000"
 2231      4152545F 
 2231      53746172 
 2231      7400
 2232              	.LASF12:
 2233 008e 75696E74 		.ascii	"uint16\000"
 2233      313600
 2234              	.LASF11:
 2235 0095 75696E74 		.ascii	"uint8\000"
 2235      3800
 2236              	.LASF41:
 2237 009b 54785F57 		.ascii	"Tx_Write\000"
 2237      72697465 
 2237      00
 2238              	.LASF25:
 2239 00a4 76656C6F 		.ascii	"velocity_str\000"
 2239      63697479 
 2239      5F737472 
 2239      00
 2240              	.LASF61:
 2241 00b1 55534255 		.ascii	"USBUART_PutString\000"
 2241      4152545F 
 2241      50757453 
 2241      7472696E 
 2241      6700
 2242              	.LASF34:
 2243 00c3 666C6167 		.ascii	"flag_getconfig\000"
 2243      5F676574 
 2243      636F6E66 
 2243      696700
 2244              	.LASF14:
 2245 00d2 666C6F61 		.ascii	"float\000"
 2245      7400
 2246              	.LASF53:
 2247 00d8 55534255 		.ascii	"USBUART_GetConfiguration\000"
 2247      4152545F 
 2247      47657443 
 2247      6F6E6669 
 2247      67757261 
 2248              	.LASF6:
 2249 00f1 6C6F6E67 		.ascii	"long long int\000"
ARM GAS  C:\Users\lab512\AppData\Local\Temp\ccjulpDP.s 			page 45


 2249      206C6F6E 
 2249      6720696E 
 2249      7400
 2250              	.LASF57:
 2251 00ff 52785F52 		.ascii	"Rx_Read\000"
 2251      65616400 
 2252              	.LASF43:
 2253 0107 54696D65 		.ascii	"Timer_Start\000"
 2253      725F5374 
 2253      61727400 
 2254              	.LASF4:
 2255 0113 6C6F6E67 		.ascii	"long int\000"
 2255      20696E74 
 2255      00
 2256              	.LASF40:
 2257 011c 54696D65 		.ascii	"Timer_Stop\000"
 2257      725F5374 
 2257      6F7000
 2258              	.LASF38:
 2259 0127 70657269 		.ascii	"period\000"
 2259      6F6400
 2260              	.LASF32:
 2261 012e 76656C6F 		.ascii	"velocity\000"
 2261      63697479 
 2261      00
 2262              	.LASF62:
 2263 0137 53657453 		.ascii	"SetServoVelocity\000"
 2263      6572766F 
 2263      56656C6F 
 2263      63697479 
 2263      00
 2264              	.LASF24:
 2265 0148 64697374 		.ascii	"distance_str\000"
 2265      616E6365 
 2265      5F737472 
 2265      00
 2266              	.LASF47:
 2267 0155 4C43445F 		.ascii	"LCD_Start\000"
 2267      53746172 
 2267      7400
 2268              	.LASF18:
 2269 015f 6C6F6E67 		.ascii	"long double\000"
 2269      20646F75 
 2269      626C6500 
 2270              	.LASF42:
 2271 016b 43794465 		.ascii	"CyDelayUs\000"
 2271      6C617955 
 2271      7300
 2272              	.LASF1:
 2273 0175 756E7369 		.ascii	"unsigned char\000"
 2273      676E6564 
 2273      20636861 
 2273      7200
 2274              	.LASF58:
 2275 0183 73707269 		.ascii	"sprintf\000"
 2275      6E746600 
 2276              	.LASF0:
ARM GAS  C:\Users\lab512\AppData\Local\Temp\ccjulpDP.s 			page 46


 2277 018b 7369676E 		.ascii	"signed char\000"
 2277      65642063 
 2277      68617200 
 2278              	.LASF7:
 2279 0197 6C6F6E67 		.ascii	"long long unsigned int\000"
 2279      206C6F6E 
 2279      6720756E 
 2279      7369676E 
 2279      65642069 
 2280              	.LASF8:
 2281 01ae 756E7369 		.ascii	"unsigned int\000"
 2281      676E6564 
 2281      20696E74 
 2281      00
 2282              	.LASF56:
 2283 01bb 4C43445F 		.ascii	"LCD_PrintString\000"
 2283      5072696E 
 2283      74537472 
 2283      696E6700 
 2284              	.LASF66:
 2285 01cb 433A5C55 		.ascii	"C:\\Users\\lab512\\Desktop\\lmx_borrow\\Distance\\D"
 2285      73657273 
 2285      5C6C6162 
 2285      3531325C 
 2285      4465736B 
 2286 01f8 69737461 		.ascii	"istance.cydsn\000"
 2286      6E63652E 
 2286      63796473 
 2286      6E00
 2287              	.LASF20:
 2288 0206 74726967 		.ascii	"trigger\000"
 2288      67657200 
 2289              	.LASF3:
 2290 020e 73686F72 		.ascii	"short unsigned int\000"
 2290      7420756E 
 2290      7369676E 
 2290      65642069 
 2290      6E7400
 2291              	.LASF67:
 2292 0221 63616C63 		.ascii	"calculate_millimeter\000"
 2292      756C6174 
 2292      655F6D69 
 2292      6C6C696D 
 2292      65746572 
 2293              	.LASF16:
 2294 0236 63686172 		.ascii	"char\000"
 2294      00
 2295              	.LASF30:
 2296 023b 64697374 		.ascii	"distance\000"
 2296      616E6365 
 2296      00
 2297              	.LASF45:
 2298 0244 54696D65 		.ascii	"Timer_ReadCounter\000"
 2298      725F5265 
 2298      6164436F 
 2298      756E7465 
 2298      7200
ARM GAS  C:\Users\lab512\AppData\Local\Temp\ccjulpDP.s 			page 47


 2299              	.LASF49:
 2300 0256 55415254 		.ascii	"UART_Start\000"
 2300      5F537461 
 2300      727400
 2301              	.LASF10:
 2302 0261 696E7433 		.ascii	"int32_t\000"
 2302      325F7400 
 2303              	.LASF35:
 2304 0269 666C6167 		.ascii	"flag_cdcready\000"
 2304      5F636463 
 2304      72656164 
 2304      7900
 2305              	.LASF21:
 2306 0277 73746172 		.ascii	"startcount\000"
 2306      74636F75 
 2306      6E7400
 2307              	.LASF33:
 2308 0282 62756666 		.ascii	"buffer\000"
 2308      657200
 2309              	.LASF13:
 2310 0289 75696E74 		.ascii	"uint32\000"
 2310      333200
 2311              	.LASF65:
 2312 0290 6D61696E 		.ascii	"main.c\000"
 2312      2E6300
 2313              	.LASF17:
 2314 0297 72656738 		.ascii	"reg8\000"
 2314      00
 2315              	.LASF5:
 2316 029c 6C6F6E67 		.ascii	"long unsigned int\000"
 2316      20756E73 
 2316      69676E65 
 2316      6420696E 
 2316      7400
 2317              	.LASF15:
 2318 02ae 646F7562 		.ascii	"double\000"
 2318      6C6500
 2319              	.LASF36:
 2320 02b5 49544D5F 		.ascii	"ITM_RxBuffer\000"
 2320      52784275 
 2320      66666572 
 2320      00
 2321              	.LASF48:
 2322 02c2 436C6F63 		.ascii	"Clock_Start\000"
 2322      6B5F5374 
 2322      61727400 
 2323              	.LASF9:
 2324 02ce 5F5F696E 		.ascii	"__int32_t\000"
 2324      7433325F 
 2324      7400
 2325              	.LASF22:
 2326 02d8 496E7465 		.ascii	"InterruptHandler\000"
 2326      72727570 
 2326      7448616E 
 2326      646C6572 
 2326      00
 2327              	.LASF28:
ARM GAS  C:\Users\lab512\AppData\Local\Temp\ccjulpDP.s 			page 48


 2328 02e9 76656C6F 		.ascii	"velocity_int\000"
 2328      63697479 
 2328      5F696E74 
 2328      00
 2329              	.LASF55:
 2330 02f6 4C43445F 		.ascii	"LCD_Position\000"
 2330      506F7369 
 2330      74696F6E 
 2330      00
 2331              	.LASF54:
 2332 0303 55534255 		.ascii	"USBUART_CDC_Init\000"
 2332      4152545F 
 2332      4344435F 
 2332      496E6974 
 2332      00
 2333              	.LASF31:
 2334 0314 6C617374 		.ascii	"lastdistance\000"
 2334      64697374 
 2334      616E6365 
 2334      00
 2335              	.LASF64:
 2336 0321 474E5520 		.ascii	"GNU C11 5.4.1 20160609 (release) [ARM/embedded-5-br"
 2336      43313120 
 2336      352E342E 
 2336      31203230 
 2336      31363036 
 2337 0354 616E6368 		.ascii	"anch revision 237715] -mcpu=cortex-m3 -mthumb -g -O"
 2337      20726576 
 2337      6973696F 
 2337      6E203233 
 2337      37373135 
 2338 0387 67202D66 		.ascii	"g -ffunction-sections -ffat-lto-objects\000"
 2338      66756E63 
 2338      74696F6E 
 2338      2D736563 
 2338      74696F6E 
 2339              	.LASF63:
 2340 03af 43794465 		.ascii	"CyDelay\000"
 2340      6C617900 
 2341              	.LASF46:
 2342 03b7 54696D65 		.ascii	"TimeoutISR_StartEx\000"
 2342      6F757449 
 2342      53525F53 
 2342      74617274 
 2342      457800
 2343              	.LASF26:
 2344 03ca 64697374 		.ascii	"distance_int\000"
 2344      616E6365 
 2344      5F696E74 
 2344      00
 2345              	.LASF37:
 2346 03d7 74696D65 		.ascii	"timeout\000"
 2346      6F757400 
 2347              	.LASF50:
 2348 03df 54696D65 		.ascii	"Timer_ReadPeriod\000"
 2348      725F5265 
 2348      61645065 
ARM GAS  C:\Users\lab512\AppData\Local\Temp\ccjulpDP.s 			page 49


 2348      72696F64 
 2348      00
 2349              		.ident	"GCC: (GNU Tools for ARM Embedded Processors) 5.4.1 20160609 (release) [ARM/embedded-5-bran
